2019-08-07 00:00:03{"name":"莫丽娜","account":"15277879061"}
2019-08-07 00:00:08[]
2019-08-07 00:00:08##
2019-08-07 00:00:35[]
2019-08-07 00:00:35##
2019-08-07 00:00:36[]
2019-08-07 00:00:36##
2019-08-07 00:00:41{"type":"use"}
2019-08-07 00:00:48[]
2019-08-07 00:00:48##
2019-08-07 00:01:13{"p":"1","size":"30","keywords":""}
2019-08-07 00:01:32[]
2019-08-07 00:01:32##
2019-08-07 00:01:37{"p":"1","size":"30","keywords":""}
2019-08-07 00:01:45[]
2019-08-07 00:01:45##
2019-08-07 00:01:47[]
2019-08-07 00:01:47##
2019-08-07 00:01:47[]
2019-08-07 00:01:47##
2019-08-07 00:01:50[]
2019-08-07 00:01:50##
2019-08-07 00:01:51[]
2019-08-07 00:01:51##
2019-08-07 00:06:05[]
2019-08-07 00:06:05##
2019-08-07 00:06:05[]
2019-08-07 00:06:05##
2019-08-07 00:06:08[]
2019-08-07 00:06:08##
2019-08-07 00:06:27{"name":"吴彦华","account":"13537655914"}
2019-08-07 00:06:31[]
2019-08-07 00:06:31##
2019-08-07 00:09:54[]
2019-08-07 00:09:54##
2019-08-07 00:10:07[]
2019-08-07 00:10:07##
2019-08-07 00:10:45[]
2019-08-07 00:10:45##
2019-08-07 00:10:50[]
2019-08-07 00:10:50##
2019-08-07 00:11:02[]
2019-08-07 00:11:02##
2019-08-07 00:11:23{"type":"use","pass":"444740","account":"13537655914"}
2019-08-07 00:11:26[]
2019-08-07 00:11:26##
2019-08-07 00:11:36[]
2019-08-07 00:11:36##
2019-08-07 00:11:36[]
2019-08-07 00:11:36##
2019-08-07 00:11:37[]
2019-08-07 00:11:37##
2019-08-07 00:11:37[]
2019-08-07 00:11:37##
2019-08-07 00:11:43[]
2019-08-07 00:11:43##
2019-08-07 00:11:43[]
2019-08-07 00:11:43##
2019-08-07 00:11:47{"type":"use"}
2019-08-07 00:11:48[]
2019-08-07 00:11:48##
2019-08-07 00:12:08[]
2019-08-07 00:12:08##
2019-08-07 00:12:09[]
2019-08-07 00:12:09##
2019-08-07 00:12:10[]
2019-08-07 00:12:10##
2019-08-07 00:12:26{"name":"泽娇","account":"13714236100"}
2019-08-07 00:12:32[]
2019-08-07 00:12:32##
2019-08-07 00:12:33[]
2019-08-07 00:12:33##
2019-08-07 00:12:42[]
2019-08-07 00:12:42##
2019-08-07 00:12:43[]
2019-08-07 00:12:43##
2019-08-07 00:12:44[]
2019-08-07 00:12:44##
2019-08-07 00:12:47[]
2019-08-07 00:12:47##
2019-08-07 00:12:47[]
2019-08-07 00:12:47##
2019-08-07 00:12:49{"name":"张小红","account":"15673681694"}
2019-08-07 00:12:56[]
2019-08-07 00:12:56##
2019-08-07 00:13:05{"name":"晓珊","account":"13723708105"}
2019-08-07 00:13:11[]
2019-08-07 00:13:11##
2019-08-07 00:13:11[]
2019-08-07 00:13:11##
2019-08-07 00:13:13[]
2019-08-07 00:13:13##
2019-08-07 00:13:13[]
2019-08-07 00:13:13##
2019-08-07 00:13:24{"type":"use","account":"13714236100"}
2019-08-07 00:13:52{"type":"use","account":"13714236100"}
2019-08-07 00:14:53[]
2019-08-07 00:14:53##
2019-08-07 00:15:05{"type":"use","pass":"115627","account":"13714236100"}
2019-08-07 00:15:12[]
2019-08-07 00:15:12##
2019-08-07 00:15:25{"type":"use","pass":"115627","account":"13714236100"}
2019-08-07 00:17:01[]
2019-08-07 00:17:01##
2019-08-07 00:17:15[]
2019-08-07 00:17:15##
2019-08-07 00:17:16[]
2019-08-07 00:17:16##
2019-08-07 00:17:26[]
2019-08-07 00:17:26##
2019-08-07 00:17:38{"type":"use","pass":"115627","account":"13714236100"}
2019-08-07 00:17:53{"type":"use","pass":"115627","account":"13714236100"}
2019-08-07 00:18:25[]
2019-08-07 00:18:25##
2019-08-07 00:18:26[]
2019-08-07 00:18:26##
2019-08-07 00:18:43{"name":"张泽娇","account":"13714236100"}
2019-08-07 00:18:49[]
2019-08-07 00:18:49##
2019-08-07 00:18:59[]
2019-08-07 00:18:59##
2019-08-07 00:20:13[]
2019-08-07 00:20:13##
2019-08-07 00:20:29{"type":"use","pass":"998947","account":"15125585358"}
2019-08-07 00:20:34[]
2019-08-07 00:20:34##
2019-08-07 00:20:41[]
2019-08-07 00:20:41##
2019-08-07 00:20:49[]
2019-08-07 00:20:49##
2019-08-07 00:20:54[]
2019-08-07 00:20:54##
2019-08-07 00:20:55[]
2019-08-07 00:20:55##
2019-08-07 00:20:55[]
2019-08-07 00:20:55##
2019-08-07 00:20:56[]
2019-08-07 00:20:56##
2019-08-07 00:21:06[]
2019-08-07 00:21:06##
2019-08-07 00:21:07[]
2019-08-07 00:21:07##
2019-08-07 00:21:13[]
2019-08-07 00:21:13##
2019-08-07 00:21:13[]
2019-08-07 00:21:13##
2019-08-07 00:21:35[]
2019-08-07 00:21:35##
2019-08-07 00:21:36[]
2019-08-07 00:21:36##
2019-08-07 00:21:48{"name":"陈爱华","account":"13760152995"}
2019-08-07 00:21:55[]
2019-08-07 00:21:55##
2019-08-07 00:21:55[]
2019-08-07 00:21:55##
2019-08-07 00:22:27[]
2019-08-07 00:22:27##
2019-08-07 00:22:28[]
2019-08-07 00:22:28##
2019-08-07 00:22:33{"type":"use"}
2019-08-07 00:22:35[]
2019-08-07 00:22:35##
2019-08-07 00:23:08[]
2019-08-07 00:23:08##
2019-08-07 00:23:09[]
2019-08-07 00:23:09##
2019-08-07 00:23:13[]
2019-08-07 00:23:13##
2019-08-07 00:23:13[]
2019-08-07 00:23:13##
2019-08-07 00:23:15[]
2019-08-07 00:23:15##
2019-08-07 00:23:15[]
2019-08-07 00:23:15##
2019-08-07 00:23:16[]
2019-08-07 00:23:16##
2019-08-07 00:23:16[]
2019-08-07 00:23:16##
2019-08-07 00:24:13[]
2019-08-07 00:24:13##
2019-08-07 00:24:14[]
2019-08-07 00:24:14##
2019-08-07 00:24:33[]
2019-08-07 00:24:33##
2019-08-07 00:24:34[]
2019-08-07 00:24:34##
2019-08-07 00:24:38{"p":"1","size":"30","keywords":""}
2019-08-07 00:24:39[]
2019-08-07 00:24:39##
2019-08-07 00:24:41[]
2019-08-07 00:24:41##
2019-08-07 00:24:49[]
2019-08-07 00:24:49##
2019-08-07 00:24:50[]
2019-08-07 00:24:50##
2019-08-07 00:24:57[]
2019-08-07 00:24:57##
2019-08-07 00:25:03{"name":"邬运珍","account":"13715275723"}
2019-08-07 00:25:06[]
2019-08-07 00:25:06##
2019-08-07 00:25:07[]
2019-08-07 00:25:07##
2019-08-07 00:25:07[]
2019-08-07 00:25:07##
2019-08-07 00:25:08[]
2019-08-07 00:25:08##
2019-08-07 00:25:10{"type":"use","pass":"998947","account":"15125585358"}
2019-08-07 00:25:12{"type":"use","pass":"998947","account":"15125585358"}
2019-08-07 00:25:14{"type":"use","pass":"998947","account":"15125585358"}
2019-08-07 00:25:18{"type":"use","pass":"998947","account":"15125585358"}
2019-08-07 00:25:20[]
2019-08-07 00:25:20##
2019-08-07 00:25:20{"type":"use","pass":"998947","account":"15125585358"}
2019-08-07 00:25:21[]
2019-08-07 00:25:21##
2019-08-07 00:25:23{"type":"use","pass":"998947","account":"15125585358"}
2019-08-07 00:25:23{"type":"use"}
2019-08-07 00:25:25[]
2019-08-07 00:25:25##
2019-08-07 00:25:27[]
2019-08-07 00:25:27##
2019-08-07 00:25:28[]
2019-08-07 00:25:28##
2019-08-07 00:26:23[]
2019-08-07 00:26:23##
2019-08-07 00:26:34{"type":"use","pass":"115627","account":"13714236100"}
2019-08-07 00:26:37{"type":"use","pass":"115627","account":"13714236100"}
2019-08-07 00:27:40[]
2019-08-07 00:27:40##
2019-08-07 00:30:14[]
2019-08-07 00:30:14##
2019-08-07 00:30:15[]
2019-08-07 00:30:15##
2019-08-07 00:30:17{"type":"use"}
2019-08-07 00:30:18[]
2019-08-07 00:30:18##
2019-08-07 00:31:29[]
2019-08-07 00:31:29##
2019-08-07 00:44:05[]
2019-08-07 00:44:05##
2019-08-07 00:44:06[]
2019-08-07 00:44:06##
2019-08-07 00:44:25{"name":"张泽娇","account":"13682755635"}
2019-08-07 00:44:29[]
2019-08-07 00:44:29##
2019-08-07 00:44:29[]
2019-08-07 00:44:29##
2019-08-07 00:44:53[]
2019-08-07 00:44:53##
2019-08-07 00:45:21{"type":"use","pass":"796030","account":"13682755635"}
2019-08-07 00:45:24[]
2019-08-07 00:45:24##
2019-08-07 01:04:01[]
2019-08-07 01:04:01##
2019-08-07 01:04:24[]
2019-08-07 01:04:24##
2019-08-07 01:04:36[]
2019-08-07 01:04:36##
2019-08-07 01:04:49{"type":"use","pass":"631718","account":"15134491166"}
2019-08-07 01:04:58[]
2019-08-07 01:04:58##
2019-08-07 01:05:14{"type":"use","pass":"631768","account":"15134491166"}
2019-08-07 01:05:17[]
2019-08-07 01:05:17##
2019-08-07 01:05:51{"name":"王鹤","account":"15604350222"}
2019-08-07 01:05:56[]
2019-08-07 01:05:56##
2019-08-07 01:05:57[]
2019-08-07 01:05:57##
2019-08-07 01:07:42[]
2019-08-07 01:07:42##
2019-08-07 01:07:42[]
2019-08-07 01:07:42##
2019-08-07 01:07:57{"name":"刘超群","account":"13555556221"}
2019-08-07 01:08:01[]
2019-08-07 01:08:01##
2019-08-07 01:09:22[]
2019-08-07 01:09:22##
2019-08-07 01:09:22[]
2019-08-07 01:09:22##
2019-08-07 01:09:37{"name":"宫霞","account":"15904634052"}
2019-08-07 01:09:40[]
2019-08-07 01:09:40##
2019-08-07 01:09:41[]
2019-08-07 01:09:41##
2019-08-07 01:10:23[]
2019-08-07 01:10:23##
2019-08-07 01:10:24[]
2019-08-07 01:10:24##
2019-08-07 01:10:41{"name":"再图尼姑丽","account":"18799504973"}
2019-08-07 01:10:47[]
2019-08-07 01:10:47##
2019-08-07 01:10:59[]
2019-08-07 01:10:59##
2019-08-07 01:10:59[]
2019-08-07 01:10:59##
2019-08-07 01:11:13{"name":"吴向华","account":"18791178143"}
2019-08-07 01:11:19[]
2019-08-07 01:11:19##
2019-08-07 01:11:20[]
2019-08-07 01:11:20##
2019-08-07 01:12:43[]
2019-08-07 01:12:43##
2019-08-07 01:12:44[]
2019-08-07 01:12:44##
2019-08-07 01:12:53{"name":"文文","account":"18622795163"}
2019-08-07 01:12:57[]
2019-08-07 01:12:57##
2019-08-07 01:12:57[]
2019-08-07 01:12:57##
2019-08-07 01:14:43[]
2019-08-07 01:14:43##
2019-08-07 01:14:43[]
2019-08-07 01:14:43##
2019-08-07 01:14:55{"name":"杨晓晓","account":"15829036313"}
2019-08-07 01:14:59[]
2019-08-07 01:14:59##
2019-08-07 01:14:59[]
2019-08-07 01:14:59##
2019-08-07 01:16:05[]
2019-08-07 01:16:05##
2019-08-07 01:16:06[]
2019-08-07 01:16:06##
2019-08-07 01:17:07[]
2019-08-07 01:17:07##
2019-08-07 01:17:07[]
2019-08-07 01:17:07##
2019-08-07 01:17:15{"name":"琪琪","account":"18844406565"}
2019-08-07 01:17:20[]
2019-08-07 01:17:20##
2019-08-07 01:18:41[]
2019-08-07 01:18:41##
2019-08-07 01:18:42[]
2019-08-07 01:18:42##
2019-08-07 01:18:51{"name":"张丹丹","account":"18845948822"}
2019-08-07 01:18:54[]
2019-08-07 01:18:54##
2019-08-07 01:18:55[]
2019-08-07 01:18:55##
2019-08-07 01:33:16[]
2019-08-07 01:33:16##
2019-08-07 01:33:30[]
2019-08-07 01:33:30##
2019-08-07 01:33:52{"type":"use","pass":"356914","account":"18622795163"}
2019-08-07 01:33:55[]
2019-08-07 01:33:55##
2019-08-07 01:34:22[]
2019-08-07 01:34:22##
2019-08-07 01:34:47[]
2019-08-07 01:34:47##
2019-08-07 01:34:47[]
2019-08-07 01:34:47##
2019-08-07 01:41:16[]
2019-08-07 01:41:16##
2019-08-07 01:48:00[]
2019-08-07 01:48:00##
2019-08-07 01:48:01[]
2019-08-07 01:48:01##
2019-08-07 01:48:06{"p":"1","size":"30","keywords":""}
2019-08-07 01:48:15[]
2019-08-07 01:48:15##
2019-08-07 01:48:18[]
2019-08-07 01:48:18##
2019-08-07 01:48:38[]
2019-08-07 01:48:38##
2019-08-07 01:48:42[]
2019-08-07 01:48:42##
2019-08-07 01:48:43[]
2019-08-07 01:48:43##
2019-08-07 01:48:44[]
2019-08-07 01:48:44##
2019-08-07 02:20:42[]
2019-08-07 02:20:42##
2019-08-07 02:20:53{"type":"use","pass":"161826","account":"18318036991"}
2019-08-07 02:20:57[]
2019-08-07 02:20:57##
2019-08-07 02:21:41{"type":"use"}
2019-08-07 02:21:43[]
2019-08-07 02:21:43##
2019-08-07 02:22:00{"p":"1","size":"15"}
2019-08-07 02:22:02[]
2019-08-07 02:22:02##
2019-08-07 02:22:03[]
2019-08-07 02:22:03##
2019-08-07 02:42:10[]
2019-08-07 02:42:10##
2019-08-07 02:42:21{"type":"use","pass":"272005","account":"18731311999"}
2019-08-07 02:42:25[]
2019-08-07 02:42:25##
2019-08-07 02:42:39[]
2019-08-07 02:42:39##
2019-08-07 02:42:57[]
2019-08-07 02:42:57##
2019-08-07 02:43:10[]
2019-08-07 02:43:10##
2019-08-07 02:43:11[]
2019-08-07 02:43:11##
2019-08-07 02:43:12[]
2019-08-07 02:43:12##
2019-08-07 02:43:12[]
2019-08-07 02:43:12##
2019-08-07 02:43:22[]
2019-08-07 02:43:22##
2019-08-07 02:43:22[]
2019-08-07 02:43:22##
2019-08-07 02:43:29[]
2019-08-07 02:43:29##
2019-08-07 02:43:30[]
2019-08-07 02:43:30##
2019-08-07 02:43:32[]
2019-08-07 02:43:32##
2019-08-07 02:43:32[]
2019-08-07 02:43:32##
2019-08-07 02:43:33[]
2019-08-07 02:43:33##
2019-08-07 02:43:34[]
2019-08-07 02:43:34##
2019-08-07 02:43:35[]
2019-08-07 02:43:35##
2019-08-07 02:43:41{"type":"use"}
2019-08-07 02:43:43[]
2019-08-07 02:43:43##
2019-08-07 02:43:44[]
2019-08-07 02:43:44##
2019-08-07 02:43:44[]
2019-08-07 02:43:44##
2019-08-07 02:45:59[]
2019-08-07 02:45:59##
2019-08-07 02:46:00[]
2019-08-07 02:46:00##
2019-08-07 02:46:00[]
2019-08-07 02:46:00##
2019-08-07 02:46:01[]
2019-08-07 02:46:01##
2019-08-07 03:07:34[]
2019-08-07 03:07:34##
2019-08-07 03:08:40[]
2019-08-07 03:08:40##
2019-08-07 03:08:58{"type":"use","account":"13662250971"}
2019-08-07 03:09:04[]
2019-08-07 03:09:04##
2019-08-07 03:09:51{"name":"伊利扎提","account":"16609085787"}
2019-08-07 03:10:27[]
2019-08-07 03:10:27##
2019-08-07 03:10:59[]
2019-08-07 03:10:59##
2019-08-07 03:11:07{"type":"use","account":"13662250971"}
2019-08-07 03:11:10{"type":"use","pass":"167401","account":"16609085787"}
2019-08-07 03:11:13[]
2019-08-07 03:11:13##
2019-08-07 03:11:14[]
2019-08-07 03:11:14##
2019-08-07 03:11:22{"type":"use"}
2019-08-07 03:11:25[]
2019-08-07 03:11:25##
2019-08-07 03:11:26{"type":"use"}
2019-08-07 03:11:39{"type":"use","oldPass":"163401","newPass":"020616"}
2019-08-07 03:11:43{"type":"use"}
2019-08-07 03:11:44[]
2019-08-07 03:11:44##
2019-08-07 03:11:44[]
2019-08-07 03:11:44##
2019-08-07 03:11:46{"type":"use"}
2019-08-07 03:11:55{"type":"use"}
2019-08-07 03:11:55[]
2019-08-07 03:11:55##
2019-08-07 03:11:56{"type":"use"}
2019-08-07 03:11:57[]
2019-08-07 03:11:57##
2019-08-07 03:11:58[]
2019-08-07 03:11:58##
2019-08-07 03:11:58[]
2019-08-07 03:11:58##
2019-08-07 03:11:59[]
2019-08-07 03:11:59##
2019-08-07 03:12:00[]
2019-08-07 03:12:00##
2019-08-07 03:12:07[]
2019-08-07 03:12:07##
2019-08-07 03:12:08[]
2019-08-07 03:12:08##
2019-08-07 03:12:09{"type":"use"}
2019-08-07 03:12:27{"type":"use","oldPass":"167401","newPass":"20020616"}
2019-08-07 03:12:30{"type":"use"}
2019-08-07 03:12:33[]
2019-08-07 03:12:33##
2019-08-07 03:12:35{"p":"1","size":"30","keywords":""}
2019-08-07 03:12:46{"type":"use"}
2019-08-07 03:12:47[]
2019-08-07 03:12:47##
2019-08-07 03:12:49[]
2019-08-07 03:12:49##
2019-08-07 03:13:18[]
2019-08-07 03:13:18##
2019-08-07 03:13:19{"type":"use"}
2019-08-07 03:14:47[]
2019-08-07 03:14:47##
2019-08-07 03:14:47[]
2019-08-07 03:14:47##
2019-08-07 03:15:00{"name":"陈素敏","account":"13662250971"}
2019-08-07 03:15:04[]
2019-08-07 03:15:04##
2019-08-07 03:15:05[]
2019-08-07 03:15:05##
2019-08-07 03:15:37[]
2019-08-07 03:15:37##
2019-08-07 03:16:03{"type":"use","pass":"115561","account":"13662250971"}
2019-08-07 03:16:07[]
2019-08-07 03:16:07##
2019-08-07 03:16:46[]
2019-08-07 03:16:46##
2019-08-07 03:17:55{"text":"广东省深圳市龙岗区布吉街道吉信大厦13号吉福阁13662250971陈小敏"}
2019-08-07 03:17:55{"mobile":"13662250971","name":"陈小敏"}
2019-08-07 03:18:01{"mobile":"13662250971","name":"陈小敏"}
2019-08-07 03:18:13[]
2019-08-07 03:18:13##
2019-08-07 03:18:14{"city":"广东省 深圳市 龙岗区","num":"36","addr":"布吉街道吉信大厦13号吉福阁","mobile":"13662250971","name":"陈小敏"}
2019-08-07 03:18:20[]
2019-08-07 03:18:20##
2019-08-07 03:18:29{"text":"广东省深圳市龙岗区布吉街道吉信大厦13号吉福阁13662250971陈小敏"}
2019-08-07 03:18:30{"mobile":"13662250971","name":"陈小敏"}
2019-08-07 03:18:39{"mobile":"13662250971","name":"陈小敏"}
2019-08-07 03:18:43[]
2019-08-07 03:18:43##
2019-08-07 03:18:47[]
2019-08-07 03:18:47##
2019-08-07 03:18:47[]
2019-08-07 03:18:47##
2019-08-07 03:18:49{"type":"use"}
2019-08-07 03:18:52[]
2019-08-07 03:18:52##
2019-08-07 03:18:55[]
2019-08-07 03:18:55##
2019-08-07 03:19:19{"text":" 广东省深圳市龙岗区布吉街道吉信大厦13号吉福阁13662250971陈小敏"}
2019-08-07 03:19:20{"mobile":"13662250971","name":"陈小敏"}
2019-08-07 03:19:23{"mobile":"13662250971","name":"陈小敏"}
2019-08-07 03:19:27{"city":"广东省 深圳市 龙岗区","num":"39","addr":"布吉街道吉信大厦13号吉福阁","mobile":"13662250971","name":"陈小敏"}
2019-08-07 03:19:30[]
2019-08-07 03:19:30##
2019-08-07 03:19:32[]
2019-08-07 03:19:32##
2019-08-07 03:19:46[]
2019-08-07 03:19:46##
2019-08-07 05:05:25[]
2019-08-07 05:05:25##
2019-08-07 05:05:34[]
2019-08-07 05:05:34##
2019-08-07 05:05:45{"type":"use","pass":"785699","account":"15604350222"}
2019-08-07 05:05:48[]
2019-08-07 05:05:48##
2019-08-07 05:06:15[]
2019-08-07 05:06:15##
2019-08-07 05:06:16[]
2019-08-07 05:06:16##
2019-08-07 05:49:46[]
2019-08-07 05:49:46##
2019-08-07 05:49:47[]
2019-08-07 05:49:47##
2019-08-07 05:50:25{"name":"徐郧珍","account":"17772993536"}
2019-08-07 05:50:37[]
2019-08-07 05:50:37##
2019-08-07 05:50:38[]
2019-08-07 05:50:38##
2019-08-07 05:50:39[]
2019-08-07 05:50:39##
2019-08-07 05:50:44[]
2019-08-07 05:50:44##
2019-08-07 05:50:45[]
2019-08-07 05:50:45##
2019-08-07 05:51:38[]
2019-08-07 05:51:38##
2019-08-07 05:51:39[]
2019-08-07 05:51:39##
2019-08-07 05:51:44[]
2019-08-07 05:51:44##
2019-08-07 05:51:45[]
2019-08-07 05:51:45##
2019-08-07 05:51:46[]
2019-08-07 05:51:46##
2019-08-07 06:02:48[]
2019-08-07 06:02:48##
2019-08-07 06:03:27{"type":"use","pass":"539319","account":"18076455546"}
2019-08-07 06:03:39[]
2019-08-07 06:03:39##
2019-08-07 06:04:15[]
2019-08-07 06:04:15##
2019-08-07 06:04:16[]
2019-08-07 06:04:16##
2019-08-07 06:04:16[]
2019-08-07 06:04:16##
2019-08-07 06:04:17[]
2019-08-07 06:04:17##
2019-08-07 06:04:18{"type":"use"}
2019-08-07 06:04:21[]
2019-08-07 06:04:21##
2019-08-07 06:04:22[]
2019-08-07 06:04:22##
2019-08-07 06:04:23[]
2019-08-07 06:04:23##
2019-08-07 06:08:35[]
2019-08-07 06:08:35##
2019-08-07 06:37:34[]
2019-08-07 06:37:34##
2019-08-07 06:38:31[]
2019-08-07 06:38:31##
2019-08-07 06:39:36{"type":"use","pass":"598658","account":"15991488853"}
2019-08-07 06:39:40[]
2019-08-07 06:39:40##
2019-08-07 06:40:05[]
2019-08-07 06:40:05##
2019-08-07 06:40:11[]
2019-08-07 06:40:11##
2019-08-07 06:40:16[]
2019-08-07 06:40:16##
2019-08-07 06:40:16[]
2019-08-07 06:40:16##
2019-08-07 06:43:36[]
2019-08-07 06:43:36##
2019-08-07 07:01:53[]
2019-08-07 07:01:53##
2019-08-07 07:02:12{"type":"use","pass":"291433","account":"18791178143"}
2019-08-07 07:02:16[]
2019-08-07 07:02:16##
2019-08-07 07:02:27[]
2019-08-07 07:02:27##
2019-08-07 07:02:58[]
2019-08-07 07:02:58##
2019-08-07 07:03:05[]
2019-08-07 07:03:05##
2019-08-07 07:03:05[]
2019-08-07 07:03:05##
2019-08-07 07:03:06[]
2019-08-07 07:03:06##
2019-08-07 07:03:06[]
2019-08-07 07:03:06##
2019-08-07 07:03:07[]
2019-08-07 07:03:07##
2019-08-07 07:03:12[]
2019-08-07 07:03:12##
2019-08-07 07:03:12[]
2019-08-07 07:03:12##
2019-08-07 07:03:14[]
2019-08-07 07:03:14##
2019-08-07 07:03:14[]
2019-08-07 07:03:14##
2019-08-07 07:12:47[]
2019-08-07 07:12:47##
2019-08-07 07:13:00[]
2019-08-07 07:13:00##
2019-08-07 07:13:13{"type":"use","pass":"180357","account":"18295733962"}
2019-08-07 07:13:17[]
2019-08-07 07:13:17##
2019-08-07 07:14:00[]
2019-08-07 07:14:00##
2019-08-07 07:14:16[]
2019-08-07 07:14:16##
2019-08-07 07:14:18[]
2019-08-07 07:14:18##
2019-08-07 07:14:19[]
2019-08-07 07:14:19##
2019-08-07 07:14:20[]
2019-08-07 07:14:20##
2019-08-07 07:14:20[]
2019-08-07 07:14:20##
2019-08-07 07:14:21[]
2019-08-07 07:14:21##
2019-08-07 07:14:22[]
2019-08-07 07:14:22##
2019-08-07 07:31:01[]
2019-08-07 07:31:01##
2019-08-07 07:34:30[]
2019-08-07 07:34:30##
2019-08-07 07:40:47[]
2019-08-07 07:40:47##
2019-08-07 07:47:48[]
2019-08-07 07:47:48##
2019-08-07 07:47:54[]
2019-08-07 07:47:54##
2019-08-07 07:47:54[]
2019-08-07 07:47:54##
2019-08-07 07:48:17{"name":"张莉","account":"13875363504"}
2019-08-07 08:15:56[]
2019-08-07 08:15:56##
2019-08-07 08:15:56[]
2019-08-07 08:15:56##
2019-08-07 08:17:25[]
2019-08-07 08:17:25##
2019-08-07 08:17:26[]
2019-08-07 08:17:26##
2019-08-07 08:17:43{"type":"use"}
2019-08-07 08:19:17{"type":"use","oldPass":"170505","newPass":"yan1981"}
2019-08-07 08:19:28{"type":"use","oldPass":"170505","newPass":"yan1981"}
2019-08-07 08:19:53{"type":"use","oldPass":"yan1981","newPass":"yan1981"}
2019-08-07 08:19:57{"type":"use"}
2019-08-07 08:20:04{"type":"use"}
2019-08-07 08:20:07[]
2019-08-07 08:20:07##
2019-08-07 08:34:21[]
2019-08-07 08:34:21##
2019-08-07 08:34:21[]
2019-08-07 08:34:21##
2019-08-07 08:34:40[]
2019-08-07 08:34:40##
2019-08-07 08:34:40[]
2019-08-07 08:34:40##
2019-08-07 08:34:52[]
2019-08-07 08:34:52##
2019-08-07 08:34:53[]
2019-08-07 08:34:53##
2019-08-07 08:34:53[]
2019-08-07 08:34:53##
2019-08-07 08:35:07{"type":"use","pass":"761490","account":"13875363504"}
2019-08-07 08:35:13[]
2019-08-07 08:35:13##
2019-08-07 08:35:28[]
2019-08-07 08:35:28##
2019-08-07 08:35:34[]
2019-08-07 08:35:34##
2019-08-07 08:35:36[]
2019-08-07 08:35:36##
2019-08-07 08:35:37[]
2019-08-07 08:35:37##
2019-08-07 08:35:37[]
2019-08-07 08:35:37##
2019-08-07 08:38:16[]
2019-08-07 08:38:16##
2019-08-07 08:38:20[]
2019-08-07 08:38:20##
2019-08-07 08:38:32{"type":"use","pass":"714419","account":"13605534452"}
2019-08-07 08:38:36[]
2019-08-07 08:38:36##
2019-08-07 08:39:10[]
2019-08-07 08:39:10##
2019-08-07 08:39:57[]
2019-08-07 08:39:57##
2019-08-07 08:39:57[]
2019-08-07 08:39:57##
2019-08-07 08:40:25{"name":"赵公兰","account":"15353353585"}
2019-08-07 08:40:30[]
2019-08-07 08:40:30##
2019-08-07 08:40:31[]
2019-08-07 08:40:31##
2019-08-07 08:50:37[]
2019-08-07 08:50:37##
2019-08-07 14:22:59[]
2019-08-07 14:22:59##
2019-08-07 14:23:18{"type":"use","pass":"460374","account":"13715866652"}
2019-08-07 14:23:43{"type":"use","pass":"767158","account":"15073857862"}
2019-08-07 14:23:46[]
2019-08-07 14:23:46##
2019-08-07 14:23:52[]
2019-08-07 14:23:52##
2019-08-07 14:24:20{"text":"广东省广州市天河区 张三 17364763847"}
2019-08-07 14:24:29{"mobile":"17364763847","name":"张三"}
2019-08-07 14:24:35{"mobile":"17364763847","name":"张三"}
2019-08-07 14:24:36{"city":"广东省 广州市 天河区","num":"36","addr":"张三","mobile":"17364763847","name":"张三","remark":"这是一个备注"}
2019-08-07 14:24:39[]
2019-08-07 14:24:39##
2019-08-07 14:25:44{"type":"use"}
2019-08-07 14:25:44{"type":"use"}
2019-08-07 14:25:47[]
2019-08-07 14:25:47##
2019-08-07 14:25:57{"type":"use","pass":"198972","account":"18890161672"}
2019-08-07 14:26:00[]
2019-08-07 14:26:00##
2019-08-07 14:26:03{"p":"1","size":"30","keywords":""}
2019-08-07 14:26:19{"id":"11509","p":"1","size":"15","status":"2"}
2019-08-07 14:26:42{"p":"1","size":"30","keywords":""}
2019-08-07 14:27:04{"id":"11474","p":"1","size":"15","status":"0"}
2019-08-07 14:27:06{"id":"11474","p":"1","size":"15","status":"1"}
2019-08-07 14:27:07{"id":"11474","p":"1","size":"15","status":"1"}
2019-08-07 14:27:08{"id":"11474","p":"1","size":"15","status":"2"}
2019-08-07 14:27:08{"id":"11474","p":"1","size":"15","status":"2"}
2019-08-07 14:27:09{"id":"11474","p":"1","size":"15","status":"2"}
2019-08-07 14:27:10{"id":"11474","p":"1","size":"15","status":"0"}
2019-08-07 14:27:12[]
2019-08-07 14:27:12##
2019-08-07 14:27:21{"type":"use"}
2019-08-07 14:27:21{"type":"use"}
2019-08-07 14:27:25[]
2019-08-07 14:27:25##
2019-08-07 14:27:33{"type":"use","pass":"767158","account":"15073857862"}
2019-08-07 14:27:36[]
2019-08-07 14:27:36##
2019-08-07 14:27:38{"p":"1","size":"30"}
2019-08-07 14:27:40[]
2019-08-07 14:27:40##
2019-08-07 14:27:41{"p":"1","size":"30","keywords":""}
2019-08-07 14:27:44{"ids":"11474"}
2019-08-07 14:27:48{"p":"1","size":"30","keywords":""}
2019-08-07 14:27:53{"type":"use"}
2019-08-07 14:27:53{"type":"use"}
2019-08-07 14:27:56[]
2019-08-07 14:27:56##
2019-08-07 14:28:14{"type":"use","pass":"198972","account":"18890161672"}
2019-08-07 14:28:18[]
2019-08-07 14:28:18##
2019-08-07 14:28:22{"p":"1","size":"30","keywords":""}
2019-08-07 14:28:27{"ids":"11474"}
2019-08-07 14:28:30{"p":"1","size":"30","keywords":""}
2019-08-07 14:28:52{"type":"use"}
2019-08-07 14:28:52{"type":"use"}
2019-08-07 14:28:55[]
2019-08-07 14:28:55##
2019-08-07 14:29:08{"type":"use","pass":"353910","account":"13888888888"}
2019-08-07 14:29:14[]
2019-08-07 14:29:14##
2019-08-07 14:31:14{"p":"1","size":"30","keywords":""}
2019-08-07 14:31:18{"id":"11471","p":"1","size":"15","status":"0"}
2019-08-07 14:31:20{"p":"1","size":"30","keywords":""}
2019-08-07 14:31:22{"id":"11473","p":"1","size":"15","status":"0"}
2019-08-07 14:31:27{"ids":"286598"}
2019-08-07 14:31:28{"ids":"286598","id":"11473"}
2019-08-07 14:31:31{"id":"11473","p":"1","size":"15","status":"0"}
2019-08-07 14:31:49[]
2019-08-07 14:31:49##
2019-08-07 14:33:22{"account":"13800000000","password":"52fab9ff83ff3898e1db263a713bd366"}
2019-08-07 14:33:22[]
2019-08-07 14:33:22##
2019-08-07 14:33:28{"p":1,"size":15,"name":"","account":""}
2019-08-07 14:33:30{"p":1,"size":15,"type":1,"stime":"","etime":"","city":"","agent_name":"","oem_name":""}
2019-08-07 14:33:39{"sTime":"0","eTime0":"","city":"0","agent_name":"0","oem_name":"0","type":"1"}
2019-08-07 14:34:59{"sTime":"0","eTime0":"","city":"0","agent_name":"0","oem_name":"0","type":"1"}
2019-08-07 14:46:39[]
2019-08-07 14:46:39##
2019-08-07 14:46:41[]
2019-08-07 14:46:41##
