2019-07-19 00:08:28{"id":"11466","p":"1","size":"15","status":"0"}
2019-07-19 00:08:30[]
2019-07-19 00:08:30##
2019-07-19 00:08:31{"type":"use"}
2019-07-19 00:08:31{"type":"use"}
2019-07-19 00:08:35[]
2019-07-19 00:08:35##
2019-07-19 00:08:48{"type":"use","account":"13719788774"}
2019-07-19 00:09:34{"type":"use","account":"13719788774"}
2019-07-19 00:10:08{"type":"use","account":"13719788774"}
2019-07-19 00:11:48{"type":"use","account":"13719788774"}
2019-07-19 00:35:38{"type":"use","account":"13719788774"}
2019-07-19 00:36:04{"type":"use","account":"13719788774"}
2019-07-19 00:36:09{"type":"use","account":"13719788774"}
2019-07-19 00:37:09{"type":"use","account":"13719788774"}
2019-07-19 00:37:58{"type":"use","account":"13719788774"}
2019-07-19 09:19:21[]
2019-07-19 09:19:21##
2019-07-19 09:19:43{"type":"use","account":"13430368907"}
2019-07-19 09:21:12[]
2019-07-19 09:21:12##
2019-07-19 09:21:21{"type":"use","account":"13430368907"}
2019-07-19 09:28:09{"type":"use","account":"13888888888"}
2019-07-19 09:33:27{"account":"13800000000","password":"52fab9ff83ff3898e1db263a713bd366"}
2019-07-19 09:33:27[]
2019-07-19 09:33:27##
2019-07-19 09:34:12{"type":"use","account":"13430368907"}
2019-07-19 09:35:34[]
2019-07-19 09:35:34##
2019-07-19 09:35:46[]
2019-07-19 09:35:46##
2019-07-19 09:35:50[]
2019-07-19 09:35:50##
2019-07-19 09:36:21{"type":"use","pass":"353910","account":"13888888888"}
2019-07-19 09:36:24[]
2019-07-19 09:36:24##
2019-07-19 09:36:32{"p":"1","size":"30","keywords":""}
2019-07-19 09:36:43[]
2019-07-19 09:36:43##
2019-07-19 09:36:51{"p":"1","size":"30","keywords":""}
2019-07-19 09:36:58{"ids":"11466"}
2019-07-19 09:37:02{"p":"1","size":"30","keywords":""}
2019-07-19 09:37:03[]
2019-07-19 09:37:03##
2019-07-19 09:38:38[]
2019-07-19 09:38:38##
2019-07-19 09:39:51{"account":"13800000000","password":"52fab9ff83ff3898e1db263a713bd366"}
2019-07-19 09:39:53{"account":"13800000000","password":"52fab9ff83ff3898e1db263a713bd366"}
2019-07-19 09:39:53[]
2019-07-19 09:39:53##
2019-07-19 09:40:51[]
2019-07-19 09:40:51##
2019-07-19 09:40:55[]
2019-07-19 09:40:55##
2019-07-19 09:40:57{"type":"use"}
2019-07-19 09:41:02[]
2019-07-19 09:41:02##
2019-07-19 09:41:18[]
2019-07-19 09:41:18##
2019-07-19 09:49:03[]
2019-07-19 09:49:03##
2019-07-19 09:49:22{"type":"use","pass":"353910","account":"13888888888"}
2019-07-19 09:49:25[]
2019-07-19 09:49:25##
2019-07-19 09:49:47{"type":"use"}
2019-07-19 09:49:51[]
2019-07-19 09:49:51##
2019-07-19 09:59:25[]
2019-07-19 09:59:25##
2019-07-19 10:00:44[]
2019-07-19 10:00:44##
2019-07-19 10:01:05[]
2019-07-19 10:01:05##
2019-07-19 10:01:17[]
2019-07-19 10:01:17##
2019-07-19 10:01:43[]
2019-07-19 10:01:43##
2019-07-19 10:01:44[]
2019-07-19 10:01:44##
2019-07-19 10:02:18[]
2019-07-19 10:02:18##
2019-07-19 10:02:30[]
2019-07-19 10:02:30##
2019-07-19 10:02:49[]
2019-07-19 10:02:49##
2019-07-19 10:03:51{"type":"use","pass":"353910","account":"13888888888"}
2019-07-19 10:03:54[]
2019-07-19 10:03:54##
2019-07-19 10:08:54{"name":"张三","account":"13715866652"}
2019-07-19 10:10:06[]
2019-07-19 10:10:06##
2019-07-19 10:10:07[]
2019-07-19 10:10:07##
2019-07-19 10:23:49{"account":"13800000000","password":"52fab9ff83ff3898e1db263a713bd366"}
2019-07-19 10:23:51[]
2019-07-19 10:23:51##
2019-07-19 10:24:03{"p":1,"size":15,"type":1,"stime":"","etime":"","city":"","agent_name":"","oem_name":""}
2019-07-19 10:24:06{"sTime":"0","eTime0":"","city":"0","agent_name":"0","oem_name":"0","type":"1"}
2019-07-19 10:24:23{"p":1,"size":15,"type":2,"stime":1563502934,"etime":1563502934,"city":"","agent_name":"","oem_name":""}
2019-07-19 10:24:29[]
2019-07-19 10:24:29##
2019-07-19 10:24:32{"p":1,"size":15,"name":"","account":""}
2019-07-19 10:36:43[]
2019-07-19 10:36:43##
2019-07-19 10:36:50[]
2019-07-19 10:36:50##
2019-07-19 10:53:21{"account":"13800000000","password":"52fab9ff83ff3898e1db263a713bd366"}
2019-07-19 10:53:22[]
2019-07-19 10:53:22##
2019-07-19 10:53:37{"p":1,"size":15,"type":1,"stime":"","etime":"","city":"","agent_name":"","oem_name":""}
2019-07-19 10:53:49{"p":1,"size":15,"type":1,"stime":1563504708,"etime":1563504708,"city":"","agent_name":"","oem_name":""}
2019-07-19 10:53:55{"p":1,"size":15,"type":1,"stime":1563418260,"etime":1563504708,"city":"","agent_name":"","oem_name":""}
2019-07-19 10:54:20[]
2019-07-19 10:54:20##
2019-07-19 10:54:24{"p":1,"size":15,"name":"","account":""}
2019-07-19 10:56:51[]
2019-07-19 10:56:51##
2019-07-19 10:56:52[]
2019-07-19 10:56:52##
2019-07-19 10:56:54[]
2019-07-19 10:56:54##
2019-07-19 10:57:07[]
2019-07-19 10:57:07##
2019-07-19 10:57:14{"type":"use","pass":"353910","account":"13888888888"}
2019-07-19 10:57:17[]
2019-07-19 10:57:17##
2019-07-19 10:57:20{"type":"use"}
2019-07-19 10:57:22[]
2019-07-19 10:57:22##
2019-07-19 12:08:46[]
2019-07-19 12:08:46##
2019-07-19 12:09:19{"type":"use","pass":"353910","account":"13888888888"}
2019-07-19 12:09:23[]
2019-07-19 12:09:23##
2019-07-19 12:09:38{"p":"1","size":"30"}
2019-07-19 12:09:41[]
2019-07-19 12:09:41##
2019-07-19 12:09:42{"p":"1","size":"15"}
2019-07-19 12:09:50[]
2019-07-19 12:09:50##
2019-07-19 14:16:13[]
2019-07-19 14:16:13##
2019-07-19 14:16:16{"type":"use"}
2019-07-19 14:16:16{"type":"use"}
2019-07-19 14:16:20[]
2019-07-19 14:16:20##
2019-07-19 14:17:05[]
2019-07-19 14:17:05##
2019-07-19 14:17:11[]
2019-07-19 14:17:11##
2019-07-19 14:17:20[]
2019-07-19 14:17:20##
2019-07-19 14:17:22{"type":"use"}
2019-07-19 14:17:25{"type":"use"}
2019-07-19 14:17:28[]
2019-07-19 14:17:28##
2019-07-19 14:17:43[]
2019-07-19 14:17:43##
2019-07-19 14:18:29[]
2019-07-19 14:18:29##
2019-07-19 14:18:36[]
2019-07-19 14:18:36##
2019-07-19 14:18:38[]
2019-07-19 14:18:38##
2019-07-19 14:20:34[]
2019-07-19 14:20:34##
2019-07-19 14:20:47[]
2019-07-19 14:20:47##
2019-07-19 14:21:58[]
2019-07-19 14:21:58##
2019-07-19 14:22:13[]
2019-07-19 14:22:13##
2019-07-19 14:22:18[]
2019-07-19 14:22:18##
2019-07-19 14:22:38[]
2019-07-19 14:22:38##
2019-07-19 14:22:45[]
2019-07-19 14:22:45##
2019-07-19 14:23:23{"type":"use","pass":"353910","account":"13888888888"}
2019-07-19 14:23:26[]
2019-07-19 14:23:26##
2019-07-19 14:24:35[]
2019-07-19 14:24:35##
2019-07-19 14:24:42[]
2019-07-19 14:24:42##
2019-07-19 14:36:20[]
2019-07-19 14:36:20##
2019-07-19 14:36:32[]
2019-07-19 14:36:32##
2019-07-19 14:36:32[]
2019-07-19 14:36:32##
2019-07-19 14:37:08[]
2019-07-19 14:37:08##
2019-07-19 14:37:08[]
2019-07-19 14:37:08##
2019-07-19 14:37:33[]
2019-07-19 14:37:33##
2019-07-19 14:45:34[]
2019-07-19 14:45:34##
2019-07-19 14:45:34[]
2019-07-19 14:45:34##
2019-07-19 14:45:43[]
2019-07-19 14:45:43##
2019-07-19 14:46:02[]
2019-07-19 14:46:02##
2019-07-19 14:46:11{"type":"use","pass":"353910","account":"13888888888"}
2019-07-19 14:46:14[]
2019-07-19 14:46:14##
2019-07-19 14:46:41{"p":"1","size":"15"}
2019-07-19 14:46:46[]
2019-07-19 14:46:46##
2019-07-19 14:47:07{"p":"1","size":"15"}
2019-07-19 15:00:45[]
2019-07-19 15:00:45##
2019-07-19 15:03:46[]
2019-07-19 15:03:46##
2019-07-19 15:03:49{"p":"1","size":"15"}
2019-07-19 15:03:54{"p":"1","size":"15"}
2019-07-19 15:03:57{"type":"use"}
2019-07-19 15:03:59[]
2019-07-19 15:03:59##
2019-07-19 15:04:04[]
2019-07-19 15:04:04##
2019-07-19 15:04:05[]
2019-07-19 15:04:05##
2019-07-19 15:04:50{"p":"1","size":"15"}
2019-07-19 15:05:08{"type":"use"}
2019-07-19 15:05:10[]
2019-07-19 15:05:10##
2019-07-19 15:05:18{"p":"1","size":"15"}
2019-07-19 15:05:58[]
2019-07-19 15:05:58##
2019-07-19 15:10:39[]
2019-07-19 15:10:39##
2019-07-19 15:13:52{"text":"张三13715866652\n广东省广州市人和镇"}
2019-07-19 15:14:32{"text":"张三13715866652广东省广州市白云区人和镇"}
2019-07-19 15:14:33{"mobile":"13715866652","name":"张三"}
2019-07-19 15:14:36{"mobile":"13715866652","name":"张三"}
2019-07-19 15:18:23{"mobile":"13715866652","name":"张三"}
2019-07-19 15:18:23{"city":"广东省 广州市 白云区","num":"26","addr":"人和镇","mobile":"13715866652","name":"张三"}
2019-07-19 15:18:27[]
2019-07-19 15:18:27##
2019-07-19 15:18:29{"p":"1","size":"30","keywords":""}
2019-07-19 15:18:33[]
2019-07-19 15:18:33##
2019-07-19 15:18:35{"p":"1","size":"30","keywords":""}
2019-07-19 15:18:47{"id":"11466","p":"1","size":"15","status":"0"}
2019-07-19 15:22:11{"id":"11466","p":"1","size":"15","status":"1"}
2019-07-19 15:22:13{"p":"1","size":"30","keywords":""}
2019-07-19 15:22:16{"id":"11466","p":"1","size":"15","status":"0"}
2019-07-19 15:22:19{"p":"1","size":"30","keywords":""}
2019-07-19 15:23:56{"ids":"11469"}
2019-07-19 15:24:01{"p":"1","size":"30","keywords":""}
2019-07-19 15:24:05[]
2019-07-19 15:24:05##
2019-07-19 15:24:08[]
2019-07-19 15:24:08##
2019-07-19 15:24:09[]
2019-07-19 15:24:09##
2019-07-19 15:24:15{"p":"1","size":"30","keywords":""}
2019-07-19 15:25:37{"p":"1","size":"30","keywords":""}
2019-07-19 15:25:46{"id":"11466","p":"1","size":"15","status":"2"}
2019-07-19 15:25:51{"id":"11466","p":"1","size":"15","status":"2"}
2019-07-19 15:25:52{"id":"11466","p":"1","size":"15","status":"0"}
2019-07-19 15:25:52{"id":"11466","p":"1","size":"15","status":"0"}
2019-07-19 15:25:54{"ids":"286548"}
2019-07-19 15:26:00{"ids":"286548","id":"11466"}
2019-07-19 15:26:03{"id":"11466","p":"1","size":"15","status":"0"}
2019-07-19 15:26:06{"id":"11466","p":"1","size":"15","status":"1"}
2019-07-19 15:26:06{"id":"11466","p":"1","size":"15","status":"2"}
2019-07-19 15:26:07{"id":"11466","p":"1","size":"15","status":"0"}
2019-07-19 15:26:08{"id":"11466","p":"1","size":"15","status":"1"}
2019-07-19 15:26:08{"id":"11466","p":"1","size":"15","status":"2"}
2019-07-19 15:26:10{"p":"1","size":"30","keywords":""}
2019-07-19 15:26:11[]
2019-07-19 15:26:11##
2019-07-19 15:26:12{"p":"1","size":"30","keywords":""}
2019-07-19 15:26:16[]
2019-07-19 15:26:16##
2019-07-19 15:26:21[]
2019-07-19 15:26:21##
2019-07-19 15:26:45[]
2019-07-19 15:26:45##
2019-07-19 15:27:04{"type":"use"}
2019-07-19 15:27:06{"type":"use"}
2019-07-19 15:27:09[]
2019-07-19 15:27:09##
2019-07-19 15:28:10[]
2019-07-19 15:28:10##
2019-07-19 15:28:12{"p":"1","size":"30","keywords":""}
2019-07-19 15:28:14[]
2019-07-19 15:28:14##
2019-07-19 15:28:22{"type":"use"}
2019-07-19 15:28:23[]
2019-07-19 15:28:23##
2019-07-19 15:28:39[]
2019-07-19 15:28:39##
2019-07-19 15:29:09{"type":"use","pass":"460354","account":"13715866652"}
2019-07-19 15:29:55{"type":"use","pass":"460374","account":"13715866652"}
2019-07-19 15:29:58[]
2019-07-19 15:29:58##
2019-07-19 15:30:04[]
2019-07-19 15:30:04##
2019-07-19 15:30:42{"text":"王五 13715866634广东省广州市白云区人和镇"}
2019-07-19 15:30:42{"mobile":"13715866634","name":"王五"}
2019-07-19 15:30:48{"mobile":"13715866634","name":"王五"}
2019-07-19 15:30:49{"city":"广东省 广州市 白云区","num":"26","addr":"人和镇","mobile":"13715866634","name":"王五"}
2019-07-19 15:30:53[]
2019-07-19 15:30:53##
2019-07-19 15:31:22{"p":"1","size":"30","keywords":""}
2019-07-19 15:31:27{"id":"11469","p":"1","size":"15","status":"0"}
2019-07-19 15:31:34{"p":"1","size":"30","keywords":""}
2019-07-19 15:31:39{"ids":"11469"}
2019-07-19 15:31:43{"p":"1","size":"30","keywords":""}
2019-07-19 15:33:21{"id":"11469","p":"1","size":"15","status":"0"}
2019-07-19 15:33:26{"p":"1","size":"30","keywords":""}
2019-07-19 15:33:28{"id":"11469","p":"1","size":"15","status":"1"}
2019-07-19 15:34:28[]
2019-07-19 15:34:28##
2019-07-19 15:34:30{"p":"1","size":"30","keywords":""}
2019-07-19 15:34:44{"p":"1","size":"30","keywords":""}
2019-07-19 15:34:46[]
2019-07-19 15:34:46##
2019-07-19 15:34:47{"p":"1","size":"30","keywords":""}
2019-07-19 15:34:55{"id":"11469","p":"1","size":"15","status":"1"}
2019-07-19 15:34:57{"id":"11469","p":"1","size":"15","status":"1"}
2019-07-19 15:35:01{"p":"1","size":"30","keywords":""}
2019-07-19 15:37:09{"p":"1","size":"30","keywords":""}
2019-07-19 15:37:23{"id":"11469","p":"1","size":"15","status":"1"}
2019-07-19 15:38:44{"id":"11469","p":"1","size":"15","status":"0"}
2019-07-19 15:38:49{"ids":"286549"}
2019-07-19 15:38:51{"ids":"286549","id":"11469"}
2019-07-19 15:38:54{"id":"11469","p":"1","size":"15","status":"0"}
2019-07-19 15:39:03{"id":"11469","p":"1","size":"15","status":"1"}
2019-07-19 15:39:46{"p":"1","size":"30","keywords":""}
2019-07-19 19:12:47[]
2019-07-19 19:12:47##
