2019-08-03 00:32:14[]
2019-08-03 00:32:14##
2019-08-03 14:00:11[]
2019-08-03 14:00:11##
2019-08-03 14:00:18[]
2019-08-03 14:00:18##
2019-08-03 14:07:10[]
2019-08-03 14:07:10##
2019-08-03 14:12:59[]
2019-08-03 14:12:59##
2019-08-03 14:34:38[]
2019-08-03 14:34:38##
2019-08-03 14:34:38[]
2019-08-03 14:34:38##
2019-08-03 14:34:40{"p":"1","size":"30","keywords":""}
2019-08-03 14:34:43{"ids":"11473,11517,11516,11509,11505,11504,11503,11500,11499,11498,11494,11485,11484,11483,11482,11481,11478,11477,11475,11474"}
2019-08-03 14:34:47{"p":"1","size":"30","keywords":""}
2019-08-03 14:34:49[]
2019-08-03 14:34:49##
2019-08-03 14:34:51{"p":"1","size":"30"}
2019-08-03 14:34:59[]
2019-08-03 14:34:59##
2019-08-03 14:35:01{"p":"1","size":"30","keywords":""}
2019-08-03 14:35:05{"ids":"11473,11517,11516,11509,11505,11504,11503,11500,11499,11498,11494,11485,11484,11483,11482,11481,11478,11477,11475,11474"}
2019-08-03 20:07:43[]
2019-08-03 20:07:43##
2019-08-03 20:08:01{"type":"use","pass":"lr20190101","account":"18313722341"}
2019-08-03 20:08:40{"type":"use","account":"18313722341"}
2019-08-03 20:08:44[]
2019-08-03 20:08:44##
2019-08-03 20:13:03[]
2019-08-03 20:13:03##
2019-08-03 20:13:25{"type":"use","pass":"888888","account":"13538825305"}
2019-08-03 20:13:40{"type":"use","account":"13538825305"}
2019-08-03 20:13:43[]
2019-08-03 20:13:43##
2019-08-03 20:13:45[]
2019-08-03 20:13:45##
2019-08-03 20:16:54[]
2019-08-03 20:16:54##
2019-08-03 20:17:12{"type":"use","pass":"15236237572sjy","account":"15236237572"}
2019-08-03 20:17:27{"type":"use","pass":"1526237572sjy","account":"15236237572"}
2019-08-03 20:17:30[]
2019-08-03 20:17:30##
2019-08-03 20:17:32[]
2019-08-03 20:17:32##
2019-08-03 20:17:39{"type":"use","account":"15236237572"}
2019-08-03 20:17:42[]
2019-08-03 20:17:42##
2019-08-03 20:17:43[]
2019-08-03 20:17:43##
2019-08-03 20:18:40[]
2019-08-03 20:18:40##
2019-08-03 20:18:49[]
2019-08-03 20:18:49##
2019-08-03 20:18:53{"type":"use","pass":"112415","account":"13631119805"}
2019-08-03 20:19:03{"type":"use","pass":"112415majun","account":"13631119805"}
2019-08-03 20:19:10{"type":"use","account":"15536069762"}
2019-08-03 20:19:17{"type":"use","pass":"112415majun","account":"13631129017"}
2019-08-03 20:19:27{"type":"use","pass":"112415","account":"13631129017"}
2019-08-03 20:19:39[]
2019-08-03 20:19:39##
2019-08-03 20:19:50{"type":"use","pass":"qiao552200","account":"15830605521"}
2019-08-03 20:19:57{"type":"use","pass":"112415majun","account":"13631129017"}
2019-08-03 20:20:03{"type":"use","account":"15830605521"}
2019-08-03 20:20:20{"type":"use","pass":"baby.majun","account":"13631119805"}
2019-08-03 20:24:14[]
2019-08-03 20:24:14##
2019-08-03 20:24:16[]
2019-08-03 20:24:16##
2019-08-03 20:24:18[]
2019-08-03 20:24:18##
2019-08-03 20:25:37[]
2019-08-03 20:25:37##
2019-08-03 20:25:50{"type":"use","pass":"123456","account":"13631119805"}
2019-08-03 20:25:59[]
2019-08-03 20:25:59##
2019-08-03 20:26:00{"type":"use","pass":"112415","account":"13631119805"}
2019-08-03 20:26:14{"type":"use","pass":"841012","account":"13244795905"}
2019-08-03 20:26:31{"type":"use","pass":"119805","account":"13631119805"}
2019-08-03 20:26:47{"type":"use","pass":"129017","account":"13631129017"}
2019-08-03 20:27:22[]
2019-08-03 20:27:22##
2019-08-03 20:27:36{"type":"use","pass":"1234567890.w","account":"17606036932"}
2019-08-03 20:27:45{"type":"use","pass":"1234567890.w","account":"15859576783"}
2019-08-03 20:27:49[]
2019-08-03 20:27:49##
2019-08-03 20:27:52{"type":"use","pass":"112415","account":"13631119805"}
2019-08-03 20:27:52[]
2019-08-03 20:27:52##
2019-08-03 20:28:03{"type":"use","account":"13631119805"}
2019-08-03 20:28:08[]
2019-08-03 20:28:08##
2019-08-03 20:28:10[]
2019-08-03 20:28:10##
2019-08-03 20:29:42[]
2019-08-03 20:29:42##
2019-08-03 20:29:44[]
2019-08-03 20:29:44##
2019-08-03 20:30:04{"type":"use","pass":"841012","account":"13244795905"}
2019-08-03 20:30:07[]
2019-08-03 20:30:07##
2019-08-03 20:30:12{"type":"use","account":"17899271831"}
2019-08-03 20:30:14[]
2019-08-03 20:30:14##
2019-08-03 20:30:16[]
2019-08-03 20:30:16##
2019-08-03 20:30:17[]
2019-08-03 20:30:17##
2019-08-03 20:30:18[]
2019-08-03 20:30:18##
2019-08-03 20:30:20[]
2019-08-03 20:30:20##
2019-08-03 20:30:20{"type":"use","pass":"451208","account":"13822416481"}
2019-08-03 20:30:21[]
2019-08-03 20:30:21##
2019-08-03 20:30:23[]
2019-08-03 20:30:23##
2019-08-03 20:30:23[]
2019-08-03 20:30:23##
2019-08-03 20:30:25[]
2019-08-03 20:30:25##
2019-08-03 20:30:26[]
2019-08-03 20:30:26##
2019-08-03 20:30:27[]
2019-08-03 20:30:27##
2019-08-03 20:30:32{"type":"use","pass":"021988","account":"13822416481"}
2019-08-03 20:30:43{"type":"use","account":"13822416481"}
2019-08-03 20:30:45{"type":"use","account":"13822416481"}
2019-08-03 20:31:55[]
2019-08-03 20:31:55##
2019-08-03 20:32:20{"type":"use","pass":"a135446","account":"15818413760"}
2019-08-03 20:32:28{"type":"use","pass":"a135446","account":"15818413760"}
2019-08-03 20:32:36{"type":"use","pass":"a135446","account":"15818413760"}
2019-08-03 20:32:38[]
2019-08-03 20:32:38##
2019-08-03 20:32:44[]
2019-08-03 20:32:44##
2019-08-03 20:32:45[]
2019-08-03 20:32:45##
2019-08-03 20:32:48[]
2019-08-03 20:32:48##
2019-08-03 20:32:56{"type":"use","pass":"liu78yang67","account":"13935930372"}
2019-08-03 20:33:03{"type":"use","account":"15818413760"}
2019-08-03 20:33:05{"type":"use","account":"15818413760"}
2019-08-03 20:33:07[]
2019-08-03 20:33:07##
2019-08-03 20:33:42{"type":"use","pass":"liu78yang67","account":"18135346432"}
2019-08-03 20:41:52[]
2019-08-03 20:41:52##
2019-08-03 20:41:55[]
2019-08-03 20:41:55##
2019-08-03 20:41:57[]
2019-08-03 20:41:57##
2019-08-03 20:46:34[]
2019-08-03 20:46:34##
2019-08-03 20:46:59{"type":"use","pass":"aa15944869538","account":"15944869538"}
2019-08-03 20:47:21[]
2019-08-03 20:47:21##
2019-08-03 20:47:23[]
2019-08-03 20:47:23##
2019-08-03 20:49:11[]
2019-08-03 20:49:11##
2019-08-03 20:49:24{"type":"use","pass":"h521241","account":"13103908131"}
2019-08-03 20:49:42[]
2019-08-03 20:49:42##
2019-08-03 20:49:44[]
2019-08-03 20:49:44##
2019-08-03 20:50:02{"type":"use","account":"13103908131"}
2019-08-03 20:50:05[]
2019-08-03 20:50:05##
2019-08-03 20:50:07[]
2019-08-03 20:50:07##
2019-08-03 20:50:08[]
2019-08-03 20:50:08##
2019-08-03 20:50:09[]
2019-08-03 20:50:09##
2019-08-03 20:50:10[]
2019-08-03 20:50:10##
2019-08-03 20:50:11[]
2019-08-03 20:50:11##
2019-08-03 20:50:12[]
2019-08-03 20:50:12##
2019-08-03 20:50:13[]
2019-08-03 20:50:13##
2019-08-03 20:50:14[]
2019-08-03 20:50:14##
2019-08-03 20:59:29[]
2019-08-03 20:59:29##
2019-08-03 20:59:42{"type":"use","pass":"15878011907","account":"15878011907"}
2019-08-03 20:59:51{"type":"use","pass":"15878011907","account":"15878011907"}
2019-08-03 20:59:57[]
2019-08-03 20:59:57##
2019-08-03 21:01:21{"type":"use","pass":"z15878811907","account":"15878011907"}
2019-08-03 21:01:25[]
2019-08-03 21:01:25##
2019-08-03 21:01:30[]
2019-08-03 21:01:30##
2019-08-03 21:01:34[]
2019-08-03 21:01:34##
2019-08-03 21:01:37[]
2019-08-03 21:01:37##
2019-08-03 21:03:11[]
2019-08-03 21:03:11##
2019-08-03 21:03:24{"type":"use","pass":"gzh5211314","account":"18330136169"}
2019-08-03 21:03:28{"type":"use","pass":"gzh5211314","account":"18330136169"}
2019-08-03 21:03:38{"type":"use","pass":"gzh5211314","account":"18330136169"}
2019-08-03 21:04:31{"type":"use","pass":"liu78yang67","account":"18135346432"}
2019-08-03 21:04:36[]
2019-08-03 21:04:36##
2019-08-03 21:04:43{"type":"use","pass":"gzh5211314","account":"18330136169"}
2019-08-03 21:05:27[]
2019-08-03 21:05:27##
2019-08-03 21:05:43{"type":"use","account":"18330136169"}
2019-08-03 21:05:45{"type":"use","account":"18330136169"}
2019-08-03 21:05:48[]
2019-08-03 21:05:48##
2019-08-03 21:05:49[]
2019-08-03 21:05:49##
2019-08-03 21:05:51[]
2019-08-03 21:05:51##
2019-08-03 21:05:53[]
2019-08-03 21:05:53##
2019-08-03 21:05:54[]
2019-08-03 21:05:54##
2019-08-03 21:05:55[]
2019-08-03 21:05:55##
2019-08-03 21:05:56[]
2019-08-03 21:05:56##
2019-08-03 21:05:57[]
2019-08-03 21:05:57##
2019-08-03 21:10:50[]
2019-08-03 21:10:50##
2019-08-03 21:11:03{"type":"use","pass":"wxh030518","account":"13048720305"}
2019-08-03 21:11:23{"type":"use","account":"13048720305"}
2019-08-03 21:11:27[]
2019-08-03 21:11:27##
2019-08-03 21:11:29[]
2019-08-03 21:11:29##
2019-08-03 21:11:31[]
2019-08-03 21:11:31##
2019-08-03 21:11:34[]
2019-08-03 21:11:34##
2019-08-03 21:11:36[]
2019-08-03 21:11:36##
2019-08-03 21:11:38[]
2019-08-03 21:11:38##
2019-08-03 21:11:39[]
2019-08-03 21:11:39##
2019-08-03 21:11:41[]
2019-08-03 21:11:41##
2019-08-03 21:11:44[]
2019-08-03 21:11:44##
2019-08-03 21:11:45[]
2019-08-03 21:11:45##
2019-08-03 21:11:47[]
2019-08-03 21:11:47##
2019-08-03 21:11:51[]
2019-08-03 21:11:51##
2019-08-03 21:11:53[]
2019-08-03 21:11:53##
2019-08-03 21:11:57[]
2019-08-03 21:11:57##
2019-08-03 21:13:12[]
2019-08-03 21:13:12##
2019-08-03 21:13:25{"type":"use","pass":"yqh19970306..","account":"17538831336"}
2019-08-03 21:13:44{"type":"use","pass":"yqh19970306","account":"17538831336"}
2019-08-03 21:16:10[]
2019-08-03 21:16:10##
2019-08-03 21:16:28{"type":"use","pass":"yqh19970306..","account":"17538831336"}
2019-08-03 21:16:40{"type":"use","account":"17538831336"}
2019-08-03 21:36:31[]
2019-08-03 21:36:31##
2019-08-03 21:36:41{"type":"use","pass":"zhang6688","account":"15933283224"}
2019-08-03 21:36:44{"type":"use","pass":"zhang6688","account":"15933283224"}
2019-08-03 21:36:49[]
2019-08-03 21:36:49##
2019-08-03 21:36:59{"type":"use","pass":"zhang6688","account":"15933283224"}
2019-08-03 21:37:07{"type":"use","pass":"zhang6688","account":"15350759886"}
2019-08-03 21:37:09[]
2019-08-03 21:37:09##
2019-08-03 21:37:10[]
2019-08-03 21:37:10##
2019-08-03 21:37:11[]
2019-08-03 21:37:11##
2019-08-03 21:37:12[]
2019-08-03 21:37:12##
2019-08-03 21:37:14[]
2019-08-03 21:37:14##
2019-08-03 21:37:16[]
2019-08-03 21:37:16##
2019-08-03 21:37:17[]
2019-08-03 21:37:17##
