2019-07-22 09:28:40[]
2019-07-22 09:28:40##
2019-07-22 09:29:28{"type":"use","pass":"353910","account":"13888888888"}
2019-07-22 09:29:31[]
2019-07-22 09:29:31##
2019-07-22 09:29:43[]
2019-07-22 09:29:43##
2019-07-22 09:29:55{"type":"use"}
2019-07-22 09:29:57[]
2019-07-22 09:29:57##
2019-07-22 09:52:12{"type":"use"}
2019-07-22 09:52:13{"type":"use"}
2019-07-22 09:52:16[]
2019-07-22 09:52:16##
2019-07-22 09:53:23[]
2019-07-22 09:53:23##
2019-07-22 09:53:26[]
2019-07-22 09:53:26##
2019-07-22 09:54:27[]
2019-07-22 09:54:27##
2019-07-22 09:54:48[]
2019-07-22 09:54:48##
2019-07-22 09:54:51[]
2019-07-22 09:54:51##
2019-07-22 09:55:05{"type":"use","pass":"353910","account":"13888888888"}
2019-07-22 09:55:08[]
2019-07-22 09:55:08##
2019-07-22 09:55:35{"name":"廖京生","account":"15521032386"}
2019-07-22 09:55:44{"p":"1","size":"30","keywords":""}
2019-07-22 09:56:11{"type":"use"}
2019-07-22 09:56:11{"type":"use"}
2019-07-22 09:56:14[]
2019-07-22 09:56:14##
2019-07-22 09:56:17[]
2019-07-22 09:56:17##
2019-07-22 09:56:23[]
2019-07-22 09:56:23##
2019-07-22 09:56:47{"type":"use","pass":"870616","account":"15532032386"}
2019-07-22 09:57:16{"type":"use","pass":"353910","account":"13888888888"}
2019-07-22 09:57:19[]
2019-07-22 09:57:19##
2019-07-22 09:57:21{"p":"1","size":"30","keywords":""}
2019-07-22 10:00:27[]
2019-07-22 10:00:27##
2019-07-22 10:01:00{"account":"13800000000","password":"52fab9ff83ff3898e1db263a713bd366"}
2019-07-22 10:01:01[]
2019-07-22 10:01:01##
2019-07-22 10:01:06{"p":1,"size":15,"name":"","account":""}
2019-07-22 10:01:14[]
2019-07-22 10:01:14##
2019-07-22 10:01:16{"id":11470}
2019-07-22 10:01:17{"p":1,"size":15,"name":"","account":""}
2019-07-22 10:01:20{"id":11469}
2019-07-22 10:01:23{"id":11469}
2019-07-22 10:01:26{"id":11469}
2019-07-22 10:01:29{"p":1,"size":15,"name":"","account":""}
2019-07-22 10:01:33{"id":11468}
2019-07-22 10:01:34{"p":1,"size":15,"name":"","account":""}
2019-07-22 10:01:37{"id":11467}
2019-07-22 10:01:38{"p":1,"size":15,"name":"","account":""}
2019-07-22 10:01:42{"id":11466}
2019-07-22 10:01:45{"id":11466,"status":1}
2019-07-22 10:01:46{"p":1,"size":15,"name":"","account":""}
2019-07-22 10:01:48{"id":11469,"status":1}
2019-07-22 10:01:49{"p":1,"size":15,"name":"","account":""}
2019-07-22 10:01:51{"id":11466,"status":0}
2019-07-22 10:01:52{"p":1,"size":15,"name":"","account":""}
2019-07-22 10:01:54[]
2019-07-22 10:01:54##
2019-07-22 10:01:59{"id":11466,"status":1}
2019-07-22 10:02:00{"p":1,"size":15,"name":"","account":""}
2019-07-22 10:02:06{"id":11469}
2019-07-22 10:02:11{"p":1,"size":15,"type":1,"stime":"","etime":"","city":"","agent_name":"","oem_name":""}
2019-07-22 10:02:23{"p":1,"size":15,"type":1,"stime":1562810520,"etime":1563760931,"city":"","agent_name":"","oem_name":""}
2019-07-22 10:15:04[]
2019-07-22 10:15:04##
2019-07-22 10:15:05[]
2019-07-22 10:15:05##
2019-07-22 10:15:05[]
2019-07-22 10:15:05##
2019-07-22 10:15:06[]
2019-07-22 10:15:06##
2019-07-22 10:15:06[]
2019-07-22 10:15:06##
2019-07-22 10:15:07[]
2019-07-22 10:15:07##
2019-07-22 10:15:07[]
2019-07-22 10:15:07##
2019-07-22 10:15:08[]
2019-07-22 10:15:08##
2019-07-22 10:15:08[]
2019-07-22 10:15:08##
2019-07-22 10:15:09[]
2019-07-22 10:15:09##
2019-07-22 10:15:09[]
2019-07-22 10:15:09##
2019-07-22 10:15:10[]
2019-07-22 10:15:10##
2019-07-22 10:15:10[]
2019-07-22 10:15:10##
2019-07-22 10:15:11[]
2019-07-22 10:15:11##
2019-07-22 10:15:11[]
2019-07-22 10:15:11##
2019-07-22 10:15:11[]
2019-07-22 10:15:11##
2019-07-22 10:15:12[]
2019-07-22 10:15:12##
2019-07-22 10:15:13[]
2019-07-22 10:15:13##
2019-07-22 10:15:13[]
2019-07-22 10:15:13##
2019-07-22 10:15:14[]
2019-07-22 10:15:14##
2019-07-22 10:15:14[]
2019-07-22 10:15:14##
2019-07-22 10:15:14[]
2019-07-22 10:15:14##
2019-07-22 10:15:15[]
2019-07-22 10:15:15##
2019-07-22 10:15:16[]
2019-07-22 10:15:16##
2019-07-22 10:15:17[]
2019-07-22 10:15:17##
2019-07-22 10:15:17[]
2019-07-22 10:15:17##
2019-07-22 10:15:18[]
2019-07-22 10:15:18##
2019-07-22 10:15:18[]
2019-07-22 10:15:18##
2019-07-22 10:15:18[]
2019-07-22 10:15:18##
2019-07-22 10:15:19[]
2019-07-22 10:15:19##
2019-07-22 10:15:19[]
2019-07-22 10:15:19##
2019-07-22 10:15:20[]
2019-07-22 10:15:20##
2019-07-22 10:15:21[]
2019-07-22 10:15:21##
2019-07-22 10:15:21[]
2019-07-22 10:15:21##
2019-07-22 10:15:21[]
2019-07-22 10:15:21##
2019-07-22 10:15:22[]
2019-07-22 10:15:22##
2019-07-22 10:15:22[]
2019-07-22 10:15:22##
2019-07-22 10:15:23[]
2019-07-22 10:15:23##
2019-07-22 10:15:23[]
2019-07-22 10:15:23##
2019-07-22 10:15:24[]
2019-07-22 10:15:24##
2019-07-22 10:15:24[]
2019-07-22 10:15:24##
2019-07-22 10:15:25[]
2019-07-22 10:15:25##
2019-07-22 10:15:25[]
2019-07-22 10:15:25##
2019-07-22 10:15:26[]
2019-07-22 10:15:26##
2019-07-22 10:15:26[]
2019-07-22 10:15:26##
2019-07-22 10:15:26[]
2019-07-22 10:15:26##
2019-07-22 10:15:27[]
2019-07-22 10:15:27##
2019-07-22 10:15:27[]
2019-07-22 10:15:27##
2019-07-22 10:15:28[]
2019-07-22 10:15:28##
2019-07-22 10:15:28[]
2019-07-22 10:15:28##
2019-07-22 10:15:29[]
2019-07-22 10:15:29##
2019-07-22 10:15:29[]
2019-07-22 10:15:29##
2019-07-22 10:15:30[]
2019-07-22 10:15:30##
2019-07-22 10:15:30[]
2019-07-22 10:15:30##
2019-07-22 10:15:31[]
2019-07-22 10:15:31##
2019-07-22 10:15:31[]
2019-07-22 10:15:31##
2019-07-22 10:15:32[]
2019-07-22 10:15:32##
2019-07-22 10:15:32[]
2019-07-22 10:15:32##
2019-07-22 10:15:32[]
2019-07-22 10:15:32##
2019-07-22 10:15:33[]
2019-07-22 10:15:33##
2019-07-22 10:15:33[]
2019-07-22 10:15:33##
2019-07-22 10:15:34[]
2019-07-22 10:15:34##
2019-07-22 10:15:34[]
2019-07-22 10:15:34##
2019-07-22 10:15:35[]
2019-07-22 10:15:35##
2019-07-22 10:15:35[]
2019-07-22 10:15:35##
2019-07-22 10:15:36[]
2019-07-22 10:15:36##
2019-07-22 10:15:36[]
2019-07-22 10:15:36##
2019-07-22 10:15:37[]
2019-07-22 10:15:37##
2019-07-22 10:15:37[]
2019-07-22 10:15:37##
2019-07-22 10:15:38[]
2019-07-22 10:15:38##
2019-07-22 10:15:38[]
2019-07-22 10:15:38##
2019-07-22 10:15:39[]
2019-07-22 10:15:39##
2019-07-22 10:15:39[]
2019-07-22 10:15:39##
2019-07-22 10:15:40[]
2019-07-22 10:15:40##
2019-07-22 10:15:40[]
2019-07-22 10:15:40##
2019-07-22 10:15:40[]
2019-07-22 10:15:40##
2019-07-22 10:15:41[]
2019-07-22 10:15:41##
2019-07-22 10:15:41[]
2019-07-22 10:15:41##
2019-07-22 10:15:42[]
2019-07-22 10:15:42##
2019-07-22 10:15:42[]
2019-07-22 10:15:42##
2019-07-22 10:15:43[]
2019-07-22 10:15:43##
2019-07-22 10:15:43[]
2019-07-22 10:15:43##
2019-07-22 10:15:44[]
2019-07-22 10:15:44##
2019-07-22 10:15:44[]
2019-07-22 10:15:44##
2019-07-22 10:15:45[]
2019-07-22 10:15:45##
2019-07-22 10:15:45[]
2019-07-22 10:15:45##
2019-07-22 10:15:46[]
2019-07-22 10:15:46##
2019-07-22 10:15:46[]
2019-07-22 10:15:46##
2019-07-22 10:15:47[]
2019-07-22 10:15:47##
2019-07-22 10:15:47[]
2019-07-22 10:15:47##
2019-07-22 10:15:48[]
2019-07-22 10:15:48##
2019-07-22 10:15:48[]
2019-07-22 10:15:48##
2019-07-22 10:15:49[]
2019-07-22 10:15:49##
2019-07-22 10:15:49[]
2019-07-22 10:15:49##
2019-07-22 10:15:50[]
2019-07-22 10:15:50##
2019-07-22 10:15:50[]
2019-07-22 10:15:50##
2019-07-22 10:15:50[]
2019-07-22 10:15:50##
2019-07-22 10:15:51[]
2019-07-22 10:15:51##
2019-07-22 10:15:51[]
2019-07-22 10:15:51##
2019-07-22 10:15:52[]
2019-07-22 10:15:52##
2019-07-22 10:15:54[]
2019-07-22 10:15:54##
2019-07-22 10:15:54[]
2019-07-22 10:15:54##
2019-07-22 10:15:55[]
2019-07-22 10:15:55##
2019-07-22 10:15:55[]
2019-07-22 10:15:55##
2019-07-22 10:15:55[]
2019-07-22 10:15:55##
2019-07-22 10:15:56[]
2019-07-22 10:15:56##
2019-07-22 10:15:56[]
2019-07-22 10:15:56##
2019-07-22 10:15:57[]
2019-07-22 10:15:57##
2019-07-22 10:15:57[]
2019-07-22 10:15:57##
2019-07-22 10:15:58[]
2019-07-22 10:15:58##
2019-07-22 10:15:59[]
2019-07-22 10:15:59##
2019-07-22 10:15:59[]
2019-07-22 10:15:59##
2019-07-22 10:16:00[]
2019-07-22 10:16:00##
2019-07-22 10:16:00[]
2019-07-22 10:16:00##
2019-07-22 10:16:01[]
2019-07-22 10:16:01##
2019-07-22 10:16:01[]
2019-07-22 10:16:01##
2019-07-22 10:16:01[]
2019-07-22 10:16:01##
2019-07-22 10:16:02[]
2019-07-22 10:16:02##
2019-07-22 10:16:02[]
2019-07-22 10:16:02##
2019-07-22 10:16:03[]
2019-07-22 10:16:03##
2019-07-22 10:16:04[]
2019-07-22 10:16:04##
2019-07-22 10:16:05[]
2019-07-22 10:16:05##
2019-07-22 10:16:05[]
2019-07-22 10:16:05##
2019-07-22 10:16:06[]
2019-07-22 10:16:06##
2019-07-22 10:16:06[]
2019-07-22 10:16:06##
2019-07-22 10:16:06[]
2019-07-22 10:16:06##
2019-07-22 10:16:11[]
2019-07-22 10:16:11##
2019-07-22 10:16:13[]
2019-07-22 10:16:13##
2019-07-22 10:16:16[]
2019-07-22 10:16:16##
2019-07-22 10:16:18[]
2019-07-22 10:16:18##
2019-07-22 10:16:19[]
2019-07-22 10:16:19##
2019-07-22 10:16:23[]
2019-07-22 10:16:23##
2019-07-22 10:16:29[]
2019-07-22 10:16:29##
2019-07-22 10:16:29[]
2019-07-22 10:16:29##
2019-07-22 10:22:55[]
2019-07-22 10:22:55##
2019-07-22 10:22:55[]
2019-07-22 10:22:55##
2019-07-22 10:22:55[]
2019-07-22 10:22:55##
2019-07-22 10:22:56[]
2019-07-22 10:22:56##
2019-07-22 10:22:56[]
2019-07-22 10:22:56##
2019-07-22 10:22:57[]
2019-07-22 10:22:57##
2019-07-22 10:22:57[]
2019-07-22 10:22:57##
2019-07-22 10:22:58[]
2019-07-22 10:22:58##
2019-07-22 10:22:59[]
2019-07-22 10:22:59##
2019-07-22 10:22:59[]
2019-07-22 10:22:59##
2019-07-22 10:22:59[]
2019-07-22 10:22:59##
2019-07-22 10:23:00[]
2019-07-22 10:23:00##
2019-07-22 10:23:00[]
2019-07-22 10:23:00##
2019-07-22 10:23:01[]
2019-07-22 10:23:01##
2019-07-22 10:23:02[]
2019-07-22 10:23:02##
2019-07-22 10:23:19{"type":"use","pass":"353910","account":"13888888888"}
2019-07-22 10:23:41[]
2019-07-22 10:23:41##
2019-07-22 10:23:43{"p":1,"size":15,"name":"","account":""}
2019-07-22 10:23:45{"id":11466,"status":0}
2019-07-22 10:23:46{"p":1,"size":15,"name":"","account":""}
2019-07-22 10:24:02[]
2019-07-22 10:24:02##
2019-07-22 10:24:06[]
2019-07-22 10:24:06##
2019-07-22 10:24:49[]
2019-07-22 10:24:49##
2019-07-22 10:24:55[]
2019-07-22 10:24:55##
2019-07-22 10:25:07{"type":"use","pass":"353910","account":"13888888888"}
2019-07-22 10:25:10[]
2019-07-22 10:25:10##
2019-07-22 10:25:45{"name":"王小五","account":"15521032386"}
2019-07-22 10:26:25[]
2019-07-22 10:26:25##
2019-07-22 10:26:25[]
2019-07-22 10:26:25##
2019-07-22 10:26:28[]
2019-07-22 10:26:28##
2019-07-22 10:26:31[]
2019-07-22 10:26:31##
2019-07-22 10:26:32[]
2019-07-22 10:26:32##
2019-07-22 10:26:37{"type":"use"}
2019-07-22 10:26:37{"type":"use"}
2019-07-22 10:26:40[]
2019-07-22 10:26:40##
2019-07-22 10:26:49[]
2019-07-22 10:26:49##
2019-07-22 10:27:18{"type":"use","pass":"591940","account":"15521032386"}
2019-07-22 10:27:21[]
2019-07-22 10:27:21##
2019-07-22 10:27:26[]
2019-07-22 10:27:26##
2019-07-22 10:27:51[]
2019-07-22 10:27:51##
2019-07-22 10:27:54[]
2019-07-22 10:27:54##
2019-07-22 10:27:54[]
2019-07-22 10:27:54##
2019-07-22 10:27:55{"type":"use"}
2019-07-22 10:27:56{"type":"use"}
2019-07-22 10:27:58[]
2019-07-22 10:27:58##
2019-07-22 10:30:24[]
2019-07-22 10:30:24##
2019-07-22 10:30:27[]
2019-07-22 10:30:27##
2019-07-22 10:30:27[]
2019-07-22 10:30:27##
2019-07-22 10:30:29{"type":"use"}
2019-07-22 10:30:30{"type":"use"}
2019-07-22 10:30:33[]
2019-07-22 10:30:33##
2019-07-22 10:31:02{"type":"use","pass":"591940","account":"15521032386"}
2019-07-22 10:31:05[]
2019-07-22 10:31:05##
2019-07-22 10:31:14[]
2019-07-22 10:31:14##
2019-07-22 10:31:38{"text":"王小王，广东中山古镇镇瑞丰灯配城19栋555号，15521032399"}
2019-07-22 10:31:39{"mobile":"15521032399","name":"王小王"}
2019-07-22 10:31:42{"mobile":"15521032399","name":"王小王"}
2019-07-22 10:31:43{"city":"广东省 中山市 中山市","num":"26","addr":"古镇镇瑞丰灯配城19栋555号","mobile":"15521032399","name":"王小王"}
2019-07-22 10:31:47{"type":"use"}
2019-07-22 10:31:48[]
2019-07-22 10:31:48##
2019-07-22 10:31:55{"p":"1","size":"30","keywords":""}
2019-07-22 10:31:58{"id":"11471","p":"1","size":"15","status":"0"}
2019-07-22 10:32:02{"ids":"286551"}
2019-07-22 10:32:21{"ids":"286551","id":"11471"}
2019-07-22 10:32:23{"id":"11471","p":"1","size":"15","status":"0"}
2019-07-22 10:32:25{"id":"11471","p":"1","size":"15","status":"1"}
2019-07-22 10:32:27{"id":"11471","p":"1","size":"15","status":"2"}
2019-07-22 10:32:28{"id":"11471","p":"1","size":"15","status":"0"}
2019-07-22 10:32:30{"id":"11471","p":"1","size":"15","status":"1"}
2019-07-22 10:32:57[]
2019-07-22 10:32:57##
2019-07-22 10:32:59[]
2019-07-22 10:32:59##
2019-07-22 10:35:30{"account":"13800000000","password":"52fab9ff83ff3898e1db263a713bd366"}
2019-07-22 10:35:30[]
2019-07-22 10:35:30##
2019-07-22 10:35:37{"p":1,"size":15,"remark":""}
2019-07-22 10:35:49{"key":"1","data":"1"}
2019-07-22 10:35:51{"p":1,"size":15,"remark":""}
2019-07-22 10:36:00{"id":26,"data":"30"}
2019-07-22 10:36:02{"p":1,"size":15,"remark":""}
2019-07-22 10:36:09{"key":"2","data":"2"}
2019-07-22 10:36:10{"p":1,"size":15,"remark":""}
2019-07-22 10:36:16{"key":"3","data":"3"}
2019-07-22 10:36:21{"p":1,"size":15,"remark":""}
2019-07-22 10:36:27{"key":"4","data":"4"}
2019-07-22 10:36:28{"p":1,"size":15,"remark":""}
2019-07-22 10:36:34{"key":"5","data":"5"}
2019-07-22 10:36:35{"p":1,"size":15,"remark":""}
2019-07-22 10:36:46{"p":1,"stime":"","etime":"","name":"ACTIVITY"}
2019-07-22 10:36:51{"p":1,"size":15}
2019-07-22 10:36:54{"p":1,"size":15,"remark":""}
2019-07-22 10:37:13{"key":"10","data":"10"}
2019-07-22 10:37:14{"p":1,"size":15,"remark":""}
2019-07-22 10:37:24{"key":"15瓶","data":"15"}
2019-07-22 10:37:25{"p":1,"size":15,"remark":""}
2019-07-22 10:38:52{"key":"20瓶","data":"20"}
2019-07-22 10:38:53{"p":1,"size":15,"remark":""}
2019-07-22 10:39:06{"key":"25瓶","data":"25"}
2019-07-22 10:39:07{"p":1,"size":15,"remark":""}
2019-07-22 10:46:48{"p":1,"stime":"","etime":"","name":"ACTIVITY"}
2019-07-22 10:46:56{"p":1,"size":15}
2019-07-22 10:47:00{"p":1,"size":15,"type":1,"stime":"","etime":"","city":"","agent_name":"","oem_name":""}
2019-07-22 10:47:05{"p":1,"size":15,"name":"","account":""}
2019-07-22 10:47:07[]
2019-07-22 10:47:07##
2019-07-22 11:47:36{"account":"13800000000","password":"4297f44b13955235245b2497399d7a93"}
2019-07-22 11:47:39{"account":"13800000000","password":"4297f44b13955235245b2497399d7a93"}
2019-07-22 11:48:03{"account":"13800000000","password":"52fab9ff83ff3898e1db263a713bd366"}
2019-07-22 11:48:04[]
2019-07-22 11:48:04##
2019-07-22 11:48:20{"p":1,"size":15,"remark":""}
2019-07-22 11:48:21{"p":1,"stime":"","etime":"","name":"ACTIVITY"}
2019-07-22 11:48:23{"p":1,"size":15}
2019-07-22 11:48:34[]
2019-07-22 11:48:34##
2019-07-22 11:49:07{"account":"13800000000","password":"52fab9ff83ff3898e1db263a713bd366"}
2019-07-22 11:49:07[]
2019-07-22 11:49:07##
2019-07-22 11:50:18{"account":"13800000000","password":"52fab9ff83ff3898e1db263a713bd366"}
2019-07-22 11:50:18[]
2019-07-22 11:50:18##
2019-07-22 11:52:09[]
2019-07-22 11:52:09##
2019-07-22 11:53:17[]
2019-07-22 11:53:17##
2019-07-22 11:53:20[]
2019-07-22 11:53:20##
2019-07-22 11:53:25[]
2019-07-22 11:53:25##
2019-07-22 11:53:39[]
2019-07-22 11:53:39##
2019-07-22 13:18:28{"account":"13800000000","password":"52fab9ff83ff3898e1db263a713bd366"}
2019-07-22 13:18:29[]
2019-07-22 13:18:29##
2019-07-22 13:18:32{"p":1,"size":15,"remark":""}
2019-07-22 13:18:49{"key":"一箱","data":"30"}
2019-07-22 13:18:51{"p":1,"size":15,"remark":""}
2019-07-22 13:19:09{"key":"1份","data":"1"}
2019-07-22 13:19:11{"p":1,"size":15,"remark":""}
2019-07-22 13:19:20{"key":"2份","data":"2"}
2019-07-22 13:19:21{"p":1,"size":15,"remark":""}
2019-07-22 13:19:31{"key":"3份","data":"3"}
2019-07-22 13:19:32{"p":1,"size":15,"remark":""}
2019-07-22 13:19:55{"key":"4份","data":"4"}
2019-07-22 13:19:56{"p":1,"size":15,"remark":""}
2019-07-22 13:20:10{"key":"5份","data":"5"}
2019-07-22 13:20:10{"p":1,"size":15,"remark":""}
2019-07-22 13:20:28{"key":"10份","data":"10"}
2019-07-22 13:20:29{"p":1,"size":15,"remark":""}
2019-07-22 13:20:36{"key":"15份","data":"15"}
2019-07-22 13:20:37{"p":1,"size":15,"remark":""}
2019-07-22 13:20:44{"key":"20份","data":"20"}
2019-07-22 13:20:45{"p":1,"size":15,"remark":""}
2019-07-22 13:20:53{"key":"25","data":"25份"}
2019-07-22 13:20:55{"p":1,"size":15,"remark":""}
2019-07-22 13:21:08{"id":45,"data":25}
2019-07-22 13:21:12{"p":1,"size":15,"remark":""}
2019-07-22 13:21:29{"p":1,"stime":"","etime":"","name":"ACTIVITY"}
2019-07-22 13:21:41{"id":1,"sTime":1563552000,"etime":1563984000}
2019-07-22 13:21:42{"p":1,"stime":1563552000,"etime":1563984000,"name":"ACTIVITY"}
2019-07-22 13:21:43{"id":2,"num":"299950"}
2019-07-22 13:21:44{"p":1,"stime":1563552000,"etime":1563984000,"name":"ACTIVITY"}
2019-07-22 13:21:56{"id":2,"num":"100000"}
2019-07-22 13:21:57{"p":1,"stime":1563552000,"etime":1563984000,"name":"ACTIVITY"}
2019-07-22 13:22:10[]
2019-07-22 13:22:10##
2019-07-22 13:22:29{"type":"use","pass":"353910","account":"13888888888"}
2019-07-22 13:22:32[]
2019-07-22 13:22:32##
2019-07-22 13:22:35[]
2019-07-22 13:22:35##
2019-07-22 13:22:53[]
2019-07-22 13:22:53##
2019-07-22 13:22:59[]
2019-07-22 13:22:59##
2019-07-22 13:23:00[]
2019-07-22 13:23:00##
2019-07-22 13:23:47{"account":"13800000000","password":"52fab9ff83ff3898e1db263a713bd366"}
2019-07-22 13:23:47[]
2019-07-22 13:23:47##
2019-07-22 13:23:52{"p":1,"size":15,"remark":""}
2019-07-22 13:27:02[]
2019-07-22 13:27:02##
2019-07-22 13:27:05[]
2019-07-22 13:27:05##
2019-07-22 13:53:09[]
2019-07-22 13:53:09##
2019-07-22 13:53:14[]
2019-07-22 13:53:14##
2019-07-22 13:53:14[]
2019-07-22 13:53:14##
2019-07-22 13:53:23{"type":"use"}
2019-07-22 13:53:23{"type":"use"}
2019-07-22 13:53:26[]
2019-07-22 13:53:26##
2019-07-22 13:54:07[]
2019-07-22 13:54:07##
2019-07-22 13:54:09[]
2019-07-22 13:54:09##
2019-07-22 13:54:31{"type":"use","pass":"591940","account":"15521032386"}
2019-07-22 13:54:34[]
2019-07-22 13:54:34##
2019-07-22 13:54:35{"type":"use"}
2019-07-22 13:54:36{"type":"use"}
2019-07-22 13:54:39[]
2019-07-22 13:54:39##
2019-07-22 13:55:03[]
2019-07-22 13:55:03##
2019-07-22 13:55:06[]
2019-07-22 13:55:06##
2019-07-22 13:55:17{"type":"use","pass":"594910","account":"15521032386"}
2019-07-22 13:55:36{"type":"use","pass":"591940","account":"15521032386"}
2019-07-22 13:55:39[]
2019-07-22 13:55:39##
2019-07-22 13:55:55[]
2019-07-22 13:55:55##
2019-07-22 13:56:01{"text":"王小王，广东中山古镇镇瑞丰灯配城19栋555号，15521032399"}
2019-07-22 13:56:02{"mobile":"15521032399","name":"王小王"}
2019-07-22 13:56:14{"mobile":"15521032399","name":"王小王"}
2019-07-22 13:56:18{"city":"广东省 中山市 中山市","num":"37","addr":"古镇镇瑞丰灯配城19栋555号","mobile":"15521032399","name":"王小王"}
2019-07-22 13:56:22[]
2019-07-22 13:56:22##
2019-07-22 13:56:25{"p":"1","size":"30","keywords":""}
2019-07-22 13:56:47[]
2019-07-22 13:56:47##
2019-07-22 13:56:49[]
2019-07-22 13:56:49##
2019-07-22 13:56:56{"text":"广东省 珠海市 金湾区 平沙镇珠海市金湾区平沙镇美平西路亿百嘉，13536583000，曾诗文"}
2019-07-22 13:56:57{"mobile":"13536583000","name":"曾诗文"}
2019-07-22 13:56:58{"mobile":"13536583000","name":"曾诗文"}
2019-07-22 13:57:00{"city":"广东省 珠海市 金湾区","num":"39","addr":"平沙镇珠海市金湾区平沙镇美平西路亿百嘉","mobile":"13536583000","name":"曾诗文"}
2019-07-22 13:57:03[]
2019-07-22 13:57:03##
2019-07-22 13:57:07{"p":"1","size":"30"}
2019-07-22 13:57:11[]
2019-07-22 13:57:11##
2019-07-22 13:57:15{"p":"1","size":"30","keywords":""}
2019-07-22 13:57:18{"p":"1","size":"30","keywords":""}
2019-07-22 13:57:23{"id":"11471","p":"1","size":"15","status":"0"}
2019-07-22 13:57:35{"ids":"286552"}
2019-07-22 13:57:43{"ids":"286552","id":"11471"}
2019-07-22 13:57:46{"id":"11471","p":"1","size":"15","status":"0"}
2019-07-22 13:57:49{"id":"11471","p":"1","size":"15","status":"1"}
2019-07-22 13:57:50{"id":"11471","p":"1","size":"15","status":"1"}
2019-07-22 13:57:53{"id":"11471","p":"1","size":"15","status":"0"}
2019-07-22 13:58:08{"ids":"286553"}
2019-07-22 13:58:11{"ids":"286553","id":"11471"}
2019-07-22 13:58:14{"id":"11471","p":"1","size":"15","status":"0"}
2019-07-22 13:58:17{"type":"use"}
2019-07-22 13:58:23[]
2019-07-22 13:58:23##
2019-07-22 13:59:12{"p":"1","size":"30","keywords":""}
2019-07-22 13:59:28{"id":"11471","p":"1","size":"15","status":"0"}
2019-07-22 13:59:34{"id":"11471","p":"1","size":"15","status":"1"}
2019-07-22 13:59:41{"id":"11471","p":"1","size":"15","status":"0"}
2019-07-22 14:00:02{"id":"11471","p":"1","size":"15","status":"1"}
2019-07-22 14:02:19{"id":"11471","p":"1","size":"15","status":"0"}
2019-07-22 14:02:21{"type":"use"}
2019-07-22 14:02:23{"type":"use"}
2019-07-22 14:02:26[]
2019-07-22 14:02:26##
2019-07-22 14:02:57[]
2019-07-22 14:02:57##
2019-07-22 14:03:01[]
2019-07-22 14:03:01##
2019-07-22 14:03:14{"type":"use","pass":"591940","account":"15521032386"}
2019-07-22 14:03:17[]
2019-07-22 14:03:17##
2019-07-22 14:03:33[]
2019-07-22 14:03:33##
2019-07-22 14:03:39{"text":"广东省 珠海市 金湾区 平沙镇珠海市金湾区平沙镇美平西路亿百嘉，13536583000，曾诗文"}
2019-07-22 14:03:40{"mobile":"13536583000","name":"曾诗文"}
2019-07-22 14:03:45{"mobile":"13536583000","name":"曾诗文"}
2019-07-22 14:04:07{"city":"广东省 珠海市 金湾区","num":"37","addr":"平沙镇珠海市金湾区平沙镇美平西路亿百嘉","mobile":"13536583000","name":"曾诗文"}
2019-07-22 14:04:10[]
2019-07-22 14:04:10##
2019-07-22 14:04:20[]
2019-07-22 14:04:20##
2019-07-22 14:04:28{"text":"广东省 珠海市 金湾区 平沙镇珠海市金湾区平沙镇美平西路亿百嘉广场，13666583000，曾文文"}
2019-07-22 14:04:28{"mobile":"13666583000","name":"曾文文"}
2019-07-22 14:04:30{"mobile":"13666583000","name":"曾文文"}
2019-07-22 14:04:38{"city":"广东省 珠海市 金湾区","num":"38","addr":"平沙镇珠海市金湾区平沙镇美平西路亿百嘉广场","mobile":"13666583000","name":"曾文文"}
2019-07-22 14:04:42[]
2019-07-22 14:04:42##
2019-07-22 14:04:55{"type":"use"}
2019-07-22 14:04:57[]
2019-07-22 14:04:57##
2019-07-22 14:04:59{"p":"1","size":"30","keywords":""}
2019-07-22 14:05:09{"id":"11471","p":"1","size":"15","status":"0"}
2019-07-22 14:05:10{"ids":"286555"}
2019-07-22 14:05:11{"ids":"286555,286554"}
2019-07-22 14:05:13{"ids":"286555,286554","id":"11471"}
2019-07-22 14:05:16{"id":"11471","p":"1","size":"15","status":"0"}
2019-07-22 14:05:37[]
2019-07-22 14:05:37##
2019-07-22 14:59:37[]
2019-07-22 14:59:37##
