2019-07-31 00:07:58[]
2019-07-31 00:07:58##
2019-07-31 00:07:59[]
2019-07-31 00:07:59##
2019-07-31 00:08:09[]
2019-07-31 00:08:09##
2019-07-31 00:08:09[]
2019-07-31 00:08:09##
2019-07-31 00:08:16{"name":"王春梅","account":"18107393523"}
2019-07-31 00:08:18[]
2019-07-31 00:08:18##
2019-07-31 00:08:19[]
2019-07-31 00:08:19##
2019-07-31 00:08:21[]
2019-07-31 00:08:21##
2019-07-31 00:08:22[]
2019-07-31 00:08:22##
2019-07-31 00:09:27[]
2019-07-31 00:09:27##
2019-07-31 00:11:33[]
2019-07-31 00:11:33##
2019-07-31 00:11:54{"type":"use","pass":"686730","account":"18107393523"}
2019-07-31 00:11:58[]
2019-07-31 00:11:58##
2019-07-31 00:12:40{"type":"use","pass":"203518","account":"13367483960"}
2019-07-31 00:12:43[]
2019-07-31 00:12:43##
2019-07-31 00:12:52[]
2019-07-31 00:12:52##
2019-07-31 00:13:02[]
2019-07-31 00:13:02##
2019-07-31 00:13:03[]
2019-07-31 00:13:03##
2019-07-31 00:13:03[]
2019-07-31 00:13:03##
2019-07-31 00:13:04[]
2019-07-31 00:13:04##
2019-07-31 00:13:11{"type":"use"}
2019-07-31 00:13:27{"type":"use","oldPass":"203518","newPass":"258422"}
2019-07-31 00:13:29{"type":"use"}
2019-07-31 00:13:30[]
2019-07-31 00:13:30##
2019-07-31 00:13:31[]
2019-07-31 00:13:31##
2019-07-31 00:13:32[]
2019-07-31 00:13:32##
2019-07-31 00:13:32[]
2019-07-31 00:13:32##
2019-07-31 00:13:38[]
2019-07-31 00:13:38##
2019-07-31 00:13:39[]
2019-07-31 00:13:39##
2019-07-31 00:14:36[]
2019-07-31 00:14:36##
2019-07-31 00:14:37[]
2019-07-31 00:14:37##
2019-07-31 00:15:33{"name":"莫秀莲","account":"15973947561"}
2019-07-31 00:16:17[]
2019-07-31 00:16:17##
2019-07-31 00:16:33{"type":"use","pass":"mo199661","account":"15973947561"}
2019-07-31 00:17:24[]
2019-07-31 00:17:24##
2019-07-31 00:17:27[]
2019-07-31 00:17:27##
2019-07-31 00:17:43{"type":"use","pass":"995715","account":"15973947561"}
2019-07-31 00:17:47[]
2019-07-31 00:17:47##
2019-07-31 00:17:58[]
2019-07-31 00:17:58##
2019-07-31 00:17:58[]
2019-07-31 00:17:58##
2019-07-31 00:53:59[]
2019-07-31 00:53:59##
2019-07-31 00:54:16{"type":"use","pass":"906307","account":"15111020417"}
2019-07-31 00:54:20[]
2019-07-31 00:54:20##
2019-07-31 00:54:57[]
2019-07-31 00:54:57##
2019-07-31 00:54:57[]
2019-07-31 00:54:57##
2019-07-31 00:54:58[]
2019-07-31 00:54:58##
2019-07-31 00:54:59[]
2019-07-31 00:54:59##
2019-07-31 00:55:00[]
2019-07-31 00:55:00##
2019-07-31 00:55:00[]
2019-07-31 00:55:00##
2019-07-31 00:55:00[]
2019-07-31 00:55:00##
2019-07-31 00:55:01[]
2019-07-31 00:55:01##
2019-07-31 07:00:35[]
2019-07-31 07:00:35##
2019-07-31 07:00:35[]
2019-07-31 07:00:35##
2019-07-31 07:01:06[]
2019-07-31 07:01:06##
2019-07-31 07:28:57[]
2019-07-31 07:28:57##
2019-07-31 07:28:57[]
2019-07-31 07:28:57##
2019-07-31 07:29:23{"name":"段君丹","account":"18473851105"}
2019-07-31 07:35:02[]
2019-07-31 07:35:02##
2019-07-31 07:35:12[]
2019-07-31 07:35:12##
2019-07-31 07:35:27{"type":"use","pass":"716197","account":"18473851105"}
2019-07-31 07:35:31[]
2019-07-31 07:35:31##
2019-07-31 07:35:39{"type":"use"}
2019-07-31 07:35:40[]
2019-07-31 07:35:40##
2019-07-31 07:35:41{"type":"use"}
2019-07-31 07:35:41[]
2019-07-31 07:35:41##
2019-07-31 07:35:50[]
2019-07-31 07:35:50##
2019-07-31 07:35:51[]
2019-07-31 07:35:51##
2019-07-31 07:46:28{"name":"何郡蓝","account":"15180946526"}
2019-07-31 07:47:39[]
2019-07-31 07:47:39##
2019-07-31 07:47:53{"type":"use","pass":"906898","account":"15180946526"}
2019-07-31 07:47:57[]
2019-07-31 07:47:57##
2019-07-31 07:47:58[]
2019-07-31 07:47:58##
2019-07-31 08:33:01[]
2019-07-31 08:33:01##
2019-07-31 08:33:17{"type":"use","pass":"996284","account":"18676502956"}
2019-07-31 08:33:21[]
2019-07-31 08:33:21##
2019-07-31 08:33:37{"type":"use"}
2019-07-31 08:33:39[]
2019-07-31 08:33:39##
2019-07-31 08:34:44{"type":"use"}
2019-07-31 08:34:46[]
2019-07-31 08:34:46##
2019-07-31 08:34:53{"p":"1","size":"30","keywords":""}
2019-07-31 08:34:58[]
2019-07-31 08:34:58##
2019-07-31 08:46:48{"name":"刘隽","account":"18681360828"}
2019-07-31 08:47:16[]
2019-07-31 08:47:16##
2019-07-31 08:47:27[]
2019-07-31 08:47:27##
2019-07-31 08:47:37{"type":"use","pass":"360217","account":"18681360828"}
2019-07-31 08:47:41[]
2019-07-31 08:47:41##
2019-07-31 08:47:45[]
2019-07-31 08:47:45##
2019-07-31 08:48:06[]
2019-07-31 08:48:06##
2019-07-31 08:48:07[]
2019-07-31 08:48:07##
2019-07-31 08:48:18[]
2019-07-31 08:48:18##
2019-07-31 08:48:18[]
2019-07-31 08:48:18##
2019-07-31 08:48:33[]
2019-07-31 08:48:33##
2019-07-31 08:48:33[]
2019-07-31 08:48:33##
2019-07-31 08:49:07{"name":"张又千","account":"17748133344"}
2019-07-31 08:49:11[]
2019-07-31 08:49:11##
2019-07-31 08:49:12[]
2019-07-31 08:49:12##
2019-07-31 08:50:23[]
2019-07-31 08:50:23##
2019-07-31 08:50:23[]
2019-07-31 08:50:23##
2019-07-31 08:50:49[]
2019-07-31 08:50:49##
2019-07-31 08:50:57{"p":"1","size":"30","keywords":""}
2019-07-31 08:50:58{"name":"王郑丽","account":"13778513889"}
2019-07-31 08:51:04[]
2019-07-31 08:51:04##
2019-07-31 08:51:04[]
2019-07-31 08:51:04##
2019-07-31 08:51:05{"id":"11507","p":"1","size":"15","status":"0"}
2019-07-31 08:51:12[]
2019-07-31 08:51:12##
2019-07-31 08:51:22{"type":"use","pass":"916415","account":"17748133344"}
2019-07-31 08:51:26[]
2019-07-31 08:51:26##
2019-07-31 08:51:41[]
2019-07-31 08:51:41##
2019-07-31 08:51:45{"p":"1","size":"30","keywords":""}
2019-07-31 08:51:55{"id":"11510","p":"1","size":"15","status":"0"}
2019-07-31 08:52:20[]
2019-07-31 08:52:20##
2019-07-31 08:52:22{"p":"1","size":"30"}
2019-07-31 08:52:28{"name":"邓雨停","account":"17395376382"}
2019-07-31 08:53:06[]
2019-07-31 08:53:06##
2019-07-31 08:53:06[]
2019-07-31 08:53:06##
2019-07-31 08:53:25{"name":"熊杨","account":"15583873849"}
2019-07-31 08:53:27[]
2019-07-31 08:53:27##
2019-07-31 08:53:27[]
2019-07-31 08:53:27##
2019-07-31 08:53:28[]
2019-07-31 08:53:28##
2019-07-31 08:53:37[]
2019-07-31 08:53:37##
2019-07-31 08:53:43[]
2019-07-31 08:53:43##
2019-07-31 08:53:48{"name":"代臣芳","account":"13198210567"}
2019-07-31 08:53:55[]
2019-07-31 08:53:55##
2019-07-31 08:53:55[]
2019-07-31 08:53:55##
2019-07-31 08:54:00{"type":"use","pass":"400548","account":"17395376382"}
2019-07-31 08:54:03[]
2019-07-31 08:54:03##
2019-07-31 08:54:18{"type":"use","pass":"543034","account":"15583873849"}
2019-07-31 08:54:18[]
2019-07-31 08:54:18##
2019-07-31 08:54:39[]
2019-07-31 08:54:39##
2019-07-31 08:54:51{"type":"use","pass":"543050","account":"15583873849"}
2019-07-31 08:54:54[]
2019-07-31 08:54:54##
2019-07-31 08:55:00{"p":"1","size":"15"}
2019-07-31 08:55:02[]
2019-07-31 08:55:02##
2019-07-31 08:55:03{"p":"1","size":"30","keywords":""}
2019-07-31 08:55:07[]
2019-07-31 08:55:07##
2019-07-31 08:55:18{"p":"1","size":"30"}
2019-07-31 08:55:19[]
2019-07-31 08:55:19##
2019-07-31 08:55:20{"p":"1","size":"15"}
2019-07-31 08:55:23{"type":"use"}
2019-07-31 08:55:26[]
2019-07-31 08:55:26##
2019-07-31 08:55:38[]
2019-07-31 08:55:38##
2019-07-31 08:55:51[]
2019-07-31 08:55:51##
2019-07-31 08:55:52{"type":"use"}
2019-07-31 08:55:53{"p":"1","size":"15"}
2019-07-31 08:55:53[]
2019-07-31 08:55:53##
2019-07-31 08:55:54[]
2019-07-31 08:55:54##
2019-07-31 08:55:54[]
2019-07-31 08:55:54##
2019-07-31 08:58:20[]
2019-07-31 08:58:20##
2019-07-31 08:58:30{"type":"use","pass":"426150","account":"13198210567"}
2019-07-31 08:58:34[]
2019-07-31 08:58:34##
2019-07-31 08:58:43{"type":"use"}
2019-07-31 08:58:44[]
2019-07-31 08:58:44##
2019-07-31 08:58:53[]
2019-07-31 08:58:53##
2019-07-31 08:58:55{"type":"use"}
2019-07-31 08:58:56[]
2019-07-31 08:58:56##
2019-07-31 08:58:57[]
2019-07-31 08:58:57##
2019-07-31 08:58:57[]
2019-07-31 08:58:57##
2019-07-31 08:59:24{"name":"邓丽娟","account":"15119042955"}
2019-07-31 09:00:05[]
2019-07-31 09:00:05##
2019-07-31 09:00:23[]
2019-07-31 09:00:23##
2019-07-31 09:00:30{"type":"use","pass":"332403","account":"15119042955"}
2019-07-31 09:00:34[]
2019-07-31 09:00:34##
2019-07-31 09:01:25[]
2019-07-31 09:01:25##
2019-07-31 09:01:36[]
2019-07-31 09:01:36##
2019-07-31 09:01:37[]
2019-07-31 09:01:37##
2019-07-31 09:01:37[]
2019-07-31 09:01:37##
2019-07-31 09:01:38[]
2019-07-31 09:01:38##
2019-07-31 09:01:38[]
2019-07-31 09:01:38##
2019-07-31 09:01:39[]
2019-07-31 09:01:39##
2019-07-31 09:01:41[]
2019-07-31 09:01:41##
2019-07-31 09:01:41[]
2019-07-31 09:01:41##
2019-07-31 09:01:42[]
2019-07-31 09:01:42##
2019-07-31 09:01:43[]
2019-07-31 09:01:43##
2019-07-31 09:07:39[]
2019-07-31 09:07:39##
2019-07-31 09:07:39[]
2019-07-31 09:07:39##
2019-07-31 09:07:44{"type":"use"}
2019-07-31 09:07:57{"type":"use","oldPass":"332403","newPass":"136695"}
2019-07-31 09:08:00{"type":"use"}
2019-07-31 09:10:22[]
2019-07-31 09:10:22##
2019-07-31 09:10:25[]
2019-07-31 09:10:25##
2019-07-31 09:10:31[]
2019-07-31 09:10:31##
2019-07-31 09:10:46{"name":"杨静","account":"15237803769"}
2019-07-31 09:11:01[]
2019-07-31 09:11:01##
2019-07-31 09:34:27[]
2019-07-31 09:34:27##
2019-07-31 09:49:40[]
2019-07-31 09:49:40##
2019-07-31 09:49:56[]
2019-07-31 09:49:56##
2019-07-31 09:50:07{"type":"use","pass":"567272","account":"18390596361"}
2019-07-31 09:50:10[]
2019-07-31 09:50:10##
2019-07-31 09:50:31[]
2019-07-31 09:50:31##
2019-07-31 09:50:36[]
2019-07-31 09:50:36##
2019-07-31 09:50:38[]
2019-07-31 09:50:38##
2019-07-31 09:50:39[]
2019-07-31 09:50:39##
2019-07-31 09:50:44[]
2019-07-31 09:50:44##
2019-07-31 09:50:45[]
2019-07-31 09:50:45##
2019-07-31 09:50:47[]
2019-07-31 09:50:47##
2019-07-31 09:50:50[]
2019-07-31 09:50:50##
2019-07-31 09:50:56[]
2019-07-31 09:50:56##
2019-07-31 09:50:57[]
2019-07-31 09:50:57##
2019-07-31 09:51:00{"type":"use"}
2019-07-31 09:51:04[]
2019-07-31 09:51:04##
2019-07-31 09:51:15[]
2019-07-31 09:51:15##
2019-07-31 09:51:25{"type":"use","pass":"561212","account":"18390596361"}
2019-07-31 09:51:31{"type":"use"}
2019-07-31 09:51:38[]
2019-07-31 09:51:38##
2019-07-31 09:51:38[]
2019-07-31 09:51:38##
2019-07-31 09:52:02[]
2019-07-31 09:52:02##
2019-07-31 09:52:13{"type":"use","pass":"567272","account":"18390596361"}
2019-07-31 09:52:17[]
2019-07-31 09:52:17##
2019-07-31 09:52:36[]
2019-07-31 09:52:36##
2019-07-31 09:52:36[]
2019-07-31 09:52:36##
2019-07-31 09:52:40[]
2019-07-31 09:52:40##
2019-07-31 09:52:40[]
2019-07-31 09:52:40##
2019-07-31 09:52:41[]
2019-07-31 09:52:41##
2019-07-31 09:52:41[]
2019-07-31 09:52:41##
2019-07-31 09:52:42[]
2019-07-31 09:52:42##
2019-07-31 09:52:43[]
2019-07-31 09:52:43##
2019-07-31 09:52:44[]
2019-07-31 09:52:44##
2019-07-31 09:52:47[]
2019-07-31 09:52:47##
2019-07-31 09:52:47[]
2019-07-31 09:52:47##
2019-07-31 10:04:45[]
2019-07-31 10:04:45##
2019-07-31 10:05:01{"type":"use","pass":"655583","account":"13778513889"}
2019-07-31 10:05:05[]
2019-07-31 10:05:05##
2019-07-31 10:05:43[]
2019-07-31 10:05:43##
2019-07-31 10:05:44[]
2019-07-31 10:05:44##
2019-07-31 10:07:17[]
2019-07-31 10:07:17##
2019-07-31 10:07:17[]
2019-07-31 10:07:17##
2019-07-31 10:07:43{"name":"涂代婷","account":"15281385307"}
2019-07-31 10:07:53[]
2019-07-31 10:07:53##
2019-07-31 10:07:54[]
2019-07-31 10:07:54##
2019-07-31 10:08:25[]
2019-07-31 10:08:25##
2019-07-31 10:08:25[]
2019-07-31 10:08:25##
2019-07-31 10:08:36[]
2019-07-31 10:08:36##
2019-07-31 10:08:38{"name":"罗婷","account":"18681362327"}
2019-07-31 10:08:43[]
2019-07-31 10:08:43##
2019-07-31 10:08:43[]
2019-07-31 10:08:43##
2019-07-31 10:08:47[]
2019-07-31 10:08:47##
2019-07-31 10:09:04{"type":"use","pass":"377139","account":"15281385307"}
2019-07-31 10:09:08[]
2019-07-31 10:09:08##
2019-07-31 10:09:39[]
2019-07-31 10:09:39##
2019-07-31 10:09:40[]
2019-07-31 10:09:40##
2019-07-31 10:09:41[]
2019-07-31 10:09:41##
2019-07-31 10:09:41[]
2019-07-31 10:09:41##
2019-07-31 10:09:41[]
2019-07-31 10:09:41##
2019-07-31 10:09:42[]
2019-07-31 10:09:42##
2019-07-31 10:09:43[]
2019-07-31 10:09:43##
2019-07-31 10:09:43[]
2019-07-31 10:09:43##
2019-07-31 10:09:43[]
2019-07-31 10:09:43##
2019-07-31 10:09:44[]
2019-07-31 10:09:44##
2019-07-31 10:14:40[]
2019-07-31 10:14:40##
2019-07-31 10:14:53{"type":"use","pass":"904570","account":"18681362327"}
2019-07-31 10:15:00[]
2019-07-31 10:15:00##
2019-07-31 10:15:33[]
2019-07-31 10:15:33##
2019-07-31 10:15:34[]
2019-07-31 10:15:34##
2019-07-31 10:16:04[]
2019-07-31 10:16:04##
2019-07-31 10:16:06[]
2019-07-31 10:16:06##
2019-07-31 10:16:14[]
2019-07-31 10:16:14##
2019-07-31 10:16:15[]
2019-07-31 10:16:15##
2019-07-31 10:16:22{"name":"刘蓉","account":"13629023550"}
2019-07-31 10:16:30[]
2019-07-31 10:16:30##
2019-07-31 10:16:31[]
2019-07-31 10:16:31##
2019-07-31 10:16:32[]
2019-07-31 10:16:32##
2019-07-31 10:16:32[]
2019-07-31 10:16:32##
2019-07-31 10:16:33[]
2019-07-31 10:16:33##
2019-07-31 10:16:34[]
2019-07-31 10:16:34##
2019-07-31 10:17:05[]
2019-07-31 10:17:05##
2019-07-31 10:17:06[]
2019-07-31 10:17:06##
2019-07-31 10:17:21{"name":"罗月乔","account":"18942812599"}
2019-07-31 10:17:24[]
2019-07-31 10:17:24##
2019-07-31 10:17:25[]
2019-07-31 10:17:25##
2019-07-31 10:17:28{"type":"use"}
2019-07-31 10:17:31[]
2019-07-31 10:17:31##
2019-07-31 10:17:33[]
2019-07-31 10:17:33##
2019-07-31 10:17:33[]
2019-07-31 10:17:33##
2019-07-31 10:18:57{"type":"use","pass":"353910","account":"13888888888"}
2019-07-31 10:19:01[]
2019-07-31 10:19:01##
2019-07-31 10:28:12[]
2019-07-31 10:28:12##
2019-07-31 10:28:12[]
2019-07-31 10:28:12##
2019-07-31 10:28:22{"name":"龚颜","account":"13778563584"}
2019-07-31 10:28:33[]
2019-07-31 10:28:33##
2019-07-31 10:28:33[]
2019-07-31 10:28:33##
2019-07-31 10:39:07[]
2019-07-31 10:39:07##
2019-07-31 10:40:04{"type":"use","pass":"353910","account":"13888888888"}
2019-07-31 10:40:08[]
2019-07-31 10:40:08##
2019-07-31 10:40:36[]
2019-07-31 10:40:36##
2019-07-31 10:40:43{"p":"1","size":"30","keywords":""}
2019-07-31 10:40:50{"id":"11510","p":"1","size":"15","status":"1"}
2019-07-31 10:41:42{"p":"1","size":"30","keywords":""}
2019-07-31 10:41:44[]
2019-07-31 10:41:44##
2019-07-31 10:41:57{"name":"张燕","account":"18980234989"}
2019-07-31 10:42:19[]
2019-07-31 10:42:19##
2019-07-31 10:42:43[]
2019-07-31 10:42:43##
2019-07-31 10:42:49[]
2019-07-31 10:42:49##
2019-07-31 10:42:59{"type":"use","pass":"816672","account":"18980234989"}
2019-07-31 10:43:04[]
2019-07-31 10:43:04##
2019-07-31 10:43:12{"name":"黄丽丽","account":"18281355453"}
2019-07-31 10:43:23[]
2019-07-31 10:43:23##
2019-07-31 10:44:14[]
2019-07-31 10:44:14##
2019-07-31 10:44:18{"mobile":"13800138000","name":"张三"}
2019-07-31 10:44:29[]
2019-07-31 10:44:29##
2019-07-31 10:44:44{"type":"use","pass":"878229","account":"18281355453"}
2019-07-31 10:44:48[]
2019-07-31 10:44:48##
2019-07-31 10:45:07[]
2019-07-31 10:45:07##
2019-07-31 10:45:08[]
2019-07-31 10:45:08##
2019-07-31 10:45:09[]
2019-07-31 10:45:09##
2019-07-31 10:45:39{"mobile":"13800138000","name":"张三"}
2019-07-31 10:45:41{"city":"广东省 广州市 花都区","num":"38","addr":"新华街11号","mobile":"13800138000","name":"张三"}
2019-07-31 10:45:44[]
2019-07-31 10:45:44##
2019-07-31 10:46:52{"p":"1","size":"30","keywords":""}
2019-07-31 10:47:19{"id":"11466","p":"1","size":"15","status":"0"}
2019-07-31 10:47:24{"p":"1","size":"30","keywords":""}
2019-07-31 10:47:26{"id":"11466","p":"1","size":"15","status":"0"}
2019-07-31 10:47:27{"p":"1","size":"30","keywords":""}
2019-07-31 10:48:05{"id":"11466","p":"1","size":"15","status":"0"}
2019-07-31 10:48:17{"ids":"286569"}
2019-07-31 10:49:55{"ids":"286569","id":"11466"}
2019-07-31 10:49:58{"id":"11466","p":"1","size":"15","status":"0"}
2019-07-31 10:50:00{"p":"1","size":"30","keywords":""}
2019-07-31 10:59:22[]
2019-07-31 10:59:22##
2019-07-31 11:01:54[]
2019-07-31 11:01:54##
2019-07-31 11:01:55[]
2019-07-31 11:01:55##
2019-07-31 11:01:55[]
2019-07-31 11:01:55##
2019-07-31 11:01:56[]
2019-07-31 11:01:56##
2019-07-31 11:01:56[]
2019-07-31 11:01:56##
2019-07-31 11:01:57[]
2019-07-31 11:01:57##
2019-07-31 11:01:57[]
2019-07-31 11:01:57##
2019-07-31 11:01:58[]
2019-07-31 11:01:58##
2019-07-31 11:01:58[]
2019-07-31 11:01:58##
2019-07-31 11:01:58[]
2019-07-31 11:01:58##
2019-07-31 11:01:59[]
2019-07-31 11:01:59##
2019-07-31 11:01:59[]
2019-07-31 11:01:59##
2019-07-31 11:02:00[]
2019-07-31 11:02:00##
2019-07-31 11:02:00[]
2019-07-31 11:02:00##
2019-07-31 11:02:01[]
2019-07-31 11:02:01##
2019-07-31 11:02:01[]
2019-07-31 11:02:01##
2019-07-31 11:08:07[]
2019-07-31 11:08:07##
2019-07-31 11:08:08[]
2019-07-31 11:08:08##
2019-07-31 11:08:14{"p":"1","size":"15"}
2019-07-31 11:08:17[]
2019-07-31 11:08:17##
2019-07-31 11:08:17[]
2019-07-31 11:08:17##
2019-07-31 11:08:19{"p":"1","size":"30","keywords":""}
2019-07-31 11:08:23[]
2019-07-31 11:08:23##
2019-07-31 11:08:23[]
2019-07-31 11:08:23##
2019-07-31 11:08:28{"type":"use"}
2019-07-31 11:08:31[]
2019-07-31 11:08:31##
2019-07-31 11:08:31[]
2019-07-31 11:08:31##
2019-07-31 11:08:33{"type":"use"}
2019-07-31 11:08:35[]
2019-07-31 11:08:35##
2019-07-31 11:08:36{"p":"1","size":"30"}
2019-07-31 11:08:38[]
2019-07-31 11:08:38##
2019-07-31 11:08:39{"p":"1","size":"30","keywords":""}
2019-07-31 11:08:41[]
2019-07-31 11:08:41##
2019-07-31 11:08:46{"type":"use"}
2019-07-31 11:09:56[]
2019-07-31 11:09:56##
2019-07-31 11:36:04[]
2019-07-31 11:36:04##
2019-07-31 11:36:17{"type":"use"}
2019-07-31 11:36:22[]
2019-07-31 11:36:22##
2019-07-31 12:45:46[]
2019-07-31 12:45:46##
2019-07-31 12:45:51{"p":"1","size":"30","keywords":""}
2019-07-31 12:46:00[]
2019-07-31 12:46:00##
2019-07-31 12:59:34[]
2019-07-31 12:59:34##
2019-07-31 12:59:54{"name":"黄英","account":"15680223225"}
2019-07-31 13:01:24[]
2019-07-31 13:01:24##
2019-07-31 15:13:06[]
2019-07-31 15:13:06##
2019-07-31 15:41:36[]
2019-07-31 15:41:36##
2019-07-31 15:41:37[]
2019-07-31 15:41:37##
2019-07-31 15:41:41{"p":"1","size":"30","keywords":""}
2019-07-31 15:42:01[]
2019-07-31 15:42:01##
2019-07-31 15:42:05[]
2019-07-31 15:42:05##
2019-07-31 15:42:16{"text":"000"}
2019-07-31 15:42:46{"mobile":"13800138000","name":"张三"}
2019-07-31 15:43:11{"mobile":"13800138000","name":"张三"}
2019-07-31 15:43:15{"city":"广东省 广州市 花都区","num":"38","addr":"新华街","mobile":"13800138000","name":"张三"}
2019-07-31 15:43:19[]
2019-07-31 15:43:19##
2019-07-31 15:43:22{"p":"1","size":"30","keywords":""}
2019-07-31 15:43:26[]
2019-07-31 15:43:26##
2019-07-31 15:43:28{"p":"1","size":"30","keywords":""}
2019-07-31 15:43:38{"id":"11466","p":"1","size":"15","status":"0"}
2019-07-31 15:43:50{"ids":"286570"}
2019-07-31 15:43:53{"ids":"286570","id":"11466"}
2019-07-31 15:43:56{"id":"11466","p":"1","size":"15","status":"0"}
2019-07-31 15:43:57{"p":"1","size":"30","keywords":""}
2019-07-31 15:44:02[]
2019-07-31 15:44:02##
2019-07-31 15:44:05{"p":"1","size":"15"}
2019-07-31 15:44:17[]
2019-07-31 15:44:17##
2019-07-31 15:44:18{"p":"1","size":"30","keywords":""}
2019-07-31 15:45:13{"id":"11469","p":"1","size":"15","status":"0"}
2019-07-31 15:45:15{"p":"1","size":"30","keywords":""}
2019-07-31 15:45:21[]
2019-07-31 15:45:21##
2019-07-31 15:54:47[]
2019-07-31 15:54:47##
2019-07-31 16:31:00{"p":"1","size":"15"}
2019-07-31 16:31:06[]
2019-07-31 16:31:06##
2019-07-31 16:31:08{"p":"1","size":"30"}
2019-07-31 16:31:10[]
2019-07-31 16:31:10##
2019-07-31 16:37:15[]
2019-07-31 16:37:15##
2019-07-31 16:37:18[]
2019-07-31 16:37:18##
2019-07-31 16:37:21{"p":"1","size":"30","keywords":""}
2019-07-31 16:37:29{"ids":"11509"}
2019-07-31 16:37:34{"p":"1","size":"30","keywords":""}
2019-07-31 16:37:57[]
2019-07-31 16:37:57##
2019-07-31 16:37:58[]
2019-07-31 16:37:58##
2019-07-31 16:38:09[]
2019-07-31 16:38:09##
2019-07-31 16:38:09[]
2019-07-31 16:38:09##
2019-07-31 16:38:11[]
2019-07-31 16:38:11##
2019-07-31 16:38:26[]
2019-07-31 16:38:26##
2019-07-31 16:38:26[]
2019-07-31 16:38:26##
2019-07-31 16:44:23[]
2019-07-31 16:44:23##
2019-07-31 16:44:23[]
2019-07-31 16:44:23##
2019-07-31 16:44:56{"name":"曾友邓","account":"18773859022"}
2019-07-31 16:48:49[]
2019-07-31 16:48:49##
2019-07-31 16:48:49[]
2019-07-31 16:48:49##
2019-07-31 16:49:09{"name":"伍佳玲","account":"15914260867"}
2019-07-31 16:54:02[]
2019-07-31 16:54:02##
2019-07-31 16:54:02[]
2019-07-31 16:54:02##
2019-07-31 16:54:29[]
2019-07-31 16:54:29##
2019-07-31 16:54:31{"p":"1","size":"30","keywords":""}
2019-07-31 16:54:33[]
2019-07-31 16:54:33##
2019-07-31 16:54:36{"name":"唐若余","account":"15973853334"}
2019-07-31 16:54:40[]
2019-07-31 16:54:40##
2019-07-31 16:54:46[]
2019-07-31 16:54:46##
2019-07-31 16:55:06{"mobile":"15111020417","name":"曾琴琴"}
2019-07-31 16:55:26[]
2019-07-31 16:55:26##
2019-07-31 16:55:26[]
2019-07-31 16:55:26##
2019-07-31 16:55:39{"name":"唐若余","account":"15973853334"}
2019-07-31 16:55:46{"mobile":"15111020417","name":"曾琴琴"}
2019-07-31 16:55:47{"type":"use"}
2019-07-31 16:55:48{"city":"湖南省 邵阳市 新邵县","num":"37","addr":"新邵县酿溪镇","mobile":"15111020417","name":"曾琴琴"}
2019-07-31 16:55:51[]
2019-07-31 16:55:51##
2019-07-31 16:55:54[]
2019-07-31 16:55:54##
2019-07-31 16:56:17[]
2019-07-31 16:56:17##
2019-07-31 16:56:17[]
2019-07-31 16:56:17##
2019-07-31 16:56:21{"type":"use"}
2019-07-31 16:56:23[]
2019-07-31 16:56:23##
2019-07-31 16:56:42[]
2019-07-31 16:56:42##
2019-07-31 17:00:53[]
2019-07-31 17:00:53##
2019-07-31 17:00:53[]
2019-07-31 17:00:53##
2019-07-31 17:01:44[]
2019-07-31 17:01:44##
2019-07-31 17:01:44[]
2019-07-31 17:01:44##
2019-07-31 17:02:12{"name":"大余儿","account":"15973853333"}
2019-07-31 17:02:22{"type":"use"}
2019-07-31 17:09:06[]
2019-07-31 17:09:06##
2019-07-31 17:10:19[]
2019-07-31 17:10:19##
2019-07-31 17:47:31[]
2019-07-31 17:47:31##
2019-07-31 17:47:47{"type":"use","pass":"693566","account":"18773859022"}
2019-07-31 17:47:51[]
2019-07-31 17:47:51##
2019-07-31 17:48:03{"p":"1","size":"15"}
2019-07-31 17:48:05[]
2019-07-31 17:48:05##
2019-07-31 17:48:09{"p":"1","size":"30","keywords":""}
2019-07-31 17:48:13[]
2019-07-31 17:48:13##
2019-07-31 17:48:17{"type":"use"}
2019-07-31 17:48:19[]
2019-07-31 17:48:19##
2019-07-31 17:48:22{"type":"use"}
2019-07-31 17:48:51{"type":"use","oldPass":"693566","newPass":"219124"}
2019-07-31 17:48:53{"type":"use"}
2019-07-31 17:48:57[]
2019-07-31 17:48:57##
2019-07-31 17:49:03{"type":"use"}
2019-07-31 17:49:04[]
2019-07-31 17:49:04##
2019-07-31 17:49:09[]
2019-07-31 17:49:09##
2019-07-31 17:49:19[]
2019-07-31 17:49:19##
2019-07-31 17:49:20{"type":"use"}
2019-07-31 17:49:21{"type":"use"}
2019-07-31 17:49:22{"type":"use"}
2019-07-31 17:49:22[]
2019-07-31 17:49:22##
2019-07-31 17:49:22[]
2019-07-31 17:49:22##
2019-07-31 21:41:37[]
2019-07-31 21:41:37##
2019-07-31 21:41:38[]
2019-07-31 21:41:38##
2019-07-31 22:16:08[]
2019-07-31 22:16:08##
2019-07-31 22:16:09[]
2019-07-31 22:16:09##
2019-07-31 22:16:10[]
2019-07-31 22:16:10##
2019-07-31 22:16:10[]
2019-07-31 22:16:10##
2019-07-31 22:16:11[]
2019-07-31 22:16:11##
2019-07-31 22:16:11[]
2019-07-31 22:16:11##
2019-07-31 22:16:12[]
2019-07-31 22:16:12##
2019-07-31 22:16:12[]
2019-07-31 22:16:12##
2019-07-31 22:16:13[]
2019-07-31 22:16:13##
2019-07-31 22:16:13[]
2019-07-31 22:16:13##
2019-07-31 22:16:14[]
2019-07-31 22:16:14##
2019-07-31 22:16:14[]
2019-07-31 22:16:14##
2019-07-31 22:16:15[]
2019-07-31 22:16:15##
2019-07-31 22:16:15[]
2019-07-31 22:16:15##
2019-07-31 22:16:16[]
2019-07-31 22:16:16##
2019-07-31 23:32:39[]
2019-07-31 23:32:39##
2019-07-31 23:32:40[]
2019-07-31 23:32:40##
2019-07-31 23:32:49[]
2019-07-31 23:32:49##
