2019-07-18 21:31:29{"account":"13888888888","password":"4297f44b13955235245b2497399d7a93"}
2019-07-18 21:31:30{"account":"13888888888","password":"4297f44b13955235245b2497399d7a93"}
2019-07-18 21:31:37{"account":"13888888888","password":"4297f44b13955235245b2497399d7a93"}
2019-07-18 21:31:43{"account":"13888888888","password":"4297f44b13955235245b2497399d7a93"}
2019-07-18 21:34:35{"account":"13800000000","password":"4297f44b13955235245b2497399d7a93"}
2019-07-18 21:35:05{"account":"13800000000","password":"4297f44b13955235245b2497399d7a93"}
2019-07-18 21:35:07[]
2019-07-18 21:35:07##
2019-07-18 21:35:10{"p":1,"size":15,"name":"","account":""}
2019-07-18 21:35:28{"name":"财务","account":"13888888888"}
2019-07-18 21:35:29{"p":1,"size":15,"name":"","account":""}
2019-07-18 21:35:36{"p":1,"size":15,"type":1,"stime":"","etime":"","city":"","agent_name":"","oem_name":""}
2019-07-18 21:35:40{"p":1,"size":15,"name":"","account":""}
2019-07-18 21:35:41[]
2019-07-18 21:35:41##
2019-07-18 21:37:18{"p":1,"size":15,"name":"","account":""}
2019-07-18 21:43:39{"account":"13888888888","password":"8292a63291fb67a992be95949986347c"}
2019-07-18 21:43:41{"account":"13888888888","password":"8292a63291fb67a992be95949986347c"}
2019-07-18 21:43:53{"account":"13888888888","password":"8292a63291fb67a992be95949986347c"}
2019-07-18 21:43:54{"account":"13888888888","password":"8292a63291fb67a992be95949986347c"}
2019-07-18 21:44:12{"account":"13800000000","password":"4297f44b13955235245b2497399d7a93"}
2019-07-18 21:44:14[]
2019-07-18 21:44:14##
2019-07-18 21:44:20{"p":1,"size":15,"remark":""}
2019-07-18 21:44:22{"p":1,"stime":"","etime":"","name":"ACTIVITY"}
2019-07-18 21:44:39{"id":1,"sTime":1563379200,"etime":1564761600}
2019-07-18 22:05:42{"account":"13800000000","password":"4297f44b13955235245b2497399d7a93"}
2019-07-18 22:05:42[]
2019-07-18 22:05:42##
2019-07-18 22:05:45{"p":1,"size":15,"remark":""}
2019-07-18 22:05:47{"p":1,"stime":"","etime":"","name":"ACTIVITY"}
2019-07-18 22:06:00{"id":1,"sTime":1563379200,"etime":1564502400}
2019-07-18 22:09:14{"id":1,"sTime":1563379200,"etime":1564502400}
2019-07-18 22:09:16{"p":1,"stime":1563379200,"etime":1564502400,"name":"ACTIVITY"}
2019-07-18 22:09:22{"id":2,"num":"300000"}
2019-07-18 22:09:30{"id":2,"num":"300000"}
2019-07-18 22:10:29{"p":1,"stime":"","etime":"","name":"ACTIVITY"}
2019-07-18 22:10:37{"p":1,"stime":"","etime":"","name":"ACTIVITY"}
2019-07-18 22:10:41{"id":2,"num":"300000"}
2019-07-18 22:10:43{"p":1,"stime":"","etime":"","name":"ACTIVITY"}
2019-07-18 22:10:50{"p":1,"size":15,"remark":""}
2019-07-18 22:10:52{"p":1,"size":15,"remark":""}
2019-07-18 22:10:53{"p":1,"stime":"","etime":"","name":"ACTIVITY"}
2019-07-18 22:10:58{"id":1,"sTime":1563379200,"etime":1564416000}
2019-07-18 22:10:59{"p":1,"stime":1563379200,"etime":1564416000,"name":"ACTIVITY"}
2019-07-18 22:36:16{"account":"13800138000","password":"4297f44b13955235245b2497399d7a93"}
2019-07-18 22:36:18{"account":"13800138000","password":"4297f44b13955235245b2497399d7a93"}
2019-07-18 22:36:29{"account":"13800000000","password":"4297f44b13955235245b2497399d7a93"}
2019-07-18 22:36:30[]
2019-07-18 22:36:30##
2019-07-18 22:36:37{"p":1,"size":15,"remark":""}
2019-07-18 22:36:38{"p":1,"stime":"","etime":"","name":"ACTIVITY"}
2019-07-18 22:36:43{"p":1,"size":15,"remark":""}
2019-07-18 22:36:54{"p":1,"size":15,"type":1,"stime":"","etime":"","city":"","agent_name":"","oem_name":""}
2019-07-18 22:36:55[]
2019-07-18 22:36:55##
2019-07-18 22:37:01[]
2019-07-18 22:37:01##
2019-07-18 22:37:12{"type":"use","pass":"449282","account":"13888888888"}
2019-07-18 22:37:15[]
2019-07-18 22:37:15##
2019-07-18 22:37:37[]
2019-07-18 22:37:37##
2019-07-18 22:37:38[]
2019-07-18 22:37:38##
2019-07-18 22:37:39[]
2019-07-18 22:37:39##
2019-07-18 22:37:40[]
2019-07-18 22:37:40##
2019-07-18 22:37:45[]
2019-07-18 22:37:45##
2019-07-18 22:37:48[]
2019-07-18 22:37:48##
2019-07-18 22:38:19{"name":"张三","account":"13430368907"}
2019-07-18 22:40:06{"name":"张三","account":"13430368907"}
2019-07-18 22:40:24{"name":"李四","account":"13430368908"}
2019-07-18 22:48:21[]
2019-07-18 22:48:21##
2019-07-18 22:51:29[]
2019-07-18 22:51:29##
2019-07-18 22:54:15[]
2019-07-18 22:54:15##
2019-07-18 22:54:18[]
2019-07-18 22:54:18##
2019-07-18 22:55:14[]
2019-07-18 22:55:14##
2019-07-18 22:56:18[]
2019-07-18 22:56:18##
2019-07-18 22:56:21[]
2019-07-18 22:56:21##
2019-07-18 22:56:33[]
2019-07-18 22:56:33##
2019-07-18 22:56:53[]
2019-07-18 22:56:53##
2019-07-18 22:56:56[]
2019-07-18 22:56:56##
2019-07-18 22:57:48[]
2019-07-18 22:57:48##
2019-07-18 22:57:53[]
2019-07-18 22:57:53##
2019-07-18 22:57:57{"p":"1","size":"30"}
2019-07-18 22:57:59[]
2019-07-18 22:57:59##
2019-07-18 22:58:01[]
2019-07-18 22:58:01##
2019-07-18 22:59:08{"mobile":"13434543456","name":"张三"}
2019-07-18 22:59:20{"p":1,"size":15,"type":1,"stime":"","etime":"","city":"","agent_name":"","oem_name":""}
2019-07-18 22:59:23{"p":1,"stime":"","etime":"","name":"ACTIVITY"}
2019-07-18 22:59:24{"p":1,"size":15,"remark":""}
2019-07-18 22:59:42{"key":"一箱","data":"20"}
2019-07-18 22:59:44{"p":1,"size":15,"remark":""}
2019-07-18 22:59:51{"id":26,"data":"10"}
2019-07-18 22:59:53{"p":1,"size":15,"remark":""}
2019-07-18 22:59:58[]
2019-07-18 22:59:58##
2019-07-18 23:00:16{"mobile":"13423454234","name":"张三"}
2019-07-18 23:00:20{"mobile":"13423454234","name":"张三"}
2019-07-18 23:00:21{"city":"北京 北京市 东城区","num":"26","addr":"1111","mobile":"13423454234","name":"张三"}
2019-07-18 23:13:14[]
2019-07-18 23:13:14##
2019-07-18 23:14:04{"text":"广东省广州市白云区新市 李四 13434534565"}
2019-07-18 23:14:04{"mobile":"13434534565","name":"李四"}
2019-07-18 23:14:07{"mobile":"13434534565","name":"李四"}
2019-07-18 23:14:08{"city":"广东省 广州市 白云区","num":"26","addr":"新市","mobile":"13434534565","name":"李四"}
2019-07-18 23:16:31[]
2019-07-18 23:16:31##
2019-07-18 23:16:41{"text":"广东省广州市白云区新市 李四 13434534565"}
2019-07-18 23:16:41{"mobile":"13434534565","name":"李四"}
2019-07-18 23:16:43{"mobile":"13434534565","name":"李四"}
2019-07-18 23:16:45{"city":"广东省 广州市 白云区","num":"26","addr":"新市","mobile":"13434534565","name":"李四"}
2019-07-18 23:16:48[]
2019-07-18 23:16:48##
2019-07-18 23:16:55{"p":"1","size":"30","keywords":""}
2019-07-18 23:17:00{"id":"11466","p":"1","size":"15","status":"0"}
2019-07-18 23:19:55{"id":"11466","p":"1","size":"15","status":"0"}
2019-07-18 23:20:32[]
2019-07-18 23:20:32##
2019-07-18 23:21:24{"p":"1","size":"30","keywords":""}
2019-07-18 23:21:26{"id":"11466","p":"1","size":"15","status":"0"}
2019-07-18 23:21:37{"id":"11466","p":"1","size":"15","status":"0"}
2019-07-18 23:26:42{"id":"11466","p":"1","size":"15","status":"0"}
2019-07-18 23:26:48{"id":"11466","p":"1","size":"15","status":"0"}
2019-07-18 23:27:44[]
2019-07-18 23:27:44##
2019-07-18 23:27:47[]
2019-07-18 23:27:47##
2019-07-18 23:27:57{"text":"广东省广州市白云区新市 李四 13434534565"}
2019-07-18 23:27:57{"mobile":"13434534565","name":"李四"}
2019-07-18 23:27:58{"mobile":"13434534565","name":"李四"}
2019-07-18 23:28:00{"city":"广东省 广州市 白云区","num":"26","addr":"新市","mobile":"13434534565","name":"李四"}
2019-07-18 23:28:03[]
2019-07-18 23:28:03##
2019-07-18 23:28:05{"p":"1","size":"30","keywords":""}
2019-07-18 23:28:08{"id":"11466","p":"1","size":"15","status":"0"}
2019-07-18 23:28:24{"type":"use"}
2019-07-18 23:28:29[]
2019-07-18 23:28:29##
2019-07-18 23:28:31{"p":"1","size":"30"}
2019-07-18 23:28:33[]
2019-07-18 23:28:33##
2019-07-18 23:28:35{"p":"1","size":"30"}
2019-07-18 23:28:43[]
2019-07-18 23:28:43##
2019-07-18 23:28:46{"p":"1","size":"15"}
2019-07-18 23:28:51[]
2019-07-18 23:28:51##
2019-07-18 23:28:53{"p":"1","size":"30","keywords":""}
2019-07-18 23:28:56[]
2019-07-18 23:28:56##
2019-07-18 23:28:57{"p":"1","size":"30","keywords":""}
2019-07-18 23:29:03[]
2019-07-18 23:29:03##
2019-07-18 23:29:05{"p":"1","size":"30"}
2019-07-18 23:29:07[]
2019-07-18 23:29:07##
2019-07-18 23:29:09{"p":"1","size":"30","keywords":""}
2019-07-18 23:29:14{"id":"11466","p":"1","size":"15","status":"0"}
2019-07-18 23:29:17{"id":"11466","p":"1","size":"15","status":"1"}
2019-07-18 23:29:18{"id":"11466","p":"1","size":"15","status":"0"}
2019-07-18 23:29:50{"id":"11466","p":"1","size":"15","status":"0"}
2019-07-18 23:29:53{"id":"11466","p":"1","size":"15","status":"1"}
2019-07-18 23:29:54{"id":"11466","p":"1","size":"15","status":"0"}
2019-07-18 23:30:00[]
2019-07-18 23:30:00##
2019-07-18 23:30:22{"type":"use"}
2019-07-18 23:30:25{"type":"use"}
2019-07-18 23:30:28[]
2019-07-18 23:30:28##
2019-07-18 23:31:04[]
2019-07-18 23:31:04##
2019-07-18 23:31:49[]
2019-07-18 23:31:49##
2019-07-18 23:33:26{"type":"use","account":"13430368907"}
2019-07-18 23:41:05{"type":"use","account":"13430368907"}
2019-07-18 23:42:26[]
2019-07-18 23:42:26##
2019-07-18 23:42:28{"p":1,"size":15,"name":"","account":""}
2019-07-18 23:42:37{"p":1,"size":15,"type":1,"stime":"","etime":"","city":"","agent_name":"","oem_name":""}
2019-07-18 23:46:24{"p":1,"stime":"","etime":"","name":"ACTIVITY"}
2019-07-18 23:46:32[]
2019-07-18 23:46:32##
2019-07-18 23:48:27{"type":"use","pass":"449282","account":"13888888888"}
2019-07-18 23:48:31[]
2019-07-18 23:48:31##
2019-07-18 23:49:08[]
2019-07-18 23:49:08##
2019-07-18 23:49:23[]
2019-07-18 23:49:23##
2019-07-18 23:49:30[]
2019-07-18 23:49:30##
2019-07-18 23:49:35[]
2019-07-18 23:49:35##
2019-07-18 23:49:36{"p":"1","size":"30","keywords":""}
2019-07-18 23:49:38{"id":"11466","p":"1","size":"15","status":"0"}
2019-07-18 23:52:19{"id":"11466","p":"1","size":"15","status":"1"}
2019-07-18 23:52:20{"id":"11466","p":"1","size":"15","status":"2"}
2019-07-18 23:52:21{"id":"11466","p":"1","size":"15","status":"0"}
2019-07-18 23:52:21{"id":"11466","p":"1","size":"15","status":"1"}
2019-07-18 23:52:22{"id":"11466","p":"1","size":"15","status":"2"}
