2019-07-30 15:32:07{"account":"13800000000","password":"52fab9ff83ff3898e1db263a713bd366"}
2019-07-30 15:32:08[]
2019-07-30 15:32:08##
2019-07-30 15:32:54{"p":1,"size":15,"name":"","account":""}
2019-07-30 15:32:58{"p":1,"size":15,"type":1,"stime":"","etime":"","city":"","agent_name":"","oem_name":""}
2019-07-30 15:33:21{"p":1,"size":15,"type":1,"stime":1564039500,"etime":1564557900,"city":"","agent_name":"","oem_name":""}
2019-07-30 15:33:27{"p":1,"size":15,"type":1,"stime":1561965900,"etime":1564557900,"city":"","agent_name":"","oem_name":""}
2019-07-30 15:35:46{"account":"13800000000","password":"52fab9ff83ff3898e1db263a713bd366"}
2019-07-30 15:35:46[]
2019-07-30 15:35:46##
2019-07-30 15:35:57{"p":1,"stime":"","etime":"","name":"ACTIVITY"}
2019-07-30 15:36:09{"id":1,"sTime":1561910400,"etime":1564502400}
2019-07-30 15:36:10{"p":1,"stime":1561910400,"etime":1564502400,"name":"ACTIVITY"}
2019-07-30 15:36:14[]
2019-07-30 15:36:14##
2019-07-30 15:36:32{"type":"use","pass":"353910","account":"13888888888"}
2019-07-30 15:36:35[]
2019-07-30 15:36:35##
2019-07-30 15:36:43{"p":"1","size":"15"}
2019-07-30 15:36:48[]
2019-07-30 15:36:48##
2019-07-30 15:37:07{"p":"1","size":"30","keywords":""}
2019-07-30 15:37:29{"id":"11466","p":"1","size":"15","status":"2"}
2019-07-30 15:38:27{"p":"1","size":"30","keywords":""}
2019-07-30 15:38:29[]
2019-07-30 15:38:29##
2019-07-30 15:38:41{"p":"1","size":"30","keywords":""}
2019-07-30 15:38:49[]
2019-07-30 15:38:49##
2019-07-30 15:38:50{"p":"1","size":"30","keywords":""}
2019-07-30 15:38:53[]
2019-07-30 15:38:53##
2019-07-30 15:38:54{"p":"1","size":"30"}
2019-07-30 15:39:16{"type":"use"}
2019-07-30 15:39:19{"p":"1","size":"30"}
2019-07-30 15:39:20[]
2019-07-30 15:39:20##
2019-07-30 15:41:12{"p":"1","size":"30","keywords":""}
2019-07-30 15:41:49[]
2019-07-30 15:41:49##
2019-07-30 15:41:52[]
2019-07-30 15:41:52##
2019-07-30 15:42:18[]
2019-07-30 15:42:18##
2019-07-30 15:42:48{"account":"13800000000","password":"52fab9ff83ff3898e1db263a713bd366"}
2019-07-30 15:42:49[]
2019-07-30 15:42:49##
2019-07-30 15:43:04{"p":1,"size":15,"type":1,"stime":"","etime":"","city":"","agent_name":"","oem_name":""}
2019-07-30 15:43:13{"p":1,"size":15,"type":1,"stime":1561966500,"etime":1564472120,"city":"","agent_name":"","oem_name":""}
2019-07-30 15:43:17{"sTime":"1561966500","eTime1564472120":"","city":"0","agent_name":"0","oem_name":"0","type":"1"}
2019-07-30 15:58:57[]
2019-07-30 15:58:57##
2019-07-30 15:59:03{"p":"1","size":"30","keywords":""}
2019-07-30 15:59:10{"ids":"11466,11471,11469"}
2019-07-30 15:59:15{"p":"1","size":"30","keywords":""}
2019-07-30 15:59:18[]
2019-07-30 15:59:18##
2019-07-30 15:59:20{"p":"1","size":"30","keywords":""}
2019-07-30 15:59:23{"ids":"11466,11471,11469"}
2019-07-30 15:59:29[]
2019-07-30 15:59:29##
2019-07-30 15:59:34{"p":"1","size":"30"}
2019-07-30 15:59:47[]
2019-07-30 15:59:47##
2019-07-30 15:59:51{"p":"1","size":"15"}
2019-07-30 15:59:57[]
2019-07-30 15:59:57##
2019-07-30 16:00:59{"account":"13800000000","password":"52fab9ff83ff3898e1db263a713bd366"}
2019-07-30 16:01:00[]
2019-07-30 16:01:00##
2019-07-30 16:01:11{"p":1,"size":15,"type":1,"stime":"","etime":"","city":"","agent_name":"","oem_name":""}
2019-07-30 16:01:19{"sTime":"0","eTime0":"","city":"0","agent_name":"0","oem_name":"0","type":"1"}
2019-07-30 16:01:47{"p":1,"stime":"","etime":"","name":"ACTIVITY"}
2019-07-30 16:01:50{"p":1,"size":15}
2019-07-30 16:01:51{"p":1,"size":15,"remark":""}
2019-07-30 16:01:56{"p":1,"size":15}
2019-07-30 16:02:01{"p":1,"size":15,"type":1,"stime":"","etime":"","city":"","agent_name":"","oem_name":""}
2019-07-30 16:02:07{"p":1,"size":15,"name":"","account":""}
2019-07-30 16:02:36{"id":11471}
2019-07-30 16:02:39{"id":11471}
2019-07-30 16:02:43{"id":11469}
2019-07-30 16:02:46{"id":11466}
2019-07-30 16:02:54{"p":1,"size":15,"name":"","account":""}
2019-07-30 16:02:58[]
2019-07-30 16:02:58##
2019-07-30 16:04:34[]
2019-07-30 16:04:34##
2019-07-30 16:05:17{"name":"洗碗","account":"17878665859"}
2019-07-30 16:05:45[]
2019-07-30 16:05:45##
2019-07-30 16:05:47[]
2019-07-30 16:05:47##
2019-07-30 16:06:20{"type":"use","pass":"701615","account":"17878665859"}
2019-07-30 16:06:25[]
2019-07-30 16:06:25##
2019-07-30 16:06:33[]
2019-07-30 16:06:33##
2019-07-30 16:07:14[]
2019-07-30 16:07:14##
2019-07-30 16:07:16{"text":"浙江省杭州市江干区下沙街道9号大街6号路口泰尔茂男生寝室\n邢大敏13107707096"}
2019-07-30 16:07:19{"text":"浙江省杭州市江干区下沙街道9号大街6号路口泰尔茂男生寝室\n邢大敏13107707096"}
2019-07-30 16:07:22{"text":"浙江省杭州市江干区下沙街道9号大街6号路口泰尔茂男生寝室\n邢大敏13107707096"}
2019-07-30 16:07:31{"text":"浙江省杭州市江干区下沙街道9号大街6号路口泰尔茂男生寝室邢大敏13107707096"}
2019-07-30 16:07:36[]
2019-07-30 16:07:36##
2019-07-30 16:07:42{"mobile":"13107707096","name":"啊意"}
2019-07-30 16:07:44{"mobile":"13107707096","name":"啊意"}
2019-07-30 16:07:49{"city":"浙江省 杭州市 江干区","num":"36","addr":"下沙街道9号大街6号路口泰尔茂男生寝室","mobile":"13107707096","name":"啊意"}
2019-07-30 16:07:52[]
2019-07-30 16:07:52##
2019-07-30 16:08:08{"p":"1","size":"30","keywords":""}
2019-07-30 16:08:11[]
2019-07-30 16:08:11##
2019-07-30 16:08:17[]
2019-07-30 16:08:17##
2019-07-30 16:08:17[]
2019-07-30 16:08:17##
2019-07-30 16:08:20{"p":"1","size":"30","keywords":""}
2019-07-30 16:08:23{"ids":"11472"}
2019-07-30 16:08:27{"p":"1","size":"30","keywords":""}
2019-07-30 16:08:31[]
2019-07-30 16:08:31##
2019-07-30 16:08:34{"p":"1","size":"30","keywords":""}
2019-07-30 16:08:38[]
2019-07-30 16:08:38##
2019-07-30 16:08:41{"p":"1","size":"30","keywords":""}
2019-07-30 16:08:55{"ids":"11472"}
2019-07-30 16:08:58{"p":"1","size":"30","keywords":""}
2019-07-30 16:09:00[]
2019-07-30 16:09:00##
2019-07-30 16:09:08{"p":"1","size":"30","keywords":""}
2019-07-30 16:09:16[]
2019-07-30 16:09:16##
2019-07-30 16:09:22[]
2019-07-30 16:09:22##
2019-07-30 16:09:23[]
2019-07-30 16:09:23##
2019-07-30 16:09:34{"text":"浙江省杭州市江干区下沙街道9号大街6号路口泰尔茂男生寝室 邢大敏13107707096"}
2019-07-30 16:09:34{"mobile":"13107707096","name":"邢大敏"}
2019-07-30 16:09:36{"mobile":"13107707096","name":"邢大敏"}
2019-07-30 16:09:40{"mobile":"13107707096","name":"邢大敏"}
2019-07-30 16:09:40{"city":"浙江省 杭州市 江干区","num":"38","addr":"下沙街道9号大街6号路口泰尔茂男生寝室","mobile":"13107707096","name":"邢大敏"}
2019-07-30 16:09:43[]
2019-07-30 16:09:43##
2019-07-30 16:09:47{"p":"1","size":"30","keywords":""}
2019-07-30 16:09:49{"ids":"11472"}
2019-07-30 16:09:51[]
2019-07-30 16:09:51##
2019-07-30 16:09:53{"p":"1","size":"30","keywords":""}
2019-07-30 16:10:00[]
2019-07-30 16:10:00##
2019-07-30 16:10:21{"p":"1","size":"30","keywords":""}
2019-07-30 16:10:29{"id":"11472","p":"1","size":"15","status":"0"}
2019-07-30 16:10:45{"ids":"286563"}
2019-07-30 16:10:46{"ids":"286563","id":"11472"}
2019-07-30 16:10:49{"id":"11472","p":"1","size":"15","status":"0"}
2019-07-30 16:11:33{"p":"1","size":"30","keywords":""}
2019-07-30 16:11:45{"p":1,"size":15,"name":"","account":""}
2019-07-30 16:11:51{"id":11472}
2019-07-30 16:12:24{"id":11472,"status":1}
2019-07-30 16:12:25{"p":1,"size":15,"name":"","account":""}
2019-07-30 16:12:28{"id":11471,"status":1}
2019-07-30 16:12:29{"p":1,"size":15,"name":"","account":""}
2019-07-30 16:12:30{"id":11466,"status":1}
2019-07-30 16:12:30{"p":1,"size":15,"name":"","account":""}
2019-07-30 16:12:33{"id":11472}
2019-07-30 16:12:45{"p":1,"size":15,"type":1,"stime":"","etime":"","city":"","agent_name":"","oem_name":""}
2019-07-30 21:25:49[]
2019-07-30 21:25:49##
2019-07-30 21:25:51[]
2019-07-30 21:25:51##
2019-07-30 21:25:52[]
2019-07-30 21:25:52##
2019-07-30 21:25:52[]
2019-07-30 21:25:52##
2019-07-30 21:25:53[]
2019-07-30 21:25:53##
2019-07-30 21:25:53[]
2019-07-30 21:25:53##
2019-07-30 21:25:54[]
2019-07-30 21:25:54##
2019-07-30 21:25:54[]
2019-07-30 21:25:54##
2019-07-30 21:25:54[]
2019-07-30 21:25:54##
2019-07-30 21:25:55[]
2019-07-30 21:25:55##
2019-07-30 21:25:55[]
2019-07-30 21:25:55##
2019-07-30 21:25:56[]
2019-07-30 21:25:56##
2019-07-30 21:25:56[]
2019-07-30 21:25:56##
2019-07-30 21:25:57[]
2019-07-30 21:25:57##
2019-07-30 21:25:57[]
2019-07-30 21:25:57##
2019-07-30 21:25:58[]
2019-07-30 21:25:58##
2019-07-30 21:25:58[]
2019-07-30 21:25:58##
2019-07-30 21:25:59[]
2019-07-30 21:25:59##
2019-07-30 21:25:59[]
2019-07-30 21:25:59##
2019-07-30 21:26:00[]
2019-07-30 21:26:00##
2019-07-30 21:26:00[]
2019-07-30 21:26:00##
2019-07-30 21:26:01[]
2019-07-30 21:26:01##
2019-07-30 21:26:01[]
2019-07-30 21:26:01##
2019-07-30 21:26:02[]
2019-07-30 21:26:02##
2019-07-30 21:26:02[]
2019-07-30 21:26:02##
2019-07-30 21:26:03[]
2019-07-30 21:26:03##
2019-07-30 21:26:03[]
2019-07-30 21:26:03##
2019-07-30 21:26:04[]
2019-07-30 21:26:04##
2019-07-30 21:26:04[]
2019-07-30 21:26:04##
2019-07-30 21:26:05[]
2019-07-30 21:26:05##
2019-07-30 21:26:05[]
2019-07-30 21:26:05##
2019-07-30 21:26:06[]
2019-07-30 21:26:06##
2019-07-30 21:26:06[]
2019-07-30 21:26:06##
2019-07-30 21:26:06[]
2019-07-30 21:26:06##
2019-07-30 21:26:07[]
2019-07-30 21:26:07##
2019-07-30 21:26:07[]
2019-07-30 21:26:07##
2019-07-30 21:26:08[]
2019-07-30 21:26:08##
2019-07-30 21:26:08[]
2019-07-30 21:26:08##
2019-07-30 21:26:09[]
2019-07-30 21:26:09##
2019-07-30 21:26:09[]
2019-07-30 21:26:09##
2019-07-30 21:26:10[]
2019-07-30 21:26:10##
2019-07-30 21:26:10[]
2019-07-30 21:26:10##
2019-07-30 21:26:11[]
2019-07-30 21:26:11##
2019-07-30 21:26:11[]
2019-07-30 21:26:11##
2019-07-30 21:26:12[]
2019-07-30 21:26:12##
2019-07-30 21:26:12[]
2019-07-30 21:26:12##
2019-07-30 21:26:13[]
2019-07-30 21:26:13##
2019-07-30 21:26:13[]
2019-07-30 21:26:13##
2019-07-30 21:26:14[]
2019-07-30 21:26:14##
2019-07-30 21:26:14[]
2019-07-30 21:26:14##
2019-07-30 21:26:15[]
2019-07-30 21:26:15##
2019-07-30 21:26:15[]
2019-07-30 21:26:15##
2019-07-30 21:26:15[]
2019-07-30 21:26:15##
2019-07-30 21:26:20[]
2019-07-30 21:26:20##
2019-07-30 21:26:20[]
2019-07-30 21:26:20##
2019-07-30 21:26:21[]
2019-07-30 21:26:21##
2019-07-30 21:26:21[]
2019-07-30 21:26:21##
2019-07-30 21:26:22[]
2019-07-30 21:26:22##
2019-07-30 21:26:22[]
2019-07-30 21:26:22##
2019-07-30 21:26:23[]
2019-07-30 21:26:23##
2019-07-30 21:26:23[]
2019-07-30 21:26:23##
2019-07-30 21:26:24[]
2019-07-30 21:26:24##
2019-07-30 21:26:24[]
2019-07-30 21:26:24##
2019-07-30 21:26:25[]
2019-07-30 21:26:25##
2019-07-30 21:26:25[]
2019-07-30 21:26:25##
2019-07-30 21:26:26[]
2019-07-30 21:26:26##
2019-07-30 21:26:26[]
2019-07-30 21:26:26##
2019-07-30 21:26:27[]
2019-07-30 21:26:27##
2019-07-30 21:26:27[]
2019-07-30 21:26:27##
2019-07-30 21:26:28[]
2019-07-30 21:26:28##
2019-07-30 21:26:29[]
2019-07-30 21:26:29##
2019-07-30 21:26:39[]
2019-07-30 21:26:39##
2019-07-30 21:26:40[]
2019-07-30 21:26:40##
2019-07-30 21:26:40[]
2019-07-30 21:26:40##
2019-07-30 21:26:40[]
2019-07-30 21:26:40##
2019-07-30 21:26:41[]
2019-07-30 21:26:41##
2019-07-30 21:26:41[]
2019-07-30 21:26:41##
2019-07-30 21:26:42[]
2019-07-30 21:26:42##
2019-07-30 21:26:42[]
2019-07-30 21:26:42##
2019-07-30 21:26:43[]
2019-07-30 21:26:43##
2019-07-30 21:26:48[]
2019-07-30 21:26:48##
2019-07-30 21:26:52[]
2019-07-30 21:26:52##
2019-07-30 21:26:52[]
2019-07-30 21:26:52##
2019-07-30 21:26:53[]
2019-07-30 21:26:53##
2019-07-30 21:26:53[]
2019-07-30 21:26:53##
2019-07-30 21:26:54[]
2019-07-30 21:26:54##
2019-07-30 21:27:17[]
2019-07-30 21:27:17##
2019-07-30 21:27:29{"type":"use","pass":"353910","account":"13888888888"}
2019-07-30 21:27:32{"type":"use","pass":"353910","account":"13888888888"}
2019-07-30 21:28:18{"account":"13800000000","password":"52fab9ff83ff3898e1db263a713bd366"}
2019-07-30 21:28:19[]
2019-07-30 21:28:19##
2019-07-30 21:28:28{"p":1,"size":15,"name":"","account":""}
2019-07-30 21:29:01[]
2019-07-30 21:29:01##
2019-07-30 21:29:01[]
2019-07-30 21:29:01##
2019-07-30 21:29:02[]
2019-07-30 21:29:02##
2019-07-30 21:29:02[]
2019-07-30 21:29:02##
2019-07-30 21:29:03[]
2019-07-30 21:29:03##
2019-07-30 21:29:03[]
2019-07-30 21:29:03##
2019-07-30 21:29:04[]
2019-07-30 21:29:04##
2019-07-30 21:29:04[]
2019-07-30 21:29:04##
2019-07-30 21:29:05[]
2019-07-30 21:29:05##
2019-07-30 21:29:12{"id":11472,"status":0}
2019-07-30 21:29:13{"p":1,"size":15,"name":"","account":""}
2019-07-30 21:29:20{"id":11472,"status":1}
2019-07-30 21:29:21{"p":1,"size":15,"name":"","account":""}
2019-07-30 21:29:23{"id":11466,"status":0}
2019-07-30 21:29:24{"p":1,"size":15,"name":"","account":""}
2019-07-30 21:29:36[]
2019-07-30 21:29:36##
2019-07-30 21:29:40[]
2019-07-30 21:29:40##
2019-07-30 21:29:40[]
2019-07-30 21:29:40##
2019-07-30 21:29:41[]
2019-07-30 21:29:41##
2019-07-30 21:29:41[]
2019-07-30 21:29:41##
2019-07-30 21:29:42[]
2019-07-30 21:29:42##
2019-07-30 21:29:42[]
2019-07-30 21:29:42##
2019-07-30 21:29:43[]
2019-07-30 21:29:43##
2019-07-30 21:29:43[]
2019-07-30 21:29:43##
2019-07-30 21:29:44[]
2019-07-30 21:29:44##
2019-07-30 21:30:03{"type":"use","pass":"353910","account":"13888888888"}
2019-07-30 21:30:06[]
2019-07-30 21:30:06##
2019-07-30 21:30:36{"name":"康晶莹","account":"18890161672"}
2019-07-30 21:31:17[]
2019-07-30 21:31:17##
2019-07-30 21:31:30{"type":"use","pass":"522248","account":"18890161672"}
2019-07-30 21:31:34[]
2019-07-30 21:31:34##
2019-07-30 21:31:42[]
2019-07-30 21:31:42##
2019-07-30 21:31:42[]
2019-07-30 21:31:42##
2019-07-30 21:31:55[]
2019-07-30 21:31:55##
2019-07-30 21:31:55[]
2019-07-30 21:31:55##
2019-07-30 21:31:57{"type":"use"}
2019-07-30 21:31:59[]
2019-07-30 21:31:59##
2019-07-30 21:32:04{"type":"use"}
2019-07-30 21:32:09[]
2019-07-30 21:32:09##
2019-07-30 21:32:27[]
2019-07-30 21:32:27##
2019-07-30 21:32:27[]
2019-07-30 21:32:27##
2019-07-30 21:33:55[]
2019-07-30 21:33:55##
2019-07-30 21:33:56[]
2019-07-30 21:33:56##
2019-07-30 21:34:30{"name":"袁黎","account":"15073857862"}
2019-07-30 21:34:37[]
2019-07-30 21:34:37##
2019-07-30 21:34:38[]
2019-07-30 21:34:38##
2019-07-30 21:35:52[]
2019-07-30 21:35:52##
2019-07-30 21:35:53[]
2019-07-30 21:35:53##
2019-07-30 21:35:56[]
2019-07-30 21:35:56##
2019-07-30 21:36:18[]
2019-07-30 21:36:18##
2019-07-30 21:36:18[]
2019-07-30 21:36:18##
2019-07-30 21:36:20[]
2019-07-30 21:36:20##
2019-07-30 21:36:21[]
2019-07-30 21:36:21##
2019-07-30 21:36:23{"p":"1","size":"30","keywords":""}
2019-07-30 21:36:27[]
2019-07-30 21:36:27##
2019-07-30 21:36:29[]
2019-07-30 21:36:29##
2019-07-30 21:36:30{"p":"1","size":"30","keywords":""}
2019-07-30 21:36:32[]
2019-07-30 21:36:32##
2019-07-30 21:36:34{"p":"1","size":"30","keywords":""}
2019-07-30 21:36:46{"type":"use","pass":"pw140101","account":"15073857862"}
2019-07-30 21:36:46[]
2019-07-30 21:36:46##
2019-07-30 21:36:48{"p":"1","size":"15"}
2019-07-30 21:36:49[]
2019-07-30 21:36:49##
2019-07-30 21:36:50{"p":"1","size":"30"}
2019-07-30 21:36:52[]
2019-07-30 21:36:52##
2019-07-30 21:37:02[]
2019-07-30 21:37:02##
2019-07-30 21:37:02[]
2019-07-30 21:37:02##
2019-07-30 21:37:07[]
2019-07-30 21:37:07##
2019-07-30 21:37:14[]
2019-07-30 21:37:14##
2019-07-30 21:37:28[]
2019-07-30 21:37:28##
2019-07-30 21:37:28[]
2019-07-30 21:37:28##
2019-07-30 21:37:29{"p":"1","size":"30","keywords":""}
2019-07-30 21:37:30[]
2019-07-30 21:37:30##
2019-07-30 21:37:31[]
2019-07-30 21:37:31##
2019-07-30 21:37:50[]
2019-07-30 21:37:50##
2019-07-30 21:37:54[]
2019-07-30 21:37:54##
2019-07-30 21:38:08{"type":"use","pass":"tomger-bobfe4-wemmyT","account":"15073857862"}
2019-07-30 21:38:09[]
2019-07-30 21:38:09##
2019-07-30 21:38:10[]
2019-07-30 21:38:10##
2019-07-30 21:38:30[]
2019-07-30 21:38:30##
2019-07-30 21:38:57[]
2019-07-30 21:38:57##
2019-07-30 21:39:11{"type":"use","pass":"767158","account":"15073857862"}
2019-07-30 21:39:14[]
2019-07-30 21:39:14##
2019-07-30 21:40:47[]
2019-07-30 21:40:47##
2019-07-30 21:40:47[]
2019-07-30 21:40:47##
2019-07-30 21:40:49[]
2019-07-30 21:40:49##
2019-07-30 21:42:59[]
2019-07-30 21:42:59##
2019-07-30 21:42:59[]
2019-07-30 21:42:59##
2019-07-30 21:44:13[]
2019-07-30 21:44:13##
2019-07-30 21:44:13[]
2019-07-30 21:44:13##
2019-07-30 21:44:15{"p":"1","size":"30","keywords":""}
2019-07-30 21:44:17[]
2019-07-30 21:44:17##
2019-07-30 21:44:18[]
2019-07-30 21:44:18##
2019-07-30 21:44:18[]
2019-07-30 21:44:18##
2019-07-30 21:44:19[]
2019-07-30 21:44:19##
2019-07-30 21:44:22{"p":"1","size":"30"}
2019-07-30 21:44:23[]
2019-07-30 21:44:23##
2019-07-30 21:44:24[]
2019-07-30 21:44:24##
2019-07-30 21:44:28[]
2019-07-30 21:44:28##
2019-07-30 21:44:29[]
2019-07-30 21:44:29##
2019-07-30 21:44:31[]
2019-07-30 21:44:31##
2019-07-30 21:44:31[]
2019-07-30 21:44:31##
2019-07-30 21:45:40[]
2019-07-30 21:45:40##
2019-07-30 21:45:40[]
2019-07-30 21:45:40##
2019-07-30 21:46:22{"name":"金云","account":"13424595969"}
2019-07-30 21:46:25[]
2019-07-30 21:46:25##
2019-07-30 21:46:26[]
2019-07-30 21:46:26##
2019-07-30 21:47:05[]
2019-07-30 21:47:05##
2019-07-30 21:47:05[]
2019-07-30 21:47:05##
2019-07-30 21:50:09[]
2019-07-30 21:50:09##
2019-07-30 21:50:10[]
2019-07-30 21:50:10##
2019-07-30 21:50:10[]
2019-07-30 21:50:10##
2019-07-30 21:50:11[]
2019-07-30 21:50:11##
2019-07-30 21:50:41{"name":"吴雅情","account":"17788903650"}
2019-07-30 21:50:45{"name":"康丽娟","account":"13723812573"}
2019-07-30 21:50:48[]
2019-07-30 21:50:48##
2019-07-30 21:51:38[]
2019-07-30 21:51:38##
2019-07-30 21:51:39[]
2019-07-30 21:51:39##
2019-07-30 21:52:56{"name":"罗惠","account":"18890612223"}
2019-07-30 21:53:01[]
2019-07-30 21:53:01##
2019-07-30 21:53:02[]
2019-07-30 21:53:02##
2019-07-30 21:55:11[]
2019-07-30 21:55:11##
2019-07-30 21:55:15[]
2019-07-30 21:55:15##
2019-07-30 21:55:22[]
2019-07-30 21:55:22##
2019-07-30 21:55:43{"type":"use","pass":"192305","account":"13424595969"}
2019-07-30 21:55:46[]
2019-07-30 21:55:46##
2019-07-30 21:56:00[]
2019-07-30 21:56:00##
2019-07-30 21:56:00[]
2019-07-30 21:56:00##
2019-07-30 21:56:28[]
2019-07-30 21:56:28##
2019-07-30 21:56:28[]
2019-07-30 21:56:28##
2019-07-30 21:57:07[]
2019-07-30 21:57:07##
2019-07-30 21:57:07[]
2019-07-30 21:57:07##
2019-07-30 21:57:08{"p":"1","size":"30","keywords":""}
2019-07-30 21:57:11[]
2019-07-30 21:57:11##
2019-07-30 21:57:12[]
2019-07-30 21:57:12##
2019-07-30 21:57:14{"name":"伍晴丽","account":"15080939033"}
2019-07-30 21:57:18[]
2019-07-30 21:57:18##
2019-07-30 21:57:29[]
2019-07-30 21:57:29##
2019-07-30 21:57:30{"type":"use","pass":"124748","account":"17788903650"}
2019-07-30 21:57:33{"type":"use","pass":"124748","account":"17788903650"}
2019-07-30 21:57:34[]
2019-07-30 21:57:34##
2019-07-30 21:57:49[]
2019-07-30 21:57:49##
2019-07-30 21:57:49[]
2019-07-30 21:57:49##
2019-07-30 21:58:41[]
2019-07-30 21:58:41##
2019-07-30 21:58:49[]
2019-07-30 21:58:49##
2019-07-30 21:59:02{"type":"use","pass":"655311","account":"15080939033"}
2019-07-30 21:59:06[]
2019-07-30 21:59:06##
2019-07-30 21:59:15{"p":"1","size":"15"}
2019-07-30 21:59:17[]
2019-07-30 21:59:17##
2019-07-30 21:59:19{"p":"1","size":"30","keywords":""}
2019-07-30 21:59:21[]
2019-07-30 21:59:21##
2019-07-30 21:59:39{"p":"1","size":"30"}
2019-07-30 21:59:41[]
2019-07-30 21:59:41##
2019-07-30 21:59:42{"type":"use"}
2019-07-30 21:59:43[]
2019-07-30 21:59:43##
2019-07-30 21:59:57[]
2019-07-30 21:59:57##
2019-07-30 22:00:08{"type":"use","pass":"655311","account":"15080939033"}
2019-07-30 22:00:12[]
2019-07-30 22:00:12##
2019-07-30 22:00:16[]
2019-07-30 22:00:16##
2019-07-30 22:00:16[]
2019-07-30 22:00:16##
2019-07-30 22:00:18{"p":"1","size":"30","keywords":""}
2019-07-30 22:00:22{"ids":"11473,11478,11477,11475,11474"}
2019-07-30 22:00:26{"p":"1","size":"30","keywords":""}
2019-07-30 22:00:29[]
2019-07-30 22:00:29##
2019-07-30 22:00:30[]
2019-07-30 22:00:30##
2019-07-30 22:00:36{"p":"1","size":"30","keywords":""}
2019-07-30 22:00:38[]
2019-07-30 22:00:38##
2019-07-30 22:00:39[]
2019-07-30 22:00:39##
2019-07-30 22:00:54[]
2019-07-30 22:00:54##
2019-07-30 22:01:04[]
2019-07-30 22:01:04##
2019-07-30 22:01:09[]
2019-07-30 22:01:09##
2019-07-30 22:01:24{"type":"use","pass":"433616","account":"18890612223"}
2019-07-30 22:01:27[]
2019-07-30 22:01:27##
2019-07-30 22:01:33[]
2019-07-30 22:01:33##
2019-07-30 22:01:51[]
2019-07-30 22:01:51##
2019-07-30 22:02:10[]
2019-07-30 22:02:10##
2019-07-30 22:02:10[]
2019-07-30 22:02:10##
2019-07-30 22:02:11[]
2019-07-30 22:02:11##
2019-07-30 22:02:11[]
2019-07-30 22:02:11##
2019-07-30 22:03:36{"name":"李芳玉","account":"15973849466"}
2019-07-30 22:03:53[]
2019-07-30 22:03:53##
2019-07-30 22:03:53[]
2019-07-30 22:03:53##
2019-07-30 22:03:55[]
2019-07-30 22:03:55##
2019-07-30 22:04:09[]
2019-07-30 22:04:09##
2019-07-30 22:04:09[]
2019-07-30 22:04:09##
2019-07-30 22:04:12[]
2019-07-30 22:04:12##
2019-07-30 22:04:12[]
2019-07-30 22:04:12##
2019-07-30 22:04:56[]
2019-07-30 22:04:56##
2019-07-30 22:04:56[]
2019-07-30 22:04:56##
2019-07-30 22:05:09{"name":"胡华丽","account":"13550758258"}
2019-07-30 22:05:13[]
2019-07-30 22:05:13##
2019-07-30 22:05:13[]
2019-07-30 22:05:13##
2019-07-30 22:06:00[]
2019-07-30 22:06:00##
2019-07-30 22:06:00[]
2019-07-30 22:06:00##
2019-07-30 22:06:13[]
2019-07-30 22:06:13##
2019-07-30 22:06:15{"name":"王欣彤","account":"13537690500"}
2019-07-30 22:06:18[]
2019-07-30 22:06:18##
2019-07-30 22:06:18[]
2019-07-30 22:06:18##
2019-07-30 22:06:33{"type":"use","pass":"338906","account":"13550758258"}
2019-07-30 22:06:36[]
2019-07-30 22:06:36##
2019-07-30 22:06:37[]
2019-07-30 22:06:37##
2019-07-30 22:06:38[]
2019-07-30 22:06:38##
2019-07-30 22:06:38[]
2019-07-30 22:06:38##
2019-07-30 22:06:38[]
2019-07-30 22:06:38##
2019-07-30 22:06:39[]
2019-07-30 22:06:39##
2019-07-30 22:06:47{"type":"use","pass":"291072","account":"13537690500"}
2019-07-30 22:06:48{"name":"刘杨","account":"18607397583"}
2019-07-30 22:06:48[]
2019-07-30 22:06:48##
2019-07-30 22:06:49[]
2019-07-30 22:06:49##
2019-07-30 22:06:50[]
2019-07-30 22:06:50##
2019-07-30 22:06:51[]
2019-07-30 22:06:51##
2019-07-30 22:06:52[]
2019-07-30 22:06:52##
2019-07-30 22:06:52[]
2019-07-30 22:06:52##
2019-07-30 22:06:52[]
2019-07-30 22:06:52##
2019-07-30 22:07:04{"name":"王欣彤","account":"13537690500"}
2019-07-30 22:07:04[]
2019-07-30 22:07:04##
2019-07-30 22:07:18[]
2019-07-30 22:07:18##
2019-07-30 22:07:21[]
2019-07-30 22:07:21##
2019-07-30 22:07:23[]
2019-07-30 22:07:23##
2019-07-30 22:07:34[]
2019-07-30 22:07:34##
2019-07-30 22:07:50[]
2019-07-30 22:07:50##
2019-07-30 22:07:50[]
2019-07-30 22:07:50##
2019-07-30 22:07:55[]
2019-07-30 22:07:55##
2019-07-30 22:07:58{"type":"use","pass":"615623","account":"15973849466"}
2019-07-30 22:07:59[]
2019-07-30 22:07:59##
2019-07-30 22:08:01[]
2019-07-30 22:08:01##
2019-07-30 22:08:03[]
2019-07-30 22:08:03##
2019-07-30 22:08:13{"name":"刘雅静","account":"15197918030"}
2019-07-30 22:08:16[]
2019-07-30 22:08:16##
2019-07-30 22:08:16[]
2019-07-30 22:08:16##
2019-07-30 22:08:20[]
2019-07-30 22:08:20##
2019-07-30 22:08:20[]
2019-07-30 22:08:20##
2019-07-30 22:08:22[]
2019-07-30 22:08:22##
2019-07-30 22:08:22[]
2019-07-30 22:08:22##
2019-07-30 22:08:25[]
2019-07-30 22:08:25##
2019-07-30 22:08:25[]
2019-07-30 22:08:25##
2019-07-30 22:08:32[]
2019-07-30 22:08:32##
2019-07-30 22:08:33[]
2019-07-30 22:08:33##
2019-07-30 22:08:36[]
2019-07-30 22:08:36##
2019-07-30 22:08:37[]
2019-07-30 22:08:37##
2019-07-30 22:08:42[]
2019-07-30 22:08:42##
2019-07-30 22:08:47{"name":"柳梅","account":"15256286601"}
2019-07-30 22:08:50[]
2019-07-30 22:08:50##
2019-07-30 22:08:50[]
2019-07-30 22:08:50##
2019-07-30 22:08:52{"type":"use","pass":"731024","account":"15197918030"}
2019-07-30 22:08:56[]
2019-07-30 22:08:56##
2019-07-30 22:08:56[]
2019-07-30 22:08:56##
2019-07-30 22:08:56[]
2019-07-30 22:08:56##
2019-07-30 22:09:02{"name":"杨诺希","account":"13826412005"}
2019-07-30 22:09:06[]
2019-07-30 22:09:06##
2019-07-30 22:09:07[]
2019-07-30 22:09:07##
2019-07-30 22:09:08[]
2019-07-30 22:09:08##
2019-07-30 22:09:23[]
2019-07-30 22:09:23##
2019-07-30 22:09:28[]
2019-07-30 22:09:28##
2019-07-30 22:09:29{"type":"use","pass":"777697","account":"18607397583"}
2019-07-30 22:09:32[]
2019-07-30 22:09:32##
2019-07-30 22:09:32[]
2019-07-30 22:09:32##
2019-07-30 22:09:35[]
2019-07-30 22:09:35##
2019-07-30 22:09:37[]
2019-07-30 22:09:37##
2019-07-30 22:09:38[]
2019-07-30 22:09:38##
2019-07-30 22:09:39{"type":"use","pass":"575364","account":"15256286601"}
2019-07-30 22:09:42[]
2019-07-30 22:09:42##
2019-07-30 22:09:43[]
2019-07-30 22:09:43##
2019-07-30 22:09:44[]
2019-07-30 22:09:44##
2019-07-30 22:09:45[]
2019-07-30 22:09:45##
2019-07-30 22:09:51[]
2019-07-30 22:09:51##
2019-07-30 22:09:52[]
2019-07-30 22:09:52##
2019-07-30 22:09:54{"type":"use","pass":"575963","account":"15256286601"}
2019-07-30 22:09:58[]
2019-07-30 22:09:58##
2019-07-30 22:10:01[]
2019-07-30 22:10:01##
2019-07-30 22:10:01[]
2019-07-30 22:10:01##
2019-07-30 22:10:02{"type":"use"}
2019-07-30 22:10:05[]
2019-07-30 22:10:05##
2019-07-30 22:10:06[]
2019-07-30 22:10:06##
2019-07-30 22:10:16[]
2019-07-30 22:10:16##
2019-07-30 22:10:17[]
2019-07-30 22:10:17##
2019-07-30 22:10:35{"name":"廖江帅","account":"15099734795"}
2019-07-30 22:10:37[]
2019-07-30 22:10:37##
2019-07-30 22:10:38{"type":"use","oldPass":"777697","newPass":"liutao132333"}
2019-07-30 22:10:38[]
2019-07-30 22:10:38##
2019-07-30 22:10:38[]
2019-07-30 22:10:38##
2019-07-30 22:10:39[]
2019-07-30 22:10:39##
2019-07-30 22:10:39{"type":"use"}
2019-07-30 22:10:39[]
2019-07-30 22:10:39##
2019-07-30 22:10:41[]
2019-07-30 22:10:41##
2019-07-30 22:10:41[]
2019-07-30 22:10:41##
2019-07-30 22:10:42[]
2019-07-30 22:10:42##
2019-07-30 22:10:46[]
2019-07-30 22:10:46##
2019-07-30 22:10:50[]
2019-07-30 22:10:50##
2019-07-30 22:10:57[]
2019-07-30 22:10:57##
2019-07-30 22:11:01[]
2019-07-30 22:11:01##
2019-07-30 22:11:01{"type":"use","pass":"946682","account":"13826412005"}
2019-07-30 22:11:01[]
2019-07-30 22:11:01##
2019-07-30 22:11:03[]
2019-07-30 22:11:03##
2019-07-30 22:11:05{"name":"沈婷","account":"15190324299"}
2019-07-30 22:11:12{"type":"use","pass":"291072","account":"13537690500"}
2019-07-30 22:11:16[]
2019-07-30 22:11:16##
2019-07-30 22:11:23[]
2019-07-30 22:11:23##
2019-07-30 22:11:24[]
2019-07-30 22:11:24##
2019-07-30 22:11:28[]
2019-07-30 22:11:28##
2019-07-30 22:11:29[]
2019-07-30 22:11:29##
2019-07-30 22:11:30{"type":"use","pass":"946682","account":"13826412005"}
2019-07-30 22:11:31[]
2019-07-30 22:11:31##
2019-07-30 22:11:32{"type":"use","pass":"946682","account":"13826412005"}
2019-07-30 22:11:32[]
2019-07-30 22:11:32##
2019-07-30 22:11:33[]
2019-07-30 22:11:33##
2019-07-30 22:11:33{"type":"use","pass":"946682","account":"13826412005"}
2019-07-30 22:11:34{"type":"use","pass":"946682","account":"13826412005"}
2019-07-30 22:11:35{"type":"use","pass":"946682","account":"13826412005"}
2019-07-30 22:11:36{"type":"use","pass":"946682","account":"13826412005"}
2019-07-30 22:11:38{"type":"use","pass":"946682","account":"13826412005"}
2019-07-30 22:11:39{"type":"use","pass":"946682","account":"13826412005"}
2019-07-30 22:11:40{"type":"use","pass":"946682","account":"13826412005"}
2019-07-30 22:11:41{"type":"use","pass":"946682","account":"13826412005"}
2019-07-30 22:11:42{"type":"use","pass":"946682","account":"13826412005"}
2019-07-30 22:11:43{"name":"曾琴琴","account":"15111020417"}
2019-07-30 22:11:47[]
2019-07-30 22:11:47##
2019-07-30 22:11:47[]
2019-07-30 22:11:47##
2019-07-30 22:11:50{"type":"use","pass":"946682","account":"13826412005"}
2019-07-30 22:11:51{"type":"use","pass":"946682","account":"13826412005"}
2019-07-30 22:11:51[]
2019-07-30 22:11:51##
2019-07-30 22:11:52[]
2019-07-30 22:11:52##
2019-07-30 22:11:52{"type":"use","pass":"946682","account":"13826412005"}
2019-07-30 22:11:53{"type":"use","pass":"946682","account":"13826412005"}
2019-07-30 22:11:54[]
2019-07-30 22:11:54##
2019-07-30 22:11:57[]
2019-07-30 22:11:57##
2019-07-30 22:11:58[]
2019-07-30 22:11:58##
2019-07-30 22:11:58[]
2019-07-30 22:11:58##
2019-07-30 22:12:03[]
2019-07-30 22:12:03##
2019-07-30 22:12:03[]
2019-07-30 22:12:03##
2019-07-30 22:12:07{"p":"1","size":"30","keywords":""}
2019-07-30 22:12:07{"name":"杨","account":"13539897813"}
2019-07-30 22:12:11[]
2019-07-30 22:12:11##
2019-07-30 22:12:14{"p":"1","size":"30"}
2019-07-30 22:12:15[]
2019-07-30 22:12:15##
2019-07-30 22:12:16[]
2019-07-30 22:12:16##
2019-07-30 22:12:30[]
2019-07-30 22:12:30##
2019-07-30 22:12:33[]
2019-07-30 22:12:33##
2019-07-30 22:12:37{"type":"use","pass":"946682","account":"13826412005"}
2019-07-30 22:12:39[]
2019-07-30 22:12:39##
2019-07-30 22:12:41[]
2019-07-30 22:12:41##
2019-07-30 22:12:42[]
2019-07-30 22:12:42##
2019-07-30 22:12:44{"type":"use"}
2019-07-30 22:12:45{"type":"use"}
2019-07-30 22:12:45[]
2019-07-30 22:12:45##
2019-07-30 22:12:45[]
2019-07-30 22:12:45##
2019-07-30 22:12:46[]
2019-07-30 22:12:46##
2019-07-30 22:12:48[]
2019-07-30 22:12:48##
2019-07-30 22:12:49[]
2019-07-30 22:12:49##
2019-07-30 22:12:49[]
2019-07-30 22:12:49##
2019-07-30 22:12:53{"p":"1","size":"15"}
2019-07-30 22:12:56{"p":"1","size":"15"}
2019-07-30 22:12:56[]
2019-07-30 22:12:56##
2019-07-30 22:12:58[]
2019-07-30 22:12:58##
2019-07-30 22:12:59{"type":"use","pass":"037817","account":"13539897813"}
2019-07-30 22:13:00{"type":"use"}
2019-07-30 22:13:02[]
2019-07-30 22:13:02##
2019-07-30 22:13:07[]
2019-07-30 22:13:07##
2019-07-30 22:13:08[]
2019-07-30 22:13:08##
2019-07-30 22:13:09[]
2019-07-30 22:13:09##
2019-07-30 22:13:09{"type":"use"}
2019-07-30 22:13:09[]
2019-07-30 22:13:09##
2019-07-30 22:13:12[]
2019-07-30 22:13:12##
2019-07-30 22:13:13{"type":"use","pass":"308107","account":"13539897813"}
2019-07-30 22:13:13[]
2019-07-30 22:13:13##
2019-07-30 22:13:13[]
2019-07-30 22:13:13##
2019-07-30 22:13:13[]
2019-07-30 22:13:13##
2019-07-30 22:13:16[]
2019-07-30 22:13:16##
2019-07-30 22:13:19{"type":"use","pass":"563782","account":"15190324299"}
2019-07-30 22:13:21[]
2019-07-30 22:13:21##
2019-07-30 22:13:21[]
2019-07-30 22:13:21##
2019-07-30 22:13:22[]
2019-07-30 22:13:22##
2019-07-30 22:13:22[]
2019-07-30 22:13:22##
2019-07-30 22:13:23[]
2019-07-30 22:13:23##
2019-07-30 22:13:28[]
2019-07-30 22:13:28##
2019-07-30 22:13:29[]
2019-07-30 22:13:29##
2019-07-30 22:13:30[]
2019-07-30 22:13:30##
2019-07-30 22:13:31[]
2019-07-30 22:13:31##
2019-07-30 22:13:31[]
2019-07-30 22:13:31##
2019-07-30 22:13:31[]
2019-07-30 22:13:31##
2019-07-30 22:13:32{"type":"use"}
2019-07-30 22:13:39{"name":"曾霞辉","account":"13687363791"}
2019-07-30 22:13:43{"type":"use","oldPass":"731024","newPass":"198927"}
2019-07-30 22:13:44{"type":"use"}
2019-07-30 22:13:45{"type":"use"}
2019-07-30 22:13:46[]
2019-07-30 22:13:46##
2019-07-30 22:13:46[]
2019-07-30 22:13:46##
2019-07-30 22:13:46[]
2019-07-30 22:13:46##
2019-07-30 22:13:47[]
2019-07-30 22:13:47##
2019-07-30 22:13:47{"type":"use"}
2019-07-30 22:13:50[]
2019-07-30 22:13:50##
2019-07-30 22:13:51[]
2019-07-30 22:13:51##
2019-07-30 22:13:55{"type":"use","oldPass":"563782","newPass":"950624"}
2019-07-30 22:13:56{"type":"use"}
2019-07-30 22:13:56{"type":"use"}
2019-07-30 22:13:58{"name":"杨晓隆","account":"13539897813"}
2019-07-30 22:13:58[]
2019-07-30 22:13:58##
2019-07-30 22:13:59[]
2019-07-30 22:13:59##
2019-07-30 22:13:59[]
2019-07-30 22:13:59##
2019-07-30 22:14:00[]
2019-07-30 22:14:00##
2019-07-30 22:14:00[]
2019-07-30 22:14:00##
2019-07-30 22:14:00[]
2019-07-30 22:14:00##
2019-07-30 22:14:01[]
2019-07-30 22:14:01##
2019-07-30 22:14:04[]
2019-07-30 22:14:04##
2019-07-30 22:14:05[]
2019-07-30 22:14:05##
2019-07-30 22:14:05[]
2019-07-30 22:14:05##
2019-07-30 22:14:08[]
2019-07-30 22:14:08##
2019-07-30 22:14:08[]
2019-07-30 22:14:08##
2019-07-30 22:14:21{"type":"use"}
2019-07-30 22:14:23[]
2019-07-30 22:14:23##
2019-07-30 22:14:26[]
2019-07-30 22:14:26##
2019-07-30 22:14:30{"name":"杨紫寒","account":"18312035744"}
2019-07-30 22:14:31[]
2019-07-30 22:14:31##
2019-07-30 22:14:31[]
2019-07-30 22:14:31##
2019-07-30 22:14:32[]
2019-07-30 22:14:32##
2019-07-30 22:14:33[]
2019-07-30 22:14:33##
2019-07-30 22:14:36{"type":"use"}
2019-07-30 22:14:37[]
2019-07-30 22:14:37##
2019-07-30 22:14:37[]
2019-07-30 22:14:37##
2019-07-30 22:14:38[]
2019-07-30 22:14:38##
2019-07-30 22:14:43{"type":"use"}
2019-07-30 22:14:44[]
2019-07-30 22:14:44##
2019-07-30 22:14:45{"type":"use"}
2019-07-30 22:14:46[]
2019-07-30 22:14:46##
2019-07-30 22:14:46[]
2019-07-30 22:14:46##
2019-07-30 22:14:47[]
2019-07-30 22:14:47##
2019-07-30 22:14:48{"type":"use"}
2019-07-30 22:14:51[]
2019-07-30 22:14:51##
2019-07-30 22:14:51[]
2019-07-30 22:14:51##
2019-07-30 22:14:54{"name":"廖丽","account":"18573887499"}
2019-07-30 22:14:59[]
2019-07-30 22:14:59##
2019-07-30 22:15:00[]
2019-07-30 22:15:00##
2019-07-30 22:15:18[]
2019-07-30 22:15:18##
2019-07-30 22:15:18[]
2019-07-30 22:15:18##
2019-07-30 22:15:18[]
2019-07-30 22:15:18##
2019-07-30 22:15:18[]
2019-07-30 22:15:18##
2019-07-30 22:15:20[]
2019-07-30 22:15:20##
2019-07-30 22:15:21[]
2019-07-30 22:15:21##
2019-07-30 22:15:21{"type":"use","oldPass":"522248","newPass":"198972"}
2019-07-30 22:15:22{"type":"use"}
2019-07-30 22:15:24[]
2019-07-30 22:15:24##
2019-07-30 22:15:25{"type":"use"}
2019-07-30 22:15:27{"type":"use"}
2019-07-30 22:15:28[]
2019-07-30 22:15:28##
2019-07-30 22:15:28[]
2019-07-30 22:15:28##
2019-07-30 22:15:32{"p":"1","size":"30"}
2019-07-30 22:15:33[]
2019-07-30 22:15:33##
2019-07-30 22:15:42[]
2019-07-30 22:15:42##
2019-07-30 22:15:44[]
2019-07-30 22:15:44##
2019-07-30 22:15:45[]
2019-07-30 22:15:45##
2019-07-30 22:15:49{"type":"use"}
2019-07-30 22:15:53[]
2019-07-30 22:15:53##
2019-07-30 22:15:53[]
2019-07-30 22:15:53##
2019-07-30 22:15:54[]
2019-07-30 22:15:54##
2019-07-30 22:15:58[]
2019-07-30 22:15:58##
2019-07-30 22:16:05{"type":"use","pass":"677907","account":"18573887499"}
2019-07-30 22:16:09[]
2019-07-30 22:16:09##
2019-07-30 22:16:17[]
2019-07-30 22:16:17##
2019-07-30 22:16:21[]
2019-07-30 22:16:21##
2019-07-30 22:16:24{"type":"use"}
2019-07-30 22:16:26[]
2019-07-30 22:16:26##
2019-07-30 22:16:27{"type":"use"}
2019-07-30 22:16:28[]
2019-07-30 22:16:28##
2019-07-30 22:16:28[]
2019-07-30 22:16:28##
2019-07-30 22:16:29[]
2019-07-30 22:16:29##
2019-07-30 22:16:30[]
2019-07-30 22:16:30##
2019-07-30 22:16:30{"type":"use"}
2019-07-30 22:16:31[]
2019-07-30 22:16:31##
2019-07-30 22:16:31[]
2019-07-30 22:16:31##
2019-07-30 22:16:32[]
2019-07-30 22:16:32##
2019-07-30 22:16:36{"type":"use","pass":"602740","account":"13723812573"}
2019-07-30 22:16:39{"name":"曾翔","account":"13174299126"}
2019-07-30 22:16:40[]
2019-07-30 22:16:40##
2019-07-30 22:16:52{"type":"use"}
2019-07-30 22:16:57{"name":"卢飘","account":"18390596361"}
2019-07-30 22:17:00[]
2019-07-30 22:17:00##
2019-07-30 22:17:01{"type":"use"}
2019-07-30 22:17:01[]
2019-07-30 22:17:01##
2019-07-30 22:17:03[]
2019-07-30 22:17:03##
2019-07-30 22:17:04[]
2019-07-30 22:17:04##
2019-07-30 22:17:05[]
2019-07-30 22:17:05##
2019-07-30 22:17:14{"type":"use"}
2019-07-30 22:17:19[]
2019-07-30 22:17:19##
2019-07-30 22:17:20[]
2019-07-30 22:17:20##
2019-07-30 22:17:24{"type":"use","oldPass":"","newPass":""}
2019-07-30 22:17:27{"type":"use"}
2019-07-30 22:17:32[]
2019-07-30 22:17:32##
2019-07-30 22:17:33[]
2019-07-30 22:17:33##
2019-07-30 22:17:33[]
2019-07-30 22:17:33##
2019-07-30 22:17:33[]
2019-07-30 22:17:33##
2019-07-30 22:17:34[]
2019-07-30 22:17:34##
2019-07-30 22:17:38{"type":"use"}
2019-07-30 22:17:39[]
2019-07-30 22:17:39##
2019-07-30 22:17:41{"type":"use","oldPass":"946682","newPass":"941212"}
2019-07-30 22:17:42[]
2019-07-30 22:17:42##
2019-07-30 22:17:43{"type":"use"}
2019-07-30 22:17:45[]
2019-07-30 22:17:45##
2019-07-30 22:17:47{"p":"1","size":"15"}
2019-07-30 22:17:48{"p":"1","size":"30","keywords":""}
2019-07-30 22:17:50[]
2019-07-30 22:17:50##
2019-07-30 22:17:59{"type":"use"}
2019-07-30 22:17:59[]
2019-07-30 22:17:59##
2019-07-30 22:18:10{"type":"use"}
2019-07-30 22:18:12[]
2019-07-30 22:18:12##
2019-07-30 22:18:13{"type":"use","pass":"905237","account":"13687363791"}
2019-07-30 22:18:16[]
2019-07-30 22:18:16##
2019-07-30 22:18:17{"name":"杨晓隆","account":"13539897813"}
2019-07-30 22:18:21[]
2019-07-30 22:18:21##
2019-07-30 22:18:22[]
2019-07-30 22:18:22##
2019-07-30 22:18:27[]
2019-07-30 22:18:27##
2019-07-30 22:18:30{"name":"杨晓隆","account":"13539897913"}
2019-07-30 22:18:36[]
2019-07-30 22:18:36##
2019-07-30 22:18:39{"type":"use","pass":"770337","account":"18312035744"}
2019-07-30 22:18:43[]
2019-07-30 22:18:43##
2019-07-30 22:18:47[]
2019-07-30 22:18:47##
2019-07-30 22:18:47[]
2019-07-30 22:18:47##
2019-07-30 22:18:50[]
2019-07-30 22:18:50##
2019-07-30 22:18:50[]
2019-07-30 22:18:50##
2019-07-30 22:18:51[]
2019-07-30 22:18:51##
2019-07-30 22:18:52{"type":"use"}
2019-07-30 22:18:52{"type":"use"}
2019-07-30 22:18:55[]
2019-07-30 22:18:55##
2019-07-30 22:18:59[]
2019-07-30 22:18:59##
2019-07-30 22:18:59[]
2019-07-30 22:18:59##
2019-07-30 22:19:00[]
2019-07-30 22:19:00##
2019-07-30 22:19:00[]
2019-07-30 22:19:00##
2019-07-30 22:19:03[]
2019-07-30 22:19:03##
2019-07-30 22:19:03{"type":"use"}
2019-07-30 22:19:11{"type":"use","pass":"918964","account":"13174299126"}
2019-07-30 22:19:13{"type":"use","pass":"971124","account":"13539897913"}
2019-07-30 22:19:15[]
2019-07-30 22:19:15##
2019-07-30 22:19:16[]
2019-07-30 22:19:16##
2019-07-30 22:19:20[]
2019-07-30 22:19:20##
2019-07-30 22:19:20[]
2019-07-30 22:19:20##
2019-07-30 22:19:21{"type":"use"}
2019-07-30 22:19:23[]
2019-07-30 22:19:23##
2019-07-30 22:19:23[]
2019-07-30 22:19:23##
2019-07-30 22:19:26{"type":"use"}
2019-07-30 22:19:26[]
2019-07-30 22:19:26##
2019-07-30 22:19:27[]
2019-07-30 22:19:27##
2019-07-30 22:19:27[]
2019-07-30 22:19:27##
2019-07-30 22:19:28[]
2019-07-30 22:19:28##
2019-07-30 22:19:29[]
2019-07-30 22:19:29##
2019-07-30 22:19:32[]
2019-07-30 22:19:32##
2019-07-30 22:19:32[]
2019-07-30 22:19:32##
2019-07-30 22:19:33[]
2019-07-30 22:19:33##
2019-07-30 22:19:34[]
2019-07-30 22:19:34##
2019-07-30 22:19:35[]
2019-07-30 22:19:35##
2019-07-30 22:19:45[]
2019-07-30 22:19:45##
2019-07-30 22:19:51[]
2019-07-30 22:19:51##
2019-07-30 22:19:52[]
2019-07-30 22:19:52##
2019-07-30 22:20:11[]
2019-07-30 22:20:11##
2019-07-30 22:20:12[]
2019-07-30 22:20:12##
2019-07-30 22:20:22[]
2019-07-30 22:20:22##
2019-07-30 22:20:23[]
2019-07-30 22:20:23##
2019-07-30 22:20:25{"mobile":"18312035744","name":"杨紫寒"}
2019-07-30 22:20:28[]
2019-07-30 22:20:28##
2019-07-30 22:20:29[]
2019-07-30 22:20:29##
2019-07-30 22:20:29[]
2019-07-30 22:20:29##
2019-07-30 22:20:30[]
2019-07-30 22:20:30##
2019-07-30 22:20:31{"text":"广东省广州市花都区新华路117-2横谭小学对面小区"}
2019-07-30 22:20:32{"name":"劳春秋","account":"13432959563"}
2019-07-30 22:20:33[]
2019-07-30 22:20:33##
2019-07-30 22:20:33[]
2019-07-30 22:20:33##
2019-07-30 22:20:48{"mobile":"18312035744","name":"杨紫寒"}
2019-07-30 22:20:52{"mobile":"18312035744","name":"杨紫寒"}
2019-07-30 22:20:53{"city":"广东省 广州市 花都区","num":"38","addr":"新华路117-2横谭小学对面小区","mobile":"18312035744","name":"杨紫寒"}
2019-07-30 22:20:56[]
2019-07-30 22:20:56##
2019-07-30 22:20:58[]
2019-07-30 22:20:58##
2019-07-30 22:20:59{"p":"1","size":"30"}
2019-07-30 22:21:04[]
2019-07-30 22:21:04##
2019-07-30 22:21:05[]
2019-07-30 22:21:05##
2019-07-30 22:21:05[]
2019-07-30 22:21:05##
2019-07-30 22:21:05[]
2019-07-30 22:21:05##
2019-07-30 22:21:15{"p":"1","size":"30","keywords":""}
2019-07-30 22:21:23{"p":"1","size":"15"}
2019-07-30 22:21:31[]
2019-07-30 22:21:31##
2019-07-30 22:21:33[]
2019-07-30 22:21:33##
2019-07-30 22:21:34[]
2019-07-30 22:21:34##
2019-07-30 22:21:41{"type":"use"}
2019-07-30 22:21:43[]
2019-07-30 22:21:43##
2019-07-30 22:21:43[]
2019-07-30 22:21:43##
2019-07-30 22:21:45{"type":"use","pass":"677907","account":"18573887499"}
2019-07-30 22:21:46[]
2019-07-30 22:21:46##
2019-07-30 22:21:46[]
2019-07-30 22:21:46##
2019-07-30 22:21:48[]
2019-07-30 22:21:48##
2019-07-30 22:21:49{"p":"1","size":"15"}
2019-07-30 22:21:50{"type":"use"}
2019-07-30 22:21:51{"type":"use"}
2019-07-30 22:21:54[]
2019-07-30 22:21:54##
2019-07-30 22:22:03[]
2019-07-30 22:22:03##
2019-07-30 22:22:04[]
2019-07-30 22:22:04##
2019-07-30 22:22:06[]
2019-07-30 22:22:06##
2019-07-30 22:22:08{"type":"use"}
2019-07-30 22:22:08[]
2019-07-30 22:22:08##
2019-07-30 22:22:09[]
2019-07-30 22:22:09##
2019-07-30 22:22:12{"type":"use"}
2019-07-30 22:22:19{"name":"卢飘","account":"18390596361"}
2019-07-30 22:22:27{"type":"use","oldPass":"","newPass":""}
2019-07-30 22:22:29{"type":"use","pass":"338906","account":"13550758258"}
2019-07-30 22:22:31{"type":"use"}
2019-07-30 22:22:33[]
2019-07-30 22:22:33##
2019-07-30 22:22:37{"type":"use"}
2019-07-30 22:22:37[]
2019-07-30 22:22:37##
2019-07-30 22:22:39[]
2019-07-30 22:22:39##
2019-07-30 22:22:40[]
2019-07-30 22:22:40##
2019-07-30 22:22:40[]
2019-07-30 22:22:40##
2019-07-30 22:22:42[]
2019-07-30 22:22:42##
2019-07-30 22:22:43{"type":"use"}
2019-07-30 22:22:50{"type":"use"}
2019-07-30 22:23:08{"mobile":"13826412005","name":"杨诺希"}
2019-07-30 22:23:12{"type":"use"}
2019-07-30 22:23:22{"type":"use","oldPass":"","newPass":""}
2019-07-30 22:23:23{"type":"use","oldPass":"338906","newPass":"hu 010208"}
2019-07-30 22:23:25{"type":"use"}
2019-07-30 22:23:25{"mobile":"13826412005","name":"杨诺希"}
2019-07-30 22:23:28{"type":"use"}
2019-07-30 22:23:31[]
2019-07-30 22:23:31##
2019-07-30 22:23:42{"city":"广东省 广州市 花都区","num":"37","addr":"新华大唐边市场","mobile":"13826412005","name":"杨诺希"}
2019-07-30 22:23:45{"type":"use","pass":"hu010208","account":"13550758258"}
2019-07-30 22:23:45[]
2019-07-30 22:23:45##
2019-07-30 22:23:48{"type":"use"}
2019-07-30 22:23:49[]
2019-07-30 22:23:49##
2019-07-30 22:23:55{"p":"1","size":"30","keywords":""}
2019-07-30 22:24:00{"type":"use","pass":"hu010208","account":"13550758258"}
2019-07-30 22:24:01[]
2019-07-30 22:24:01##
2019-07-30 22:24:02{"name":"邹艳林","account":"15200805086"}
2019-07-30 22:24:03[]
2019-07-30 22:24:03##
2019-07-30 22:24:14{"type":"use","pass":"338906","account":"13550758258"}
2019-07-30 22:24:24{"type":"use","pass":"338906","account":"13550758258"}
2019-07-30 22:24:32{"name":"刘三检","account":"18975976578"}
2019-07-30 22:24:38{"type":"use","pass":"hu010208","account":"13550758258"}
2019-07-30 22:24:49{"type":"use","account":"13550758258"}
2019-07-30 22:24:56[]
2019-07-30 22:24:56##
2019-07-30 22:24:58[]
2019-07-30 22:24:58##
2019-07-30 22:24:59[]
2019-07-30 22:24:59##
2019-07-30 22:25:05{"type":"use"}
2019-07-30 22:25:06{"type":"use","pass":"702404","account":"13550758258"}
2019-07-30 22:25:07[]
2019-07-30 22:25:07##
2019-07-30 22:25:10[]
2019-07-30 22:25:10##
2019-07-30 22:25:14{"type":"use"}
2019-07-30 22:25:20[]
2019-07-30 22:25:20##
2019-07-30 22:25:23{"type":"use","pass":"165647","account":"18975976570"}
2019-07-30 22:25:24{"type":"use","pass":"198972","account":"18890161672"}
2019-07-30 22:25:27[]
2019-07-30 22:25:27##
2019-07-30 22:25:45[]
2019-07-30 22:25:45##
2019-07-30 22:25:46{"type":"use","oldPass":"010208","newPass":"010208"}
2019-07-30 22:25:55{"p":"1","size":"30"}
2019-07-30 22:25:57[]
2019-07-30 22:25:57##
2019-07-30 22:26:01{"type":"use","oldPass":"010208h","newPass":"010208h"}
2019-07-30 22:26:15[]
2019-07-30 22:26:15##
2019-07-30 22:26:15[]
2019-07-30 22:26:15##
2019-07-30 22:26:22[]
2019-07-30 22:26:22##
2019-07-30 22:26:27{"name":"刘三检","account":"18975976570"}
2019-07-30 22:26:27[]
2019-07-30 22:26:27##
2019-07-30 22:26:28[]
2019-07-30 22:26:28##
2019-07-30 22:26:29[]
2019-07-30 22:26:29##
2019-07-30 22:26:30[]
2019-07-30 22:26:30##
2019-07-30 22:26:30{"type":"use"}
2019-07-30 22:26:42{"type":"use","oldPass":"hu010208","newPass":"hu 010208"}
2019-07-30 22:26:47[]
2019-07-30 22:26:47##
2019-07-30 22:26:47[]
2019-07-30 22:26:47##
2019-07-30 22:26:58[]
2019-07-30 22:26:58##
2019-07-30 22:26:58[]
2019-07-30 22:26:58##
2019-07-30 22:27:01[]
2019-07-30 22:27:01##
2019-07-30 22:27:07{"type":"use","oldPass":"602740","newPass":"602740"}
2019-07-30 22:27:11{"type":"use"}
2019-07-30 22:27:11[]
2019-07-30 22:27:11##
2019-07-30 22:27:14{"name":"李红卫","account":"18974964595"}
2019-07-30 22:27:24[]
2019-07-30 22:27:24##
2019-07-30 22:27:32{"type":"use","pass":"142522","account":"18975976570"}
2019-07-30 22:27:36[]
2019-07-30 22:27:36##
2019-07-30 22:27:37{"type":"use"}
2019-07-30 22:27:39[]
2019-07-30 22:27:39##
2019-07-30 22:27:42{"type":"use"}
2019-07-30 22:27:48[]
2019-07-30 22:27:48##
2019-07-30 22:27:48[]
2019-07-30 22:27:48##
2019-07-30 22:27:50[]
2019-07-30 22:27:50##
2019-07-30 22:27:59[]
2019-07-30 22:27:59##
2019-07-30 22:27:59[]
2019-07-30 22:27:59##
2019-07-30 22:27:59[]
2019-07-30 22:27:59##
2019-07-30 22:28:07[]
2019-07-30 22:28:07##
2019-07-30 22:28:07[]
2019-07-30 22:28:07##
2019-07-30 22:28:08{"type":"use","oldPass":"hu010208","newPass":"hu 010208"}
2019-07-30 22:28:18[]
2019-07-30 22:28:18##
2019-07-30 22:28:24[]
2019-07-30 22:28:24##
2019-07-30 22:28:27[]
2019-07-30 22:28:27##
2019-07-30 22:28:33{"type":"use","pass":"970331","account":"18974964595"}
2019-07-30 22:28:36[]
2019-07-30 22:28:36##
2019-07-30 22:28:48{"type":"use","oldPass":"338906","newPass":"hu 010208"}
2019-07-30 22:28:49[]
2019-07-30 22:28:49##
2019-07-30 22:28:50[]
2019-07-30 22:28:50##
2019-07-30 22:28:57{"type":"use"}
2019-07-30 22:29:41{"type":"use","oldPass":"702404","newPass":"h 00000"}
2019-07-30 22:29:47{"type":"use"}
2019-07-30 22:29:52{"type":"use"}
2019-07-30 22:29:55[]
2019-07-30 22:29:55##
2019-07-30 22:30:05[]
2019-07-30 22:30:05##
2019-07-30 22:30:06[]
2019-07-30 22:30:06##
2019-07-30 22:30:06{"type":"use","pass":"h00000","account":"13550758258"}
2019-07-30 22:30:09[]
2019-07-30 22:30:09##
2019-07-30 22:30:10[]
2019-07-30 22:30:10##
2019-07-30 22:30:12{"p":"1","size":"30","keywords":""}
2019-07-30 22:30:15[]
2019-07-30 22:30:15##
2019-07-30 22:30:17[]
2019-07-30 22:30:17##
2019-07-30 22:30:19[]
2019-07-30 22:30:19##
2019-07-30 22:30:22[]
2019-07-30 22:30:22##
2019-07-30 22:30:23{"type":"use"}
2019-07-30 22:30:25[]
2019-07-30 22:30:25##
2019-07-30 22:30:26{"type":"use","pass":"h 00000","account":"13550758258"}
2019-07-30 22:30:27{"p":"1","size":"30","keywords":""}
2019-07-30 22:30:29[]
2019-07-30 22:30:29##
2019-07-30 22:30:29[]
2019-07-30 22:30:29##
2019-07-30 22:30:34[]
2019-07-30 22:30:34##
2019-07-30 22:30:35[]
2019-07-30 22:30:35##
2019-07-30 22:30:45{"type":"use","account":"13550758258"}
2019-07-30 22:30:47[]
2019-07-30 22:30:47##
2019-07-30 22:30:59{"type":"use","pass":"606364","account":"13550758258"}
2019-07-30 22:31:00[]
2019-07-30 22:31:00##
2019-07-30 22:31:07[]
2019-07-30 22:31:07##
2019-07-30 22:31:29{"type":"use","pass":"605364","account":"13550758258"}
2019-07-30 22:31:33[]
2019-07-30 22:31:33##
2019-07-30 22:31:37[]
2019-07-30 22:31:37##
2019-07-30 22:31:42{"type":"use"}
2019-07-30 22:31:47[]
2019-07-30 22:31:47##
2019-07-30 22:32:00[]
2019-07-30 22:32:00##
2019-07-30 22:32:00[]
2019-07-30 22:32:00##
2019-07-30 22:32:08[]
2019-07-30 22:32:08##
2019-07-30 22:32:10{"type":"use","oldPass":"605364","newPass":"12345h"}
2019-07-30 22:32:16[]
2019-07-30 22:32:16##
2019-07-30 22:32:17{"type":"use"}
2019-07-30 22:32:19{"type":"use"}
2019-07-30 22:32:21{"p":"1","size":"30"}
2019-07-30 22:32:22[]
2019-07-30 22:32:22##
2019-07-30 22:32:25[]
2019-07-30 22:32:25##
2019-07-30 22:32:26{"p":"1","size":"30","keywords":""}
2019-07-30 22:32:30{"id":"11474","p":"1","size":"15","status":"0"}
2019-07-30 22:32:34{"type":"use","pass":"123456h","account":"13550758258"}
2019-07-30 22:32:37{"p":"1","size":"30","keywords":""}
2019-07-30 22:32:41{"id":"11482","p":"1","size":"15","status":"0"}
2019-07-30 22:32:42{"id":"11482","p":"1","size":"15","status":"1"}
2019-07-30 22:32:43{"id":"11482","p":"1","size":"15","status":"2"}
2019-07-30 22:32:44{"p":"1","size":"30","keywords":""}
2019-07-30 22:32:45{"type":"use","pass":"605364","account":"13550758258"}
2019-07-30 22:32:45[]
2019-07-30 22:32:45##
2019-07-30 22:32:46{"p":"1","size":"30","keywords":""}
2019-07-30 22:32:49[]
2019-07-30 22:32:49##
2019-07-30 22:32:50{"p":"1","size":"30"}
2019-07-30 22:32:51[]
2019-07-30 22:32:51##
2019-07-30 22:32:53{"type":"use"}
2019-07-30 22:32:55[]
2019-07-30 22:32:55##
2019-07-30 22:33:14[]
2019-07-30 22:33:14##
2019-07-30 22:33:14[]
2019-07-30 22:33:14##
2019-07-30 22:33:21{"type":"use","pass":"338906","account":"13550758258"}
2019-07-30 22:33:30{"type":"use","pass":"12345h","account":"13550758258"}
2019-07-30 22:33:33[]
2019-07-30 22:33:33##
2019-07-30 22:34:33[]
2019-07-30 22:34:33##
2019-07-30 22:34:34[]
2019-07-30 22:34:34##
2019-07-30 22:35:07[]
2019-07-30 22:35:07##
2019-07-30 22:35:07[]
2019-07-30 22:35:07##
2019-07-30 22:35:23{"name":"李咏梅","account":"15173822277"}
2019-07-30 22:36:48{"type":"use"}
2019-07-30 22:36:55[]
2019-07-30 22:36:55##
2019-07-30 22:37:01[]
2019-07-30 22:37:01##
2019-07-30 22:37:06{"type":"use"}
2019-07-30 22:38:04[]
2019-07-30 22:38:04##
2019-07-30 22:38:31[]
2019-07-30 22:38:31##
2019-07-30 22:38:41{"name":"廖苹香","account":"18188900905"}
2019-07-30 22:39:03{"name":"李倩","account":"15084966977"}
2019-07-30 22:39:06{"type":"use","pass":"602740","account":"13723812573"}
2019-07-30 22:39:10[]
2019-07-30 22:39:10##
2019-07-30 22:39:19[]
2019-07-30 22:39:19##
2019-07-30 22:39:24[]
2019-07-30 22:39:24##
2019-07-30 22:39:31{"type":"use","pass":"543743","account":"15173822277"}
2019-07-30 22:39:33[]
2019-07-30 22:39:33##
2019-07-30 22:39:36[]
2019-07-30 22:39:36##
2019-07-30 22:39:37[]
2019-07-30 22:39:37##
2019-07-30 22:39:44[]
2019-07-30 22:39:44##
2019-07-30 22:39:51{"type":"use","pass":"179279","account":"15084966977"}
2019-07-30 22:39:54[]
2019-07-30 22:39:54##
2019-07-30 22:39:58{"type":"use","pass":"543743","account":"15173822277"}
2019-07-30 22:40:01[]
2019-07-30 22:40:01##
2019-07-30 22:40:11[]
2019-07-30 22:40:11##
2019-07-30 22:40:11[]
2019-07-30 22:40:11##
2019-07-30 22:40:17[]
2019-07-30 22:40:17##
2019-07-30 22:40:17[]
2019-07-30 22:40:17##
2019-07-30 22:40:17[]
2019-07-30 22:40:17##
2019-07-30 22:40:20[]
2019-07-30 22:40:20##
2019-07-30 22:40:21[]
2019-07-30 22:40:21##
2019-07-30 22:40:22[]
2019-07-30 22:40:22##
2019-07-30 22:40:23[]
2019-07-30 22:40:23##
2019-07-30 22:40:32{"type":"use","pass":"983819","account":"18188900905"}
2019-07-30 22:40:44[]
2019-07-30 22:40:44##
2019-07-30 22:42:27[]
2019-07-30 22:42:27##
2019-07-30 22:44:24[]
2019-07-30 22:44:24##
2019-07-30 22:44:34{"type":"use","pass":"549826","account":"15200805086"}
2019-07-30 22:44:37[]
2019-07-30 22:44:37##
2019-07-30 22:45:47[]
2019-07-30 22:45:47##
2019-07-30 22:45:48[]
2019-07-30 22:45:48##
2019-07-30 22:46:51[]
2019-07-30 22:46:51##
2019-07-30 22:46:55[]
2019-07-30 22:46:55##
2019-07-30 22:46:59{"name":"李雪伟","account":"13784210782"}
2019-07-30 22:47:05[]
2019-07-30 22:47:05##
2019-07-30 22:47:19[]
2019-07-30 22:47:19##
2019-07-30 22:47:26[]
2019-07-30 22:47:26##
2019-07-30 22:47:33{"type":"use","pass":"670175","account":"13432959563"}
2019-07-30 22:47:37[]
2019-07-30 22:47:37##
2019-07-30 22:47:47[]
2019-07-30 22:47:47##
2019-07-30 22:47:55[]
2019-07-30 22:47:55##
2019-07-30 22:47:56[]
2019-07-30 22:47:56##
2019-07-30 22:49:22{"p":"1","size":"30","keywords":""}
2019-07-30 22:49:36{"id":"11500","p":"1","size":"15","status":"0"}
2019-07-30 22:49:39{"id":"11500","p":"1","size":"15","status":"1"}
2019-07-30 22:49:40{"id":"11500","p":"1","size":"15","status":"2"}
2019-07-30 22:50:10[]
2019-07-30 22:50:10##
2019-07-30 22:50:16[]
2019-07-30 22:50:16##
2019-07-30 22:53:36[]
2019-07-30 22:53:36##
2019-07-30 22:55:02[]
2019-07-30 22:55:02##
2019-07-30 22:55:15[]
2019-07-30 22:55:15##
2019-07-30 22:55:15[]
2019-07-30 22:55:15##
2019-07-30 22:55:27{"type":"use","pass":"316156","account":"13784210782"}
2019-07-30 22:55:30[]
2019-07-30 22:55:30##
2019-07-30 22:55:41[]
2019-07-30 22:55:41##
2019-07-30 22:55:41[]
2019-07-30 22:55:41##
2019-07-30 22:55:51[]
2019-07-30 22:55:51##
2019-07-30 22:55:56[]
2019-07-30 22:55:56##
2019-07-30 22:55:58[]
2019-07-30 22:55:58##
2019-07-30 22:55:59[]
2019-07-30 22:55:59##
2019-07-30 22:56:01[]
2019-07-30 22:56:01##
2019-07-30 22:56:44{"p":"1","size":"15"}
2019-07-30 22:56:46[]
2019-07-30 22:56:46##
2019-07-30 22:57:05[]
2019-07-30 22:57:05##
2019-07-30 22:57:22[]
2019-07-30 22:57:22##
2019-07-30 22:57:23[]
2019-07-30 22:57:23##
2019-07-30 22:57:55[]
2019-07-30 22:57:55##
2019-07-30 23:01:18[]
2019-07-30 23:01:18##
2019-07-30 23:01:20[]
2019-07-30 23:01:20##
2019-07-30 23:01:20[]
2019-07-30 23:01:20##
2019-07-30 23:01:39{"name":"彭燕丽","account":"13432325206"}
2019-07-30 23:01:55[]
2019-07-30 23:01:55##
2019-07-30 23:01:56[]
2019-07-30 23:01:56##
2019-07-30 23:02:14[]
2019-07-30 23:02:14##
2019-07-30 23:03:54[]
2019-07-30 23:03:54##
2019-07-30 23:03:55[]
2019-07-30 23:03:55##
2019-07-30 23:04:19{"name":"姚代平","account":"13350111700"}
2019-07-30 23:04:25[]
2019-07-30 23:04:25##
2019-07-30 23:04:36{"type":"use","pass":"473393","account":"13432325206"}
2019-07-30 23:04:40[]
2019-07-30 23:04:40##
2019-07-30 23:04:47[]
2019-07-30 23:04:47##
2019-07-30 23:04:47[]
2019-07-30 23:04:47##
2019-07-30 23:04:57[]
2019-07-30 23:04:57##
2019-07-30 23:05:01[]
2019-07-30 23:05:01##
2019-07-30 23:05:06[]
2019-07-30 23:05:06##
2019-07-30 23:05:07[]
2019-07-30 23:05:07##
2019-07-30 23:05:49[]
2019-07-30 23:05:49##
2019-07-30 23:05:49[]
2019-07-30 23:05:49##
2019-07-30 23:05:50[]
2019-07-30 23:05:50##
2019-07-30 23:05:51[]
2019-07-30 23:05:51##
2019-07-30 23:05:52[]
2019-07-30 23:05:52##
2019-07-30 23:05:53[]
2019-07-30 23:05:53##
2019-07-30 23:05:55[]
2019-07-30 23:05:55##
2019-07-30 23:05:56[]
2019-07-30 23:05:56##
2019-07-30 23:05:56[]
2019-07-30 23:05:56##
2019-07-30 23:05:57[]
2019-07-30 23:05:57##
2019-07-30 23:06:00[]
2019-07-30 23:06:00##
2019-07-30 23:06:00[]
2019-07-30 23:06:00##
2019-07-30 23:06:03{"name":"姚代平","account":"13350111700"}
2019-07-30 23:06:26{"type":"use"}
2019-07-30 23:06:27[]
2019-07-30 23:06:27##
2019-07-30 23:07:24{"type":"use"}
2019-07-30 23:07:27[]
2019-07-30 23:07:27##
2019-07-30 23:08:57[]
2019-07-30 23:08:57##
2019-07-30 23:09:09[]
2019-07-30 23:09:09##
2019-07-30 23:09:10[]
2019-07-30 23:09:10##
2019-07-30 23:09:36{"name":"钟小琼","account":"18676502956"}
2019-07-30 23:09:55[]
2019-07-30 23:09:55##
2019-07-30 23:09:56[]
2019-07-30 23:09:56##
2019-07-30 23:10:32[]
2019-07-30 23:10:32##
2019-07-30 23:10:33[]
2019-07-30 23:10:33##
2019-07-30 23:11:36[]
2019-07-30 23:11:36##
2019-07-30 23:11:36[]
2019-07-30 23:11:36##
2019-07-30 23:11:49{"name":"吴文婷","account":"18873889976"}
2019-07-30 23:11:53[]
2019-07-30 23:11:53##
2019-07-30 23:11:54[]
2019-07-30 23:11:54##
2019-07-30 23:12:24[]
2019-07-30 23:12:24##
2019-07-30 23:12:25[]
2019-07-30 23:12:25##
2019-07-30 23:12:27{"p":"1","size":"30","keywords":""}
2019-07-30 23:12:29{"id":"11509","p":"1","size":"15","status":"0"}
2019-07-30 23:12:31[]
2019-07-30 23:12:31##
2019-07-30 23:12:31[]
2019-07-30 23:12:31##
2019-07-30 23:12:49[]
2019-07-30 23:12:49##
2019-07-30 23:13:00{"type":"use","pass":"752069","account":"18873889976"}
2019-07-30 23:13:03[]
2019-07-30 23:13:03##
2019-07-30 23:13:19{"type":"use"}
2019-07-30 23:13:25[]
2019-07-30 23:13:25##
2019-07-30 23:13:28[]
2019-07-30 23:13:28##
2019-07-30 23:13:28[]
2019-07-30 23:13:28##
2019-07-30 23:13:29{"name":"姚代平","account":"13350111700"}
2019-07-30 23:13:30{"type":"use"}
2019-07-30 23:13:39{"type":"use","oldPass":"752069","newPass":"181226"}
2019-07-30 23:13:41{"type":"use"}
2019-07-30 23:13:43[]
2019-07-30 23:13:43##
2019-07-30 23:15:56[]
2019-07-30 23:15:56##
2019-07-30 23:17:32[]
2019-07-30 23:17:32##
2019-07-30 23:17:32[]
2019-07-30 23:17:32##
2019-07-30 23:17:36[]
2019-07-30 23:17:36##
2019-07-30 23:18:49{"mobile":"18873889976","name":"吴文婷"}
2019-07-30 23:19:10{"text":"湖南省邵阳市新邵县龙溪铺镇吴家村。吴文婷。18873889976"}
2019-07-30 23:19:10{"mobile":"18873889976","name":"吴文婷"}
2019-07-30 23:19:15{"mobile":"18873889976","name":"吴文婷"}
2019-07-30 23:19:15{"city":"湖南省 邵阳市 新邵县","num":"37","addr":"龙溪铺镇吴家村","mobile":"18873889976","name":"吴文婷"}
2019-07-30 23:19:19[]
2019-07-30 23:19:19##
2019-07-30 23:19:25[]
2019-07-30 23:19:25##
2019-07-30 23:19:25[]
2019-07-30 23:19:25##
2019-07-30 23:21:16{"name":"姚代平","account":"13350111700"}
2019-07-30 23:22:39{"type":"use"}
2019-07-30 23:23:26[]
2019-07-30 23:23:26##
2019-07-30 23:25:44{"type":"use"}
2019-07-30 23:27:18[]
2019-07-30 23:27:18##
2019-07-30 23:27:18[]
2019-07-30 23:27:18##
2019-07-30 23:27:23{"type":"use"}
2019-07-30 23:27:24[]
2019-07-30 23:27:24##
2019-07-30 23:28:07[]
2019-07-30 23:28:07##
2019-07-30 23:28:07[]
2019-07-30 23:28:07##
2019-07-30 23:28:15[]
2019-07-30 23:28:15##
2019-07-30 23:28:15[]
2019-07-30 23:28:15##
2019-07-30 23:29:38[]
2019-07-30 23:29:38##
2019-07-30 23:29:57{"name":"伍玉霞","account":"15892219861"}
2019-07-30 23:31:09[]
2019-07-30 23:31:09##
2019-07-30 23:31:24{"type":"use","pass":"610711","account":"15892219861"}
2019-07-30 23:31:29[]
2019-07-30 23:31:29##
2019-07-30 23:31:41[]
2019-07-30 23:31:41##
2019-07-30 23:32:07{"mobile":"15892219861","name":"伍玉霞"}
2019-07-30 23:32:42{"mobile":"15892219861","name":"伍玉霞"}
2019-07-30 23:32:43{"city":"四川省 自贡市 贡井区","num":"37","addr":"贡井街道办事处","mobile":"15892219861","name":"伍玉霞"}
2019-07-30 23:32:47[]
2019-07-30 23:32:47##
2019-07-30 23:33:26[]
2019-07-30 23:33:26##
2019-07-30 23:33:26[]
2019-07-30 23:33:26##
2019-07-30 23:33:29{"p":"1","size":"30"}
2019-07-30 23:33:33[]
2019-07-30 23:33:33##
2019-07-30 23:33:34[]
2019-07-30 23:33:34##
2019-07-30 23:33:36{"p":"1","size":"30"}
2019-07-30 23:33:39{"type":"use"}
2019-07-30 23:33:42[]
2019-07-30 23:33:42##
2019-07-30 23:33:47{"p":"1","size":"30","keywords":""}
2019-07-30 23:33:55{"ids":"11510"}
2019-07-30 23:33:59{"p":"1","size":"30","keywords":""}
2019-07-30 23:34:04[]
2019-07-30 23:34:04##
2019-07-30 23:34:05[]
2019-07-30 23:34:05##
2019-07-30 23:34:15{"p":"1","size":"30","keywords":""}
2019-07-30 23:34:20{"ids":"11510"}
2019-07-30 23:34:24{"p":"1","size":"30","keywords":""}
2019-07-30 23:34:28{"ids":"11510"}
2019-07-30 23:34:32[]
2019-07-30 23:34:32##
2019-07-30 23:34:42{"type":"use"}
2019-07-30 23:34:44[]
2019-07-30 23:34:44##
2019-07-30 23:41:19[]
2019-07-30 23:41:19##
2019-07-30 23:41:27[]
2019-07-30 23:41:27##
2019-07-30 23:41:41{"type":"use","pass":"124748","account":"17788903650"}
2019-07-30 23:41:44[]
2019-07-30 23:41:44##
2019-07-30 23:42:06[]
2019-07-30 23:42:06##
2019-07-30 23:42:07[]
2019-07-30 23:42:07##
2019-07-30 23:42:10{"type":"use"}
2019-07-30 23:42:13[]
2019-07-30 23:42:13##
2019-07-30 23:42:16{"p":"1","size":"30","keywords":""}
2019-07-30 23:42:22[]
2019-07-30 23:42:22##
2019-07-30 23:42:29[]
2019-07-30 23:42:29##
2019-07-30 23:42:30[]
2019-07-30 23:42:30##
2019-07-30 23:42:55[]
2019-07-30 23:42:55##
2019-07-30 23:42:56[]
2019-07-30 23:42:56##
2019-07-30 23:43:09{"name":"李庭","account":"13541190387"}
2019-07-30 23:43:18[]
2019-07-30 23:43:18##
2019-07-30 23:43:18[]
2019-07-30 23:43:18##
2019-07-30 23:44:10[]
2019-07-30 23:44:10##
2019-07-30 23:44:10[]
2019-07-30 23:44:10##
2019-07-30 23:44:14[]
2019-07-30 23:44:14##
2019-07-30 23:44:14[]
2019-07-30 23:44:14##
2019-07-30 23:45:40[]
2019-07-30 23:45:40##
2019-07-30 23:45:41[]
2019-07-30 23:45:41##
2019-07-30 23:45:46{"type":"use"}
2019-07-30 23:45:48[]
2019-07-30 23:45:48##
2019-07-30 23:46:07{"name":"康雪珂","account":"17363887462"}
2019-07-30 23:46:12[]
2019-07-30 23:46:12##
2019-07-30 23:46:12[]
2019-07-30 23:46:12##
2019-07-30 23:47:14[]
2019-07-30 23:47:14##
2019-07-30 23:47:17[]
2019-07-30 23:47:17##
2019-07-30 23:47:32{"type":"use","pass":"339859","account":"17363887462"}
2019-07-30 23:47:35[]
2019-07-30 23:47:35##
2019-07-30 23:47:50[]
2019-07-30 23:47:50##
2019-07-30 23:47:50[]
2019-07-30 23:47:50##
2019-07-30 23:53:32[]
2019-07-30 23:53:32##
2019-07-30 23:53:33[]
2019-07-30 23:53:33##
2019-07-30 23:53:51{"name":"康燕群","account":"13367483960"}
2019-07-30 23:53:56[]
2019-07-30 23:53:56##
2019-07-30 23:53:56[]
2019-07-30 23:53:56##
2019-07-30 23:55:42[]
2019-07-30 23:55:42##
2019-07-30 23:55:43[]
2019-07-30 23:55:43##
2019-07-30 23:55:54[]
2019-07-30 23:55:54##
2019-07-30 23:55:59[]
2019-07-30 23:55:59##
2019-07-30 23:56:00[]
2019-07-30 23:56:00##
2019-07-30 23:56:01[]
2019-07-30 23:56:01##
2019-07-30 23:56:01[]
2019-07-30 23:56:01##
