2019-08-01 00:12:38[]
2019-08-01 00:12:38##
2019-08-01 08:28:11[]
2019-08-01 08:28:11##
2019-08-01 08:34:03[]
2019-08-01 08:34:03##
2019-08-01 08:34:19[]
2019-08-01 08:34:19##
2019-08-01 08:35:08[]
2019-08-01 08:35:08##
2019-08-01 08:35:28{"name":"黄群英","account":"15680223225"}
2019-08-01 10:59:21[]
2019-08-01 10:59:21##
2019-08-01 11:22:17{"account":"13800000000","password":"52fab9ff83ff3898e1db263a713bd366"}
2019-08-01 11:22:18[]
2019-08-01 11:22:18##
2019-08-01 11:22:25{"p":1,"stime":"","etime":"","name":"ACTIVITY"}
2019-08-01 11:22:52{"id":1,"sTime":1561910400,"etime":1567180800}
2019-08-01 11:22:53{"p":1,"stime":1561910400,"etime":1567180800,"name":"ACTIVITY"}
2019-08-01 11:22:59{"id":2,"num":"100000"}
2019-08-01 11:23:01{"p":1,"stime":1561910400,"etime":1567180800,"name":"ACTIVITY"}
2019-08-01 11:24:35[]
2019-08-01 11:24:35##
2019-08-01 11:24:48{"type":"use","pass":"198972","account":"18890161672"}
2019-08-01 11:24:51[]
2019-08-01 11:24:51##
2019-08-01 11:24:54{"p":"1","size":"30","keywords":""}
2019-08-01 11:25:00[]
2019-08-01 11:25:00##
2019-08-01 11:25:01{"p":"1","size":"30"}
2019-08-01 11:25:08[]
2019-08-01 11:25:08##
2019-08-01 11:25:09{"p":"1","size":"30","keywords":""}
2019-08-01 11:25:12{"id":"11509","p":"1","size":"15","status":"0"}
2019-08-01 11:25:15{"type":"use"}
2019-08-01 11:25:18{"id":"11509","p":"1","size":"15","status":"0"}
2019-08-01 11:25:19{"ids":"286567"}
2019-08-01 11:25:20{"ids":"286567","id":"11509"}
2019-08-01 11:25:23{"id":"11509","p":"1","size":"15","status":"0"}
2019-08-01 11:25:25{"id":"11509","p":"1","size":"15","status":"1"}
2019-08-01 11:25:28{"ids":"286567"}
2019-08-01 11:25:29{"ids":"286567","id":"11509"}
2019-08-01 11:25:32{"id":"11509","p":"1","size":"15","status":"1"}
2019-08-01 11:25:32{"p":"1","size":"30","keywords":""}
2019-08-01 11:25:34[]
2019-08-01 11:25:34##
2019-08-01 11:25:38{"p":"1","size":"30","keywords":""}
2019-08-01 11:25:47{"ids":"11473,11517,11516,11509,11505,11504,11503,11500,11499,11498,11494,11485,11484,11483,11482,11481,11478,11477,11475,11474"}
2019-08-01 11:25:51{"p":"1","size":"30","keywords":""}
2019-08-01 11:25:53[]
2019-08-01 11:25:53##
2019-08-01 11:25:55{"p":"1","size":"30","keywords":""}
2019-08-01 11:25:57{"id":"11509","p":"1","size":"15","status":"1"}
2019-08-01 11:25:58{"ids":"286567"}
2019-08-01 11:25:59{"ids":"286567","id":"11509"}
2019-08-01 11:26:02{"id":"11509","p":"1","size":"15","status":"1"}
2019-08-01 11:26:04{"p":"1","size":"30","keywords":""}
2019-08-01 11:26:06[]
2019-08-01 11:26:06##
2019-08-01 11:26:09{"p":"1","size":"30","keywords":""}
2019-08-01 11:27:04[]
2019-08-01 11:27:04##
2019-08-01 11:27:08{"type":"use","pass":"353910","account":"13888888888"}
2019-08-01 11:27:12[]
2019-08-01 11:27:12##
2019-08-01 11:27:16{"p":"1","size":"30","keywords":""}
2019-08-01 11:27:21{"id":"11473","p":"1","size":"15","status":"0"}
2019-08-01 11:27:25{"ids":"286572"}
2019-08-01 11:27:27{"ids":"286572","id":"11473"}
2019-08-01 11:27:29{"id":"11473","p":"1","size":"15","status":"0"}
2019-08-01 11:27:31[]
2019-08-01 11:27:31##
2019-08-01 11:27:33{"p":"1","size":"30","keywords":""}
2019-08-01 11:27:39[]
2019-08-01 11:27:39##
2019-08-01 11:27:42{"p":"1","size":"30"}
2019-08-01 11:38:50[]
2019-08-01 11:38:50##
2019-08-01 11:39:06{"type":"use","pass":"12345h","account":"13550758258"}
2019-08-01 11:39:09[]
2019-08-01 11:39:09##
2019-08-01 11:40:48{"name":"姚代平","account":"13088288923"}
2019-08-01 11:40:50[]
2019-08-01 11:40:50##
2019-08-01 11:40:53[]
2019-08-01 11:40:53##
2019-08-01 11:41:15{"text":"江苏省宿迁市泗阳县桃园小区，婷纸15190324299"}
2019-08-01 11:41:16{"mobile":"15190324299","name":"婷纸"}
2019-08-01 11:41:21{"mobile":"15190324299","name":"婷纸"}
2019-08-01 11:41:22{"city":"江苏省 宿迁市 泗阳县","num":"37","addr":"桃园小区","mobile":"15190324299","name":"婷纸"}
2019-08-01 11:41:25[]
2019-08-01 11:41:25##
2019-08-01 11:41:28{"p":"1","size":"30","keywords":""}
2019-08-01 11:41:34{"ids":"11488"}
2019-08-01 11:41:38{"p":"1","size":"30","keywords":""}
2019-08-01 11:41:42{"id":"11488","p":"1","size":"15","status":"1"}
2019-08-01 11:41:44{"p":"1","size":"30"}
2019-08-01 11:41:55[]
2019-08-01 11:41:55##
2019-08-01 11:42:01{"p":"1","size":"30","keywords":""}
2019-08-01 11:42:04{"id":"11510","p":"1","size":"15","status":"0"}
2019-08-01 11:42:07[]
2019-08-01 11:42:07##
2019-08-01 11:42:08[]
2019-08-01 11:42:08##
2019-08-01 11:42:14{"ids":"286568"}
2019-08-01 11:42:15{"ids":"286568","id":"11510"}
2019-08-01 11:42:18{"id":"11510","p":"1","size":"15","status":"0"}
2019-08-01 11:42:22{"id":"11510","p":"1","size":"15","status":"1"}
2019-08-01 11:42:36{"p":"1","size":"30","keywords":""}
2019-08-01 11:42:47[]
2019-08-01 11:42:47##
2019-08-01 11:42:51{"p":"1","size":"15"}
2019-08-01 11:42:56{"type":"use"}
2019-08-01 11:42:58{"p":"1","size":"15"}
2019-08-01 11:43:04[]
2019-08-01 11:43:04##
2019-08-01 11:43:04[]
2019-08-01 11:43:04##
2019-08-01 11:43:06[]
2019-08-01 11:43:06##
2019-08-01 11:43:06{"p":"1","size":"30","keywords":""}
2019-08-01 11:43:12{"ids":"11485,11488"}
2019-08-01 11:43:15[]
2019-08-01 11:43:15##
2019-08-01 11:43:16[]
2019-08-01 11:43:16##
2019-08-01 11:43:17[]
2019-08-01 11:43:17##
2019-08-01 11:43:31{"p":"1","size":"30"}
2019-08-01 11:43:33[]
2019-08-01 11:43:33##
2019-08-01 11:43:33[]
2019-08-01 11:43:33##
2019-08-01 11:43:48{"mobile":"13550758258","name":"胡华丽"}
2019-08-01 11:43:54{"name":"曹霞","account":"15084744431"}
2019-08-01 11:44:01[]
2019-08-01 11:44:01##
2019-08-01 11:44:02[]
2019-08-01 11:44:02##
2019-08-01 11:44:20{"mobile":"13550758258","name":"胡华丽"}
2019-08-01 11:44:34{"city":"四川省 自贡市 贡井区","num":"38","addr":"龙潭镇新民街117号","mobile":"13550758258","name":"胡华丽"}
2019-08-01 11:44:38[]
2019-08-01 11:44:38##
2019-08-01 11:44:43{"p":"1","size":"30","keywords":""}
2019-08-01 11:44:46{"ids":"11481,11538,11532,11531,11518,11510,11508,11507"}
2019-08-01 11:44:52{"p":"1","size":"30","keywords":""}
2019-08-01 11:45:27[]
2019-08-01 11:45:27##
2019-08-01 11:45:28[]
2019-08-01 11:45:28##
2019-08-01 11:45:38[]
2019-08-01 11:45:38##
2019-08-01 11:45:40{"p":"1","size":"30"}
2019-08-01 11:45:44[]
2019-08-01 11:45:44##
2019-08-01 11:45:45{"p":"1","size":"15"}
2019-08-01 11:45:46{"name":"陈娟","account":"13107289955"}
2019-08-01 11:45:51[]
2019-08-01 11:45:51##
2019-08-01 11:45:52[]
2019-08-01 11:45:52##
2019-08-01 11:45:52[]
2019-08-01 11:45:52##
2019-08-01 11:46:22{"p":"1","size":"30","keywords":""}
2019-08-01 11:46:25{"id":"11525","p":"1","size":"15","status":"1"}
2019-08-01 11:46:27{"p":"1","size":"30","keywords":""}
2019-08-01 11:46:28[]
2019-08-01 11:46:28##
2019-08-01 11:50:25{"id":"11507","p":"1","size":"15","status":"1"}
2019-08-01 11:50:37{"id":"11507","p":"1","size":"15","status":"2"}
2019-08-01 11:51:20[]
2019-08-01 11:51:20##
2019-08-01 11:51:24[]
2019-08-01 11:51:24##
2019-08-01 11:51:57{"mobile":"15973849466","name":"李方玉"}
2019-08-01 11:52:23{"mobile":"15973849466","name":"李方玉"}
2019-08-01 11:52:37{"city":"湖南省 娄底市 涟源市","num":"37","addr":"七星街镇同方村","mobile":"15973849466","name":"李方玉"}
2019-08-01 11:52:41[]
2019-08-01 11:52:41##
2019-08-01 11:52:44{"p":"1","size":"30","keywords":""}
2019-08-01 11:52:49[]
2019-08-01 11:52:49##
2019-08-01 11:52:50[]
2019-08-01 11:52:50##
2019-08-01 11:52:54{"p":"1","size":"30","keywords":""}
2019-08-01 11:52:59{"ids":"11480"}
2019-08-01 11:53:20{"p":"1","size":"30","keywords":""}
2019-08-01 11:59:08[]
2019-08-01 11:59:08##
2019-08-01 11:59:42[]
2019-08-01 11:59:42##
2019-08-01 12:00:00{"type":"use","pass":"816038","account":"13088288923"}
2019-08-01 12:00:03[]
2019-08-01 12:00:03##
2019-08-01 12:00:16[]
2019-08-01 12:00:16##
2019-08-01 12:00:16[]
2019-08-01 12:00:16##
2019-08-01 12:00:17[]
2019-08-01 12:00:17##
2019-08-01 12:07:00[]
2019-08-01 12:07:00##
2019-08-01 12:25:24[]
2019-08-01 12:25:24##
2019-08-01 12:44:21[]
2019-08-01 12:44:21##
2019-08-01 12:44:26[]
2019-08-01 12:44:26##
2019-08-01 12:44:29{"type":"use"}
2019-08-01 12:44:30[]
2019-08-01 12:44:30##
2019-08-01 12:44:35{"type":"use"}
2019-08-01 12:44:35[]
2019-08-01 12:44:35##
2019-08-01 13:42:51[]
2019-08-01 13:42:51##
2019-08-01 14:17:54{"p":"1","size":"30","keywords":""}
2019-08-01 14:17:56[]
2019-08-01 14:17:56##
2019-08-01 14:18:17{"name":"龚秀英","account":"18069306263"}
2019-08-01 14:24:45{"name":"李英","account":"15182610752"}
2019-08-01 14:33:47[]
2019-08-01 14:33:47##
2019-08-01 14:34:45[]
2019-08-01 14:34:45##
2019-08-01 14:34:57{"type":"use","pass":"894152","account":"15182610752"}
2019-08-01 14:35:01[]
2019-08-01 14:35:01##
2019-08-01 14:35:42[]
2019-08-01 14:35:42##
2019-08-01 14:35:43[]
2019-08-01 14:35:43##
2019-08-01 14:35:50{"type":"use"}
2019-08-01 14:35:55{"type":"use"}
2019-08-01 14:35:55[]
2019-08-01 14:35:55##
2019-08-01 14:35:55[]
2019-08-01 14:35:55##
2019-08-01 14:35:56[]
2019-08-01 14:35:56##
2019-08-01 14:40:49[]
2019-08-01 14:40:49##
2019-08-01 14:40:50[]
2019-08-01 14:40:50##
2019-08-01 14:41:13{"name":"李英","account":"15182610752"}
2019-08-01 14:41:15{"name":"李英","account":"15182610752"}
2019-08-01 14:41:31[]
2019-08-01 14:41:31##
2019-08-01 14:41:32[]
2019-08-01 14:41:32##
2019-08-01 14:41:44{"p":"1","size":"30","keywords":""}
2019-08-01 14:42:35[]
2019-08-01 14:42:35##
2019-08-01 14:42:53{"type":"use","pass":"894152","account":"15182610752"}
2019-08-01 14:42:56[]
2019-08-01 14:42:56##
2019-08-01 14:43:01{"p":"1","size":"30","keywords":""}
2019-08-01 14:43:03[]
2019-08-01 14:43:03##
2019-08-01 14:43:05{"p":"1","size":"15"}
2019-08-01 14:43:25[]
2019-08-01 14:43:25##
2019-08-01 14:43:31[]
2019-08-01 14:43:31##
2019-08-01 14:43:31[]
2019-08-01 14:43:31##
2019-08-01 14:43:35[]
2019-08-01 14:43:35##
2019-08-01 14:43:36[]
2019-08-01 14:43:36##
2019-08-01 14:43:37[]
2019-08-01 14:43:37##
2019-08-01 14:43:37[]
2019-08-01 14:43:37##
2019-08-01 14:43:41[]
2019-08-01 14:43:41##
2019-08-01 14:43:42[]
2019-08-01 14:43:42##
2019-08-01 14:43:45[]
2019-08-01 14:43:45##
2019-08-01 14:43:49{"p":"1","size":"30","keywords":""}
2019-08-01 14:43:50[]
2019-08-01 14:43:50##
2019-08-01 14:43:52{"p":"1","size":"30","keywords":""}
2019-08-01 14:43:58[]
2019-08-01 14:43:58##
2019-08-01 16:26:58[]
2019-08-01 16:26:58##
2019-08-01 16:27:14[]
2019-08-01 16:27:14##
2019-08-01 16:36:11[]
2019-08-01 16:36:11##
2019-08-01 16:36:23[]
2019-08-01 16:36:23##
2019-08-01 16:36:36[]
2019-08-01 16:36:36##
2019-08-01 16:36:47[]
2019-08-01 16:36:47##
2019-08-01 16:36:49[]
2019-08-01 16:36:49##
2019-08-01 16:36:58{"type":"use","pass":"544757","account":"15084744431"}
2019-08-01 16:37:02[]
2019-08-01 16:37:02##
2019-08-01 16:37:18[]
2019-08-01 16:37:18##
2019-08-01 16:40:38[]
2019-08-01 16:40:38##
2019-08-01 16:40:39[]
2019-08-01 16:40:39##
2019-08-01 16:40:41{"p":"1","size":"30","keywords":""}
2019-08-01 16:40:50[]
2019-08-01 16:40:50##
2019-08-01 16:40:51{"p":"1","size":"30"}
2019-08-01 16:41:06[]
2019-08-01 16:41:06##
2019-08-01 16:41:13[]
2019-08-01 16:41:13##
2019-08-01 16:41:14[]
2019-08-01 16:41:14##
2019-08-01 16:42:32[]
2019-08-01 16:42:32##
2019-08-01 16:42:36[]
2019-08-01 16:42:36##
2019-08-01 16:42:36[]
2019-08-01 16:42:36##
2019-08-01 16:42:38[]
2019-08-01 16:42:38##
2019-08-01 16:43:17{"mobile":"15084744431","name":"曹霞"}
2019-08-01 16:43:57{"mobile":"15084744431","name":"曹霞"}
2019-08-01 16:43:58{"city":"湖南省 长沙市 岳麓区","num":"36","addr":"南园路箭弓山二期14栋5号","mobile":"15084744431","name":"曹霞"}
2019-08-01 16:44:01[]
2019-08-01 16:44:01##
2019-08-01 16:50:28[]
2019-08-01 16:50:28##
2019-08-01 16:50:29[]
2019-08-01 16:50:29##
2019-08-01 16:50:32{"p":"1","size":"30","keywords":""}
2019-08-01 16:50:46[]
2019-08-01 16:50:46##
2019-08-01 16:50:46[]
2019-08-01 16:50:46##
2019-08-01 16:50:47[]
2019-08-01 16:50:47##
2019-08-01 16:50:47[]
2019-08-01 16:50:47##
2019-08-01 16:50:49{"p":"1","size":"30"}
2019-08-01 16:50:52[]
2019-08-01 16:50:52##
2019-08-01 16:50:54[]
2019-08-01 16:50:54##
2019-08-01 16:50:55[]
2019-08-01 16:50:55##
2019-08-01 18:17:31[]
2019-08-01 18:17:31##
2019-08-01 19:28:35[]
2019-08-01 19:28:35##
2019-08-01 19:28:54{"type":"use","pass":"198972","account":"18890161672"}
2019-08-01 19:28:57[]
2019-08-01 19:28:57##
2019-08-01 19:29:00{"p":"1","size":"30","keywords":""}
2019-08-01 19:29:06[]
2019-08-01 19:29:06##
2019-08-01 19:29:07{"p":"1","size":"30"}
2019-08-01 19:29:12[]
2019-08-01 19:29:12##
2019-08-01 19:29:13{"p":"1","size":"30","keywords":""}
2019-08-01 19:29:14{"ids":"11473,11517,11516,11509,11505,11504,11503,11500,11499,11498,11494,11485,11484,11483,11482,11481,11478,11477,11475,11474"}
2019-08-01 19:29:18{"p":"1","size":"30","keywords":""}
2019-08-01 19:29:25{"id":"11485","p":"1","size":"15","status":"1"}
2019-08-01 19:29:30{"ids":"286576"}
2019-08-01 19:29:31{"ids":"286576","id":"11485"}
2019-08-01 19:29:33{"id":"11485","p":"1","size":"15","status":"1"}
2019-08-01 19:29:35{"p":"1","size":"30","keywords":""}
2019-08-01 19:29:37[]
2019-08-01 19:29:37##
2019-08-01 19:29:37[]
2019-08-01 19:29:37##
2019-08-01 19:29:40{"p":"1","size":"30","keywords":""}
2019-08-01 19:29:43{"ids":"11473,11517,11516,11509,11505,11504,11503,11500,11499,11498,11494,11485,11484,11483,11482,11481,11478,11477,11475,11474"}
2019-08-01 19:29:46{"p":"1","size":"30","keywords":""}
2019-08-01 19:29:46[]
2019-08-01 19:29:46##
2019-08-01 19:29:47{"p":"1","size":"30"}
2019-08-01 19:29:49[]
2019-08-01 19:29:49##
2019-08-01 19:29:51{"p":"1","size":"30","keywords":""}
2019-08-01 19:38:23[]
2019-08-01 19:38:23##
2019-08-01 19:38:25[]
2019-08-01 19:38:25##
2019-08-01 23:44:52[]
2019-08-01 23:44:52##
